[2.967s] Invoking command in '/home/ali/kiosk_toolbox/src/odometry_calculator': PYTHONPATH=/home/ali/kiosk_toolbox/build/odometry_calculator/prefix_override:/usr/lib/python3/dist-packages/colcon_core/task/python/colcon_distutils_commands:/home/ali/kiosk_toolbox/install/odometry_calculator/lib/python3.10/site-packages:${PYTHONPATH} /usr/bin/python3 -W ignore:setup.py install is deprecated -W ignore:easy_install command is deprecated setup.py egg_info --egg-base ../../build/odometry_calculator build --build-base /home/ali/kiosk_toolbox/build/odometry_calculator/build install --record /home/ali/kiosk_toolbox/build/odometry_calculator/install.log --single-version-externally-managed install_data
[4.452s] running egg_info
[4.574s] writing ../../build/odometry_calculator/odometry_calculator.egg-info/PKG-INFO
[4.574s] writing dependency_links to ../../build/odometry_calculator/odometry_calculator.egg-info/dependency_links.txt
[4.575s] writing entry points to ../../build/odometry_calculator/odometry_calculator.egg-info/entry_points.txt
[4.575s] writing requirements to ../../build/odometry_calculator/odometry_calculator.egg-info/requires.txt
[4.575s] writing top-level names to ../../build/odometry_calculator/odometry_calculator.egg-info/top_level.txt
[4.619s] reading manifest file '../../build/odometry_calculator/odometry_calculator.egg-info/SOURCES.txt'
[4.620s] writing manifest file '../../build/odometry_calculator/odometry_calculator.egg-info/SOURCES.txt'
[4.620s] running build
[4.620s] running build_py
[4.620s] running install
[4.624s] running install_lib
[4.646s] running install_data
[4.646s] running install_egg_info
[4.668s] removing '/home/ali/kiosk_toolbox/install/odometry_calculator/lib/python3.10/site-packages/odometry_calculator-0.0.0-py3.10.egg-info' (and everything under it)
[4.668s] Copying ../../build/odometry_calculator/odometry_calculator.egg-info to /home/ali/kiosk_toolbox/install/odometry_calculator/lib/python3.10/site-packages/odometry_calculator-0.0.0-py3.10.egg-info
[4.669s] running install_scripts
[4.757s] Installing odometry_calculator script to /home/ali/kiosk_toolbox/install/odometry_calculator/lib/odometry_calculator
[4.757s] writing list of installed files to '/home/ali/kiosk_toolbox/build/odometry_calculator/install.log'
[4.787s] Invoked command in '/home/ali/kiosk_toolbox/src/odometry_calculator' returned '0': PYTHONPATH=/home/ali/kiosk_toolbox/build/odometry_calculator/prefix_override:/usr/lib/python3/dist-packages/colcon_core/task/python/colcon_distutils_commands:/home/ali/kiosk_toolbox/install/odometry_calculator/lib/python3.10/site-packages:${PYTHONPATH} /usr/bin/python3 -W ignore:setup.py install is deprecated -W ignore:easy_install command is deprecated setup.py egg_info --egg-base ../../build/odometry_calculator build --build-base /home/ali/kiosk_toolbox/build/odometry_calculator/build install --record /home/ali/kiosk_toolbox/build/odometry_calculator/install.log --single-version-externally-managed install_data
