[1.844s] Invoking command in '/home/ali/kiosk_toolbox/build/tortoisebot_navigation': CMAKE_PREFIX_PATH=${CMAKE_PREFIX_PATH}:/home/ali/kiosk_toolbox/install/tortoisebot_control:/home/ali/kiosk_toolbox/install/odometry_calculator:/home/ali/kiosk_toolbox/install/bno055:/home/ali/kiosk_toolbox/install/ali_rob:/home/ali/ros2_ws/install/flexbe_onboard:/home/ali/ros2_ws/install/flexbe_states:/home/ali/ros2_ws/install/flexbe_mirror:/home/ali/ros2_ws/install/flexbe_input:/home/ali/ros2_ws/install/flex_bt_flexbe_states:/home/ali/ros2_ws/install/flexbe_core:/home/ali/ros2_ws/install/flex_nav_pure_pursuit:/opt/ros/humble /usr/bin/cmake --build /home/ali/kiosk_toolbox/build/tortoisebot_navigation -- -j16 -l16
[2.026s] Invoked command in '/home/ali/kiosk_toolbox/build/tortoisebot_navigation' returned '0': CMAKE_PREFIX_PATH=${CMAKE_PREFIX_PATH}:/home/ali/kiosk_toolbox/install/tortoisebot_control:/home/ali/kiosk_toolbox/install/odometry_calculator:/home/ali/kiosk_toolbox/install/bno055:/home/ali/kiosk_toolbox/install/ali_rob:/home/ali/ros2_ws/install/flexbe_onboard:/home/ali/ros2_ws/install/flexbe_states:/home/ali/ros2_ws/install/flexbe_mirror:/home/ali/ros2_ws/install/flexbe_input:/home/ali/ros2_ws/install/flex_bt_flexbe_states:/home/ali/ros2_ws/install/flexbe_core:/home/ali/ros2_ws/install/flex_nav_pure_pursuit:/opt/ros/humble /usr/bin/cmake --build /home/ali/kiosk_toolbox/build/tortoisebot_navigation -- -j16 -l16
[2.027s] Invoking command in '/home/ali/kiosk_toolbox/build/tortoisebot_navigation': CMAKE_PREFIX_PATH=${CMAKE_PREFIX_PATH}:/home/ali/kiosk_toolbox/install/tortoisebot_control:/home/ali/kiosk_toolbox/install/odometry_calculator:/home/ali/kiosk_toolbox/install/bno055:/home/ali/kiosk_toolbox/install/ali_rob:/home/ali/ros2_ws/install/flexbe_onboard:/home/ali/ros2_ws/install/flexbe_states:/home/ali/ros2_ws/install/flexbe_mirror:/home/ali/ros2_ws/install/flexbe_input:/home/ali/ros2_ws/install/flex_bt_flexbe_states:/home/ali/ros2_ws/install/flexbe_core:/home/ali/ros2_ws/install/flex_nav_pure_pursuit:/opt/ros/humble /usr/bin/cmake --install /home/ali/kiosk_toolbox/build/tortoisebot_navigation
[2.070s] -- Install configuration: ""
[2.070s] -- Up-to-date: /home/ali/kiosk_toolbox/install/tortoisebot_navigation/share/tortoisebot_navigation/launch
[2.071s] -- Up-to-date: /home/ali/kiosk_toolbox/install/tortoisebot_navigation/share/tortoisebot_navigation/launch/navigation.launch.py
[2.071s] -- Up-to-date: /home/ali/kiosk_toolbox/install/tortoisebot_navigation/share/tortoisebot_navigation/config
[2.071s] -- Installing: /home/ali/kiosk_toolbox/install/tortoisebot_navigation/share/tortoisebot_navigation/config/nav2_params_robot.yaml
[2.071s] -- Up-to-date: /home/ali/kiosk_toolbox/install/tortoisebot_navigation/share/tortoisebot_navigation/config/nav2_params_simulation.yaml
[2.071s] -- Up-to-date: /home/ali/kiosk_toolbox/install/tortoisebot_navigation/share/ament_index/resource_index/package_run_dependencies/tortoisebot_navigation
[2.071s] -- Up-to-date: /home/ali/kiosk_toolbox/install/tortoisebot_navigation/share/ament_index/resource_index/parent_prefix_path/tortoisebot_navigation
[2.071s] -- Up-to-date: /home/ali/kiosk_toolbox/install/tortoisebot_navigation/share/tortoisebot_navigation/environment/ament_prefix_path.sh
[2.071s] -- Up-to-date: /home/ali/kiosk_toolbox/install/tortoisebot_navigation/share/tortoisebot_navigation/environment/ament_prefix_path.dsv
[2.071s] -- Up-to-date: /home/ali/kiosk_toolbox/install/tortoisebot_navigation/share/tortoisebot_navigation/environment/path.sh
[2.071s] -- Up-to-date: /home/ali/kiosk_toolbox/install/tortoisebot_navigation/share/tortoisebot_navigation/environment/path.dsv
[2.071s] -- Up-to-date: /home/ali/kiosk_toolbox/install/tortoisebot_navigation/share/tortoisebot_navigation/local_setup.bash
[2.071s] -- Up-to-date: /home/ali/kiosk_toolbox/install/tortoisebot_navigation/share/tortoisebot_navigation/local_setup.sh
[2.072s] -- Up-to-date: /home/ali/kiosk_toolbox/install/tortoisebot_navigation/share/tortoisebot_navigation/local_setup.zsh
[2.072s] -- Up-to-date: /home/ali/kiosk_toolbox/install/tortoisebot_navigation/share/tortoisebot_navigation/local_setup.dsv
[2.072s] -- Installing: /home/ali/kiosk_toolbox/install/tortoisebot_navigation/share/tortoisebot_navigation/package.dsv
[2.072s] -- Up-to-date: /home/ali/kiosk_toolbox/install/tortoisebot_navigation/share/ament_index/resource_index/packages/tortoisebot_navigation
[2.072s] -- Up-to-date: /home/ali/kiosk_toolbox/install/tortoisebot_navigation/share/tortoisebot_navigation/cmake/tortoisebot_navigationConfig.cmake
[2.072s] -- Up-to-date: /home/ali/kiosk_toolbox/install/tortoisebot_navigation/share/tortoisebot_navigation/cmake/tortoisebot_navigationConfig-version.cmake
[2.072s] -- Up-to-date: /home/ali/kiosk_toolbox/install/tortoisebot_navigation/share/tortoisebot_navigation/package.xml
[2.105s] Invoked command in '/home/ali/kiosk_toolbox/build/tortoisebot_navigation' returned '0': CMAKE_PREFIX_PATH=${CMAKE_PREFIX_PATH}:/home/ali/kiosk_toolbox/install/tortoisebot_control:/home/ali/kiosk_toolbox/install/odometry_calculator:/home/ali/kiosk_toolbox/install/bno055:/home/ali/kiosk_toolbox/install/ali_rob:/home/ali/ros2_ws/install/flexbe_onboard:/home/ali/ros2_ws/install/flexbe_states:/home/ali/ros2_ws/install/flexbe_mirror:/home/ali/ros2_ws/install/flexbe_input:/home/ali/ros2_ws/install/flex_bt_flexbe_states:/home/ali/ros2_ws/install/flexbe_core:/home/ali/ros2_ws/install/flex_nav_pure_pursuit:/opt/ros/humble /usr/bin/cmake --install /home/ali/kiosk_toolbox/build/tortoisebot_navigation
