[1.805s] Invoking command in '/home/ali/kiosk_toolbox/build/tortoisebot_navigation': CMAKE_PREFIX_PATH=${CMAKE_PREFIX_PATH}:/home/ali/ros2_ws/install/flexbe_onboard:/home/ali/ros2_ws/install/flexbe_states:/home/ali/ros2_ws/install/flexbe_mirror:/home/ali/ros2_ws/install/flexbe_input:/home/ali/ros2_ws/install/flex_bt_flexbe_states:/home/ali/ros2_ws/install/flexbe_core:/home/ali/ros2_ws/install/flex_nav_pure_pursuit:/opt/ros/humble /usr/bin/cmake --build /home/ali/kiosk_toolbox/build/tortoisebot_navigation -- -j16 -l16
[1.922s] Invoked command in '/home/ali/kiosk_toolbox/build/tortoisebot_navigation' returned '0': CMAKE_PREFIX_PATH=${CMAKE_PREFIX_PATH}:/home/ali/ros2_ws/install/flexbe_onboard:/home/ali/ros2_ws/install/flexbe_states:/home/ali/ros2_ws/install/flexbe_mirror:/home/ali/ros2_ws/install/flexbe_input:/home/ali/ros2_ws/install/flex_bt_flexbe_states:/home/ali/ros2_ws/install/flexbe_core:/home/ali/ros2_ws/install/flex_nav_pure_pursuit:/opt/ros/humble /usr/bin/cmake --build /home/ali/kiosk_toolbox/build/tortoisebot_navigation -- -j16 -l16
[1.923s] Invoking command in '/home/ali/kiosk_toolbox/build/tortoisebot_navigation': CMAKE_PREFIX_PATH=${CMAKE_PREFIX_PATH}:/home/ali/ros2_ws/install/flexbe_onboard:/home/ali/ros2_ws/install/flexbe_states:/home/ali/ros2_ws/install/flexbe_mirror:/home/ali/ros2_ws/install/flexbe_input:/home/ali/ros2_ws/install/flex_bt_flexbe_states:/home/ali/ros2_ws/install/flexbe_core:/home/ali/ros2_ws/install/flex_nav_pure_pursuit:/opt/ros/humble /usr/bin/cmake --install /home/ali/kiosk_toolbox/build/tortoisebot_navigation
[1.985s] -- Install configuration: ""
[1.985s] -- Up-to-date: /home/ali/kiosk_toolbox/install/tortoisebot_navigation/share/tortoisebot_navigation/launch
[1.985s] -- Installing: /home/ali/kiosk_toolbox/install/tortoisebot_navigation/share/tortoisebot_navigation/launch/navigation.launch.py
[1.985s] -- Up-to-date: /home/ali/kiosk_toolbox/install/tortoisebot_navigation/share/tortoisebot_navigation/config
[1.985s] -- Up-to-date: /home/ali/kiosk_toolbox/install/tortoisebot_navigation/share/tortoisebot_navigation/config/nav2_params_robot.yaml
[1.985s] -- Up-to-date: /home/ali/kiosk_toolbox/install/tortoisebot_navigation/share/tortoisebot_navigation/config/nav2_params_simulation.yaml
[1.986s] -- Up-to-date: /home/ali/kiosk_toolbox/install/tortoisebot_navigation/share/ament_index/resource_index/package_run_dependencies/tortoisebot_navigation
[1.986s] -- Up-to-date: /home/ali/kiosk_toolbox/install/tortoisebot_navigation/share/ament_index/resource_index/parent_prefix_path/tortoisebot_navigation
[1.986s] -- Up-to-date: /home/ali/kiosk_toolbox/install/tortoisebot_navigation/share/tortoisebot_navigation/environment/ament_prefix_path.sh
[1.986s] -- Up-to-date: /home/ali/kiosk_toolbox/install/tortoisebot_navigation/share/tortoisebot_navigation/environment/ament_prefix_path.dsv
[1.986s] -- Up-to-date: /home/ali/kiosk_toolbox/install/tortoisebot_navigation/share/tortoisebot_navigation/environment/path.sh
[1.986s] -- Up-to-date: /home/ali/kiosk_toolbox/install/tortoisebot_navigation/share/tortoisebot_navigation/environment/path.dsv
[1.986s] -- Up-to-date: /home/ali/kiosk_toolbox/install/tortoisebot_navigation/share/tortoisebot_navigation/local_setup.bash
[1.986s] -- Up-to-date: /home/ali/kiosk_toolbox/install/tortoisebot_navigation/share/tortoisebot_navigation/local_setup.sh
[1.986s] -- Up-to-date: /home/ali/kiosk_toolbox/install/tortoisebot_navigation/share/tortoisebot_navigation/local_setup.zsh
[1.986s] -- Up-to-date: /home/ali/kiosk_toolbox/install/tortoisebot_navigation/share/tortoisebot_navigation/local_setup.dsv
[1.986s] -- Installing: /home/ali/kiosk_toolbox/install/tortoisebot_navigation/share/tortoisebot_navigation/package.dsv
[1.987s] -- Up-to-date: /home/ali/kiosk_toolbox/install/tortoisebot_navigation/share/ament_index/resource_index/packages/tortoisebot_navigation
[1.987s] -- Up-to-date: /home/ali/kiosk_toolbox/install/tortoisebot_navigation/share/tortoisebot_navigation/cmake/tortoisebot_navigationConfig.cmake
[1.987s] -- Up-to-date: /home/ali/kiosk_toolbox/install/tortoisebot_navigation/share/tortoisebot_navigation/cmake/tortoisebot_navigationConfig-version.cmake
[1.987s] -- Up-to-date: /home/ali/kiosk_toolbox/install/tortoisebot_navigation/share/tortoisebot_navigation/package.xml
[2.025s] Invoked command in '/home/ali/kiosk_toolbox/build/tortoisebot_navigation' returned '0': CMAKE_PREFIX_PATH=${CMAKE_PREFIX_PATH}:/home/ali/ros2_ws/install/flexbe_onboard:/home/ali/ros2_ws/install/flexbe_states:/home/ali/ros2_ws/install/flexbe_mirror:/home/ali/ros2_ws/install/flexbe_input:/home/ali/ros2_ws/install/flex_bt_flexbe_states:/home/ali/ros2_ws/install/flexbe_core:/home/ali/ros2_ws/install/flex_nav_pure_pursuit:/opt/ros/humble /usr/bin/cmake --install /home/ali/kiosk_toolbox/build/tortoisebot_navigation
