[0.093s] Invoking command in '/home/ali/kiosk_toolbox/build/zlac8015d_serial': AMENT_PREFIX_PATH=/home/ali/kiosk_toolbox/install/serial:${AMENT_PREFIX_PATH} CMAKE_PREFIX_PATH=/home/ali/kiosk_toolbox/install/serial:/home/ali/DRL_AMR/install/turtlebot3_simulations:/home/ali/DRL_AMR/install/turtlebot3_gazebo:/home/ali/ros2_ws/install/flexible_navigation:/home/ali/ros2_ws/install/flex_bt_turtlebot_demo:/home/ali/ros2_ws/install/flex_bt_turtlebot_demo_bringup:/home/ali/ros2_ws/install/flexible_behavior_trees:/home/ali/ros2_ws/install/flexbe_behavior_engine:/home/ali/ros2_ws/install/flexbe_app:/home/ali/ros2_ws/install/flexbe_widget:/home/ali/ros2_ws/install/flex_bt_turtlebot_demo_flexbe_behaviors:/home/ali/ros2_ws/install/flexbe_testing:/home/ali/ros2_ws/install/flex_nav_flexbe_states:/home/ali/ros2_ws/install/flex_bt_turtlebot_demo_flexbe_states:/home/ali/ros2_ws/install/flexbe_msgs:/home/ali/ros2_ws/install/flex_nav_planners:/home/ali/ros2_ws/install/flex_nav_controllers:/home/ali/ros2_ws/install/flex_nav_common:/home/ali/ros2_ws/install/flex_nav_behaviors:/home/ali/ros2_ws/install/flex_bt_turtlebot_demo_bt:/home/ali/ros2_ws/install/flex_bt_server:/home/ali/ros2_ws/install/flex_bt_msgs:/home/ali/ros2_ws/install/flex_bt_engine:/opt/ros/humble/opt/openeb_vendor:/opt/ros/humble/opt/libcaer_vendor:/home/ali/ros2_ws/install/flexbe_onboard:/home/ali/ros2_ws/install/flexbe_states:/home/ali/ros2_ws/install/flexbe_mirror:/home/ali/ros2_ws/install/flexbe_input:/home/ali/ros2_ws/install/flex_bt_flexbe_states:/home/ali/ros2_ws/install/flexbe_core:/home/ali/ros2_ws/install/flex_nav_pure_pursuit:/opt/ros/humble LD_LIBRARY_PATH=/home/ali/kiosk_toolbox/install/serial/lib:${LD_LIBRARY_PATH} /usr/bin/cmake --build /home/ali/kiosk_toolbox/build/zlac8015d_serial -- -j16 -l16
[0.148s] [35m[1mConsolidate compiler generated dependencies of target zlac_run[0m
[0.166s] [ 18%] Built target zlac8015d
[0.166s] [ 45%] Built target example
[0.168s] [ 72%] Built target zlac_run_dummy
[0.175s] [100%] Built target zlac_run
[0.219s] Invoked command in '/home/ali/kiosk_toolbox/build/zlac8015d_serial' returned '0': AMENT_PREFIX_PATH=/home/ali/kiosk_toolbox/install/serial:${AMENT_PREFIX_PATH} CMAKE_PREFIX_PATH=/home/ali/kiosk_toolbox/install/serial:/home/ali/DRL_AMR/install/turtlebot3_simulations:/home/ali/DRL_AMR/install/turtlebot3_gazebo:/home/ali/ros2_ws/install/flexible_navigation:/home/ali/ros2_ws/install/flex_bt_turtlebot_demo:/home/ali/ros2_ws/install/flex_bt_turtlebot_demo_bringup:/home/ali/ros2_ws/install/flexible_behavior_trees:/home/ali/ros2_ws/install/flexbe_behavior_engine:/home/ali/ros2_ws/install/flexbe_app:/home/ali/ros2_ws/install/flexbe_widget:/home/ali/ros2_ws/install/flex_bt_turtlebot_demo_flexbe_behaviors:/home/ali/ros2_ws/install/flexbe_testing:/home/ali/ros2_ws/install/flex_nav_flexbe_states:/home/ali/ros2_ws/install/flex_bt_turtlebot_demo_flexbe_states:/home/ali/ros2_ws/install/flexbe_msgs:/home/ali/ros2_ws/install/flex_nav_planners:/home/ali/ros2_ws/install/flex_nav_controllers:/home/ali/ros2_ws/install/flex_nav_common:/home/ali/ros2_ws/install/flex_nav_behaviors:/home/ali/ros2_ws/install/flex_bt_turtlebot_demo_bt:/home/ali/ros2_ws/install/flex_bt_server:/home/ali/ros2_ws/install/flex_bt_msgs:/home/ali/ros2_ws/install/flex_bt_engine:/opt/ros/humble/opt/openeb_vendor:/opt/ros/humble/opt/libcaer_vendor:/home/ali/ros2_ws/install/flexbe_onboard:/home/ali/ros2_ws/install/flexbe_states:/home/ali/ros2_ws/install/flexbe_mirror:/home/ali/ros2_ws/install/flexbe_input:/home/ali/ros2_ws/install/flex_bt_flexbe_states:/home/ali/ros2_ws/install/flexbe_core:/home/ali/ros2_ws/install/flex_nav_pure_pursuit:/opt/ros/humble LD_LIBRARY_PATH=/home/ali/kiosk_toolbox/install/serial/lib:${LD_LIBRARY_PATH} /usr/bin/cmake --build /home/ali/kiosk_toolbox/build/zlac8015d_serial -- -j16 -l16
[0.221s] Invoking command in '/home/ali/kiosk_toolbox/build/zlac8015d_serial': AMENT_PREFIX_PATH=/home/ali/kiosk_toolbox/install/serial:${AMENT_PREFIX_PATH} CMAKE_PREFIX_PATH=/home/ali/kiosk_toolbox/install/serial:/home/ali/DRL_AMR/install/turtlebot3_simulations:/home/ali/DRL_AMR/install/turtlebot3_gazebo:/home/ali/ros2_ws/install/flexible_navigation:/home/ali/ros2_ws/install/flex_bt_turtlebot_demo:/home/ali/ros2_ws/install/flex_bt_turtlebot_demo_bringup:/home/ali/ros2_ws/install/flexible_behavior_trees:/home/ali/ros2_ws/install/flexbe_behavior_engine:/home/ali/ros2_ws/install/flexbe_app:/home/ali/ros2_ws/install/flexbe_widget:/home/ali/ros2_ws/install/flex_bt_turtlebot_demo_flexbe_behaviors:/home/ali/ros2_ws/install/flexbe_testing:/home/ali/ros2_ws/install/flex_nav_flexbe_states:/home/ali/ros2_ws/install/flex_bt_turtlebot_demo_flexbe_states:/home/ali/ros2_ws/install/flexbe_msgs:/home/ali/ros2_ws/install/flex_nav_planners:/home/ali/ros2_ws/install/flex_nav_controllers:/home/ali/ros2_ws/install/flex_nav_common:/home/ali/ros2_ws/install/flex_nav_behaviors:/home/ali/ros2_ws/install/flex_bt_turtlebot_demo_bt:/home/ali/ros2_ws/install/flex_bt_server:/home/ali/ros2_ws/install/flex_bt_msgs:/home/ali/ros2_ws/install/flex_bt_engine:/opt/ros/humble/opt/openeb_vendor:/opt/ros/humble/opt/libcaer_vendor:/home/ali/ros2_ws/install/flexbe_onboard:/home/ali/ros2_ws/install/flexbe_states:/home/ali/ros2_ws/install/flexbe_mirror:/home/ali/ros2_ws/install/flexbe_input:/home/ali/ros2_ws/install/flex_bt_flexbe_states:/home/ali/ros2_ws/install/flexbe_core:/home/ali/ros2_ws/install/flex_nav_pure_pursuit:/opt/ros/humble LD_LIBRARY_PATH=/home/ali/kiosk_toolbox/install/serial/lib:${LD_LIBRARY_PATH} /usr/bin/cmake --install /home/ali/kiosk_toolbox/build/zlac8015d_serial
[0.231s] -- Install configuration: ""
[0.232s] -- Up-to-date: /home/ali/kiosk_toolbox/install/zlac8015d_serial/share/zlac8015d_serial/environment/library_path.sh
[0.232s] -- Up-to-date: /home/ali/kiosk_toolbox/install/zlac8015d_serial/share/zlac8015d_serial/environment/library_path.dsv
[0.232s] -- Up-to-date: /home/ali/kiosk_toolbox/install/zlac8015d_serial/include/include
[0.232s] -- Up-to-date: /home/ali/kiosk_toolbox/install/zlac8015d_serial/include/include/zlac8015d.h
[0.232s] -- Up-to-date: /home/ali/kiosk_toolbox/install/zlac8015d_serial/include/include/Comm
[0.232s] -- Up-to-date: /home/ali/kiosk_toolbox/install/zlac8015d_serial/include/include/Comm/crc_check.h
[0.233s] -- Up-to-date: /home/ali/kiosk_toolbox/install/zlac8015d_serial/lib/zlac8015d_serial/example
[0.234s] -- Up-to-date: /home/ali/kiosk_toolbox/install/zlac8015d_serial/lib/zlac8015d_serial/zlac_run
[0.234s] -- Up-to-date: /home/ali/kiosk_toolbox/install/zlac8015d_serial/lib/zlac8015d_serial/zlac_run_dummy
[0.235s] -- Up-to-date: /home/ali/kiosk_toolbox/install/zlac8015d_serial/lib/libzlac8015d.a
[0.235s] -- Up-to-date: /home/ali/kiosk_toolbox/install/zlac8015d_serial/share/ament_index/resource_index/package_run_dependencies/zlac8015d_serial
[0.235s] -- Up-to-date: /home/ali/kiosk_toolbox/install/zlac8015d_serial/share/ament_index/resource_index/parent_prefix_path/zlac8015d_serial
[0.235s] -- Up-to-date: /home/ali/kiosk_toolbox/install/zlac8015d_serial/share/zlac8015d_serial/environment/ament_prefix_path.sh
[0.235s] -- Up-to-date: /home/ali/kiosk_toolbox/install/zlac8015d_serial/share/zlac8015d_serial/environment/ament_prefix_path.dsv
[0.236s] -- Up-to-date: /home/ali/kiosk_toolbox/install/zlac8015d_serial/share/zlac8015d_serial/environment/path.sh
[0.236s] -- Up-to-date: /home/ali/kiosk_toolbox/install/zlac8015d_serial/share/zlac8015d_serial/environment/path.dsv
[0.236s] -- Up-to-date: /home/ali/kiosk_toolbox/install/zlac8015d_serial/share/zlac8015d_serial/local_setup.bash
[0.236s] -- Up-to-date: /home/ali/kiosk_toolbox/install/zlac8015d_serial/share/zlac8015d_serial/local_setup.sh
[0.236s] -- Up-to-date: /home/ali/kiosk_toolbox/install/zlac8015d_serial/share/zlac8015d_serial/local_setup.zsh
[0.236s] -- Up-to-date: /home/ali/kiosk_toolbox/install/zlac8015d_serial/share/zlac8015d_serial/local_setup.dsv
[0.236s] -- Installing: /home/ali/kiosk_toolbox/install/zlac8015d_serial/share/zlac8015d_serial/package.dsv
[0.237s] -- Up-to-date: /home/ali/kiosk_toolbox/install/zlac8015d_serial/share/ament_index/resource_index/packages/zlac8015d_serial
[0.238s] -- Up-to-date: /home/ali/kiosk_toolbox/install/zlac8015d_serial/share/zlac8015d_serial/cmake/zlac8015dExport.cmake
[0.238s] -- Up-to-date: /home/ali/kiosk_toolbox/install/zlac8015d_serial/share/zlac8015d_serial/cmake/zlac8015dExport-noconfig.cmake
[0.239s] -- Up-to-date: /home/ali/kiosk_toolbox/install/zlac8015d_serial/share/zlac8015d_serial/cmake/ament_cmake_export_targets-extras.cmake
[0.239s] -- Up-to-date: /home/ali/kiosk_toolbox/install/zlac8015d_serial/share/zlac8015d_serial/cmake/zlac8015d_serialConfig.cmake
[0.239s] -- Up-to-date: /home/ali/kiosk_toolbox/install/zlac8015d_serial/share/zlac8015d_serial/cmake/zlac8015d_serialConfig-version.cmake
[0.239s] -- Up-to-date: /home/ali/kiosk_toolbox/install/zlac8015d_serial/share/zlac8015d_serial/package.xml
[0.246s] Invoked command in '/home/ali/kiosk_toolbox/build/zlac8015d_serial' returned '0': AMENT_PREFIX_PATH=/home/ali/kiosk_toolbox/install/serial:${AMENT_PREFIX_PATH} CMAKE_PREFIX_PATH=/home/ali/kiosk_toolbox/install/serial:/home/ali/DRL_AMR/install/turtlebot3_simulations:/home/ali/DRL_AMR/install/turtlebot3_gazebo:/home/ali/ros2_ws/install/flexible_navigation:/home/ali/ros2_ws/install/flex_bt_turtlebot_demo:/home/ali/ros2_ws/install/flex_bt_turtlebot_demo_bringup:/home/ali/ros2_ws/install/flexible_behavior_trees:/home/ali/ros2_ws/install/flexbe_behavior_engine:/home/ali/ros2_ws/install/flexbe_app:/home/ali/ros2_ws/install/flexbe_widget:/home/ali/ros2_ws/install/flex_bt_turtlebot_demo_flexbe_behaviors:/home/ali/ros2_ws/install/flexbe_testing:/home/ali/ros2_ws/install/flex_nav_flexbe_states:/home/ali/ros2_ws/install/flex_bt_turtlebot_demo_flexbe_states:/home/ali/ros2_ws/install/flexbe_msgs:/home/ali/ros2_ws/install/flex_nav_planners:/home/ali/ros2_ws/install/flex_nav_controllers:/home/ali/ros2_ws/install/flex_nav_common:/home/ali/ros2_ws/install/flex_nav_behaviors:/home/ali/ros2_ws/install/flex_bt_turtlebot_demo_bt:/home/ali/ros2_ws/install/flex_bt_server:/home/ali/ros2_ws/install/flex_bt_msgs:/home/ali/ros2_ws/install/flex_bt_engine:/opt/ros/humble/opt/openeb_vendor:/opt/ros/humble/opt/libcaer_vendor:/home/ali/ros2_ws/install/flexbe_onboard:/home/ali/ros2_ws/install/flexbe_states:/home/ali/ros2_ws/install/flexbe_mirror:/home/ali/ros2_ws/install/flexbe_input:/home/ali/ros2_ws/install/flex_bt_flexbe_states:/home/ali/ros2_ws/install/flexbe_core:/home/ali/ros2_ws/install/flex_nav_pure_pursuit:/opt/ros/humble LD_LIBRARY_PATH=/home/ali/kiosk_toolbox/install/serial/lib:${LD_LIBRARY_PATH} /usr/bin/cmake --install /home/ali/kiosk_toolbox/build/zlac8015d_serial
