[4.934s] Invoking command in '/home/ali/kiosk_toolbox/src/bno055-main': PYTHONPATH=/home/ali/kiosk_toolbox/build/bno055/prefix_override:/usr/lib/python3/dist-packages/colcon_core/task/python/colcon_distutils_commands:/home/ali/kiosk_toolbox/install/bno055/lib/python3.10/site-packages:${PYTHONPATH} /usr/bin/python3 -W ignore:setup.py install is deprecated -W ignore:easy_install command is deprecated setup.py egg_info --egg-base ../../build/bno055 build --build-base /home/ali/kiosk_toolbox/build/bno055/build install --record /home/ali/kiosk_toolbox/build/bno055/install.log --single-version-externally-managed install_data
[7.349s] running egg_info
[7.351s] creating ../../build/bno055/bno055.egg-info
[7.423s] writing ../../build/bno055/bno055.egg-info/PKG-INFO
[7.424s] writing dependency_links to ../../build/bno055/bno055.egg-info/dependency_links.txt
[7.424s] writing entry points to ../../build/bno055/bno055.egg-info/entry_points.txt
[7.425s] writing requirements to ../../build/bno055/bno055.egg-info/requires.txt
[7.425s] writing top-level names to ../../build/bno055/bno055.egg-info/top_level.txt
[7.427s] writing manifest file '../../build/bno055/bno055.egg-info/SOURCES.txt'
[7.619s] reading manifest file '../../build/bno055/bno055.egg-info/SOURCES.txt'
[7.619s] adding license file 'LICENSE'
[7.619s] adding license file 'AUTHORS'
[7.619s] writing manifest file '../../build/bno055/bno055.egg-info/SOURCES.txt'
[7.619s] running build
[7.619s] running build_py
[7.620s] creating /home/ali/kiosk_toolbox/build/bno055/build
[7.620s] creating /home/ali/kiosk_toolbox/build/bno055/build/lib
[7.620s] creating /home/ali/kiosk_toolbox/build/bno055/build/lib/bno055
[7.620s] copying bno055/__init__.py -> /home/ali/kiosk_toolbox/build/bno055/build/lib/bno055
[7.620s] copying bno055/bno055.py -> /home/ali/kiosk_toolbox/build/bno055/build/lib/bno055
[7.620s] copying bno055/registers.py -> /home/ali/kiosk_toolbox/build/bno055/build/lib/bno055
[7.620s] creating /home/ali/kiosk_toolbox/build/bno055/build/lib/bno055/params
[7.620s] copying bno055/params/__init__.py -> /home/ali/kiosk_toolbox/build/bno055/build/lib/bno055/params
[7.620s] copying bno055/params/NodeParameters.py -> /home/ali/kiosk_toolbox/build/bno055/build/lib/bno055/params
[7.620s] creating /home/ali/kiosk_toolbox/build/bno055/build/lib/bno055/error_handling
[7.620s] copying bno055/error_handling/exceptions.py -> /home/ali/kiosk_toolbox/build/bno055/build/lib/bno055/error_handling
[7.620s] copying bno055/error_handling/__init__.py -> /home/ali/kiosk_toolbox/build/bno055/build/lib/bno055/error_handling
[7.620s] creating /home/ali/kiosk_toolbox/build/bno055/build/lib/bno055/connectors
[7.620s] copying bno055/connectors/Connector.py -> /home/ali/kiosk_toolbox/build/bno055/build/lib/bno055/connectors
[7.620s] copying bno055/connectors/i2c.py -> /home/ali/kiosk_toolbox/build/bno055/build/lib/bno055/connectors
[7.620s] copying bno055/connectors/uart.py -> /home/ali/kiosk_toolbox/build/bno055/build/lib/bno055/connectors
[7.620s] copying bno055/connectors/__init__.py -> /home/ali/kiosk_toolbox/build/bno055/build/lib/bno055/connectors
[7.620s] creating /home/ali/kiosk_toolbox/build/bno055/build/lib/bno055/sensor
[7.620s] copying bno055/sensor/SensorService.py -> /home/ali/kiosk_toolbox/build/bno055/build/lib/bno055/sensor
[7.620s] copying bno055/sensor/__init__.py -> /home/ali/kiosk_toolbox/build/bno055/build/lib/bno055/sensor
[7.621s] running install
[7.626s] running install_lib
[7.714s] creating /home/ali/kiosk_toolbox/install/bno055/lib/python3.10/site-packages/bno055
[7.724s] creating /home/ali/kiosk_toolbox/install/bno055/lib/python3.10/site-packages/bno055/params
[7.728s] copying /home/ali/kiosk_toolbox/build/bno055/build/lib/bno055/params/__init__.py -> /home/ali/kiosk_toolbox/install/bno055/lib/python3.10/site-packages/bno055/params
[7.728s] copying /home/ali/kiosk_toolbox/build/bno055/build/lib/bno055/params/NodeParameters.py -> /home/ali/kiosk_toolbox/install/bno055/lib/python3.10/site-packages/bno055/params
[7.729s] creating /home/ali/kiosk_toolbox/install/bno055/lib/python3.10/site-packages/bno055/error_handling
[7.729s] copying /home/ali/kiosk_toolbox/build/bno055/build/lib/bno055/error_handling/exceptions.py -> /home/ali/kiosk_toolbox/install/bno055/lib/python3.10/site-packages/bno055/error_handling
[7.729s] copying /home/ali/kiosk_toolbox/build/bno055/build/lib/bno055/error_handling/__init__.py -> /home/ali/kiosk_toolbox/install/bno055/lib/python3.10/site-packages/bno055/error_handling
[7.729s] copying /home/ali/kiosk_toolbox/build/bno055/build/lib/bno055/registers.py -> /home/ali/kiosk_toolbox/install/bno055/lib/python3.10/site-packages/bno055
[7.729s] creating /home/ali/kiosk_toolbox/install/bno055/lib/python3.10/site-packages/bno055/connectors
[7.729s] copying /home/ali/kiosk_toolbox/build/bno055/build/lib/bno055/connectors/Connector.py -> /home/ali/kiosk_toolbox/install/bno055/lib/python3.10/site-packages/bno055/connectors
[7.729s] copying /home/ali/kiosk_toolbox/build/bno055/build/lib/bno055/connectors/i2c.py -> /home/ali/kiosk_toolbox/install/bno055/lib/python3.10/site-packages/bno055/connectors
[7.729s] copying /home/ali/kiosk_toolbox/build/bno055/build/lib/bno055/connectors/uart.py -> /home/ali/kiosk_toolbox/install/bno055/lib/python3.10/site-packages/bno055/connectors
[7.729s] copying /home/ali/kiosk_toolbox/build/bno055/build/lib/bno055/connectors/__init__.py -> /home/ali/kiosk_toolbox/install/bno055/lib/python3.10/site-packages/bno055/connectors
[7.729s] copying /home/ali/kiosk_toolbox/build/bno055/build/lib/bno055/__init__.py -> /home/ali/kiosk_toolbox/install/bno055/lib/python3.10/site-packages/bno055
[7.729s] creating /home/ali/kiosk_toolbox/install/bno055/lib/python3.10/site-packages/bno055/sensor
[7.729s] copying /home/ali/kiosk_toolbox/build/bno055/build/lib/bno055/sensor/SensorService.py -> /home/ali/kiosk_toolbox/install/bno055/lib/python3.10/site-packages/bno055/sensor
[7.730s] copying /home/ali/kiosk_toolbox/build/bno055/build/lib/bno055/sensor/__init__.py -> /home/ali/kiosk_toolbox/install/bno055/lib/python3.10/site-packages/bno055/sensor
[7.730s] copying /home/ali/kiosk_toolbox/build/bno055/build/lib/bno055/bno055.py -> /home/ali/kiosk_toolbox/install/bno055/lib/python3.10/site-packages/bno055
[7.730s] byte-compiling /home/ali/kiosk_toolbox/install/bno055/lib/python3.10/site-packages/bno055/params/__init__.py to __init__.cpython-310.pyc
[7.730s] byte-compiling /home/ali/kiosk_toolbox/install/bno055/lib/python3.10/site-packages/bno055/params/NodeParameters.py to NodeParameters.cpython-310.pyc
[7.730s] byte-compiling /home/ali/kiosk_toolbox/install/bno055/lib/python3.10/site-packages/bno055/error_handling/exceptions.py to exceptions.cpython-310.pyc
[7.730s] byte-compiling /home/ali/kiosk_toolbox/install/bno055/lib/python3.10/site-packages/bno055/error_handling/__init__.py to __init__.cpython-310.pyc
[7.730s] byte-compiling /home/ali/kiosk_toolbox/install/bno055/lib/python3.10/site-packages/bno055/registers.py to registers.cpython-310.pyc
[7.730s] byte-compiling /home/ali/kiosk_toolbox/install/bno055/lib/python3.10/site-packages/bno055/connectors/Connector.py to Connector.cpython-310.pyc
[7.733s] byte-compiling /home/ali/kiosk_toolbox/install/bno055/lib/python3.10/site-packages/bno055/connectors/i2c.py to i2c.cpython-310.pyc
[7.737s] byte-compiling /home/ali/kiosk_toolbox/install/bno055/lib/python3.10/site-packages/bno055/connectors/uart.py to uart.cpython-310.pyc
[7.738s] byte-compiling /home/ali/kiosk_toolbox/install/bno055/lib/python3.10/site-packages/bno055/connectors/__init__.py to __init__.cpython-310.pyc
[7.738s] byte-compiling /home/ali/kiosk_toolbox/install/bno055/lib/python3.10/site-packages/bno055/__init__.py to __init__.cpython-310.pyc
[7.738s] byte-compiling /home/ali/kiosk_toolbox/install/bno055/lib/python3.10/site-packages/bno055/sensor/SensorService.py to SensorService.cpython-310.pyc
[7.744s] byte-compiling /home/ali/kiosk_toolbox/install/bno055/lib/python3.10/site-packages/bno055/sensor/__init__.py to __init__.cpython-310.pyc
[7.745s] byte-compiling /home/ali/kiosk_toolbox/install/bno055/lib/python3.10/site-packages/bno055/bno055.py to bno055.cpython-310.pyc
[7.746s] running install_data
[7.746s] creating /home/ali/kiosk_toolbox/install/bno055/share/ament_index
[7.755s] creating /home/ali/kiosk_toolbox/install/bno055/share/ament_index/resource_index
[7.755s] creating /home/ali/kiosk_toolbox/install/bno055/share/ament_index/resource_index/packages
[7.755s] copying resource/bno055 -> /home/ali/kiosk_toolbox/install/bno055/share/ament_index/resource_index/packages
[7.755s] copying package.xml -> /home/ali/kiosk_toolbox/install/bno055/share/bno055
[7.755s] creating /home/ali/kiosk_toolbox/install/bno055/share/bno055/launch
[7.756s] copying launch/bno055.launch.py -> /home/ali/kiosk_toolbox/install/bno055/share/bno055/launch
[7.756s] creating /home/ali/kiosk_toolbox/install/bno055/share/bno055/config
[7.756s] copying bno055/params/bno055_params_i2c.yaml -> /home/ali/kiosk_toolbox/install/bno055/share/bno055/config
[7.756s] copying bno055/params/bno055_params_test.yaml -> /home/ali/kiosk_toolbox/install/bno055/share/bno055/config
[7.756s] copying bno055/params/bno055_params.yaml -> /home/ali/kiosk_toolbox/install/bno055/share/bno055/config
[7.756s] running install_egg_info
[7.814s] Copying ../../build/bno055/bno055.egg-info to /home/ali/kiosk_toolbox/install/bno055/lib/python3.10/site-packages/bno055-0.5.0-py3.10.egg-info
[7.816s] running install_scripts
[8.365s] Installing bno055 script to /home/ali/kiosk_toolbox/install/bno055/lib/bno055
[8.370s] writing list of installed files to '/home/ali/kiosk_toolbox/build/bno055/install.log'
[8.533s] Invoked command in '/home/ali/kiosk_toolbox/src/bno055-main' returned '0': PYTHONPATH=/home/ali/kiosk_toolbox/build/bno055/prefix_override:/usr/lib/python3/dist-packages/colcon_core/task/python/colcon_distutils_commands:/home/ali/kiosk_toolbox/install/bno055/lib/python3.10/site-packages:${PYTHONPATH} /usr/bin/python3 -W ignore:setup.py install is deprecated -W ignore:easy_install command is deprecated setup.py egg_info --egg-base ../../build/bno055 build --build-base /home/ali/kiosk_toolbox/build/bno055/build install --record /home/ali/kiosk_toolbox/build/bno055/install.log --single-version-externally-managed install_data
