[1.811s] Invoking command in '/home/ali/kiosk_toolbox/build/tortoisebot_imu': CMAKE_PREFIX_PATH=${CMAKE_PREFIX_PATH}:/home/ali/ros2_ws/install/flexbe_onboard:/home/ali/ros2_ws/install/flexbe_states:/home/ali/ros2_ws/install/flexbe_mirror:/home/ali/ros2_ws/install/flexbe_input:/home/ali/ros2_ws/install/flex_bt_flexbe_states:/home/ali/ros2_ws/install/flexbe_core:/home/ali/ros2_ws/install/flex_nav_pure_pursuit:/opt/ros/humble /usr/bin/cmake --build /home/ali/kiosk_toolbox/build/tortoisebot_imu -- -j16 -l16
[1.929s] Invoked command in '/home/ali/kiosk_toolbox/build/tortoisebot_imu' returned '0': CMAKE_PREFIX_PATH=${CMAKE_PREFIX_PATH}:/home/ali/ros2_ws/install/flexbe_onboard:/home/ali/ros2_ws/install/flexbe_states:/home/ali/ros2_ws/install/flexbe_mirror:/home/ali/ros2_ws/install/flexbe_input:/home/ali/ros2_ws/install/flex_bt_flexbe_states:/home/ali/ros2_ws/install/flexbe_core:/home/ali/ros2_ws/install/flex_nav_pure_pursuit:/opt/ros/humble /usr/bin/cmake --build /home/ali/kiosk_toolbox/build/tortoisebot_imu -- -j16 -l16
[1.930s] Invoking command in '/home/ali/kiosk_toolbox/build/tortoisebot_imu': CMAKE_PREFIX_PATH=${CMAKE_PREFIX_PATH}:/home/ali/ros2_ws/install/flexbe_onboard:/home/ali/ros2_ws/install/flexbe_states:/home/ali/ros2_ws/install/flexbe_mirror:/home/ali/ros2_ws/install/flexbe_input:/home/ali/ros2_ws/install/flex_bt_flexbe_states:/home/ali/ros2_ws/install/flexbe_core:/home/ali/ros2_ws/install/flex_nav_pure_pursuit:/opt/ros/humble /usr/bin/cmake --install /home/ali/kiosk_toolbox/build/tortoisebot_imu
[2.009s] -- Install configuration: ""
[2.009s] -- Up-to-date: /home/ali/kiosk_toolbox/install/tortoisebot_imu/lib/tortoisebot_imu/imu_node.py
[2.009s] -- Up-to-date: /home/ali/kiosk_toolbox/install/tortoisebot_imu/share/ament_index/resource_index/package_run_dependencies/tortoisebot_imu
[2.009s] -- Up-to-date: /home/ali/kiosk_toolbox/install/tortoisebot_imu/share/ament_index/resource_index/parent_prefix_path/tortoisebot_imu
[2.010s] -- Up-to-date: /home/ali/kiosk_toolbox/install/tortoisebot_imu/share/tortoisebot_imu/environment/ament_prefix_path.sh
[2.011s] -- Up-to-date: /home/ali/kiosk_toolbox/install/tortoisebot_imu/share/tortoisebot_imu/environment/ament_prefix_path.dsv
[2.011s] -- Up-to-date: /home/ali/kiosk_toolbox/install/tortoisebot_imu/share/tortoisebot_imu/environment/path.sh
[2.011s] -- Up-to-date: /home/ali/kiosk_toolbox/install/tortoisebot_imu/share/tortoisebot_imu/environment/path.dsv
[2.011s] -- Up-to-date: /home/ali/kiosk_toolbox/install/tortoisebot_imu/share/tortoisebot_imu/local_setup.bash
[2.011s] -- Up-to-date: /home/ali/kiosk_toolbox/install/tortoisebot_imu/share/tortoisebot_imu/local_setup.sh
[2.011s] -- Up-to-date: /home/ali/kiosk_toolbox/install/tortoisebot_imu/share/tortoisebot_imu/local_setup.zsh
[2.011s] -- Up-to-date: /home/ali/kiosk_toolbox/install/tortoisebot_imu/share/tortoisebot_imu/local_setup.dsv
[2.011s] -- Installing: /home/ali/kiosk_toolbox/install/tortoisebot_imu/share/tortoisebot_imu/package.dsv
[2.011s] -- Up-to-date: /home/ali/kiosk_toolbox/install/tortoisebot_imu/share/ament_index/resource_index/packages/tortoisebot_imu
[2.011s] -- Up-to-date: /home/ali/kiosk_toolbox/install/tortoisebot_imu/share/tortoisebot_imu/cmake/tortoisebot_imuConfig.cmake
[2.012s] -- Up-to-date: /home/ali/kiosk_toolbox/install/tortoisebot_imu/share/tortoisebot_imu/cmake/tortoisebot_imuConfig-version.cmake
[2.012s] -- Up-to-date: /home/ali/kiosk_toolbox/install/tortoisebot_imu/share/tortoisebot_imu/package.xml
[2.082s] Invoked command in '/home/ali/kiosk_toolbox/build/tortoisebot_imu' returned '0': CMAKE_PREFIX_PATH=${CMAKE_PREFIX_PATH}:/home/ali/ros2_ws/install/flexbe_onboard:/home/ali/ros2_ws/install/flexbe_states:/home/ali/ros2_ws/install/flexbe_mirror:/home/ali/ros2_ws/install/flexbe_input:/home/ali/ros2_ws/install/flex_bt_flexbe_states:/home/ali/ros2_ws/install/flexbe_core:/home/ali/ros2_ws/install/flex_nav_pure_pursuit:/opt/ros/humble /usr/bin/cmake --install /home/ali/kiosk_toolbox/build/tortoisebot_imu
