[3.974s] Invoking command in '/home/ali/kiosk_toolbox/src/tortoisebot/tortoisebot_control': PYTHONPATH=/home/ali/kiosk_toolbox/build/tortoisebot_control/prefix_override:/usr/lib/python3/dist-packages/colcon_core/task/python/colcon_distutils_commands:/home/ali/kiosk_toolbox/install/tortoisebot_control/lib/python3.10/site-packages:${PYTHONPATH} /usr/bin/python3 -W ignore:setup.py install is deprecated -W ignore:easy_install command is deprecated setup.py egg_info --egg-base ../../../build/tortoisebot_control build --build-base /home/ali/kiosk_toolbox/build/tortoisebot_control/build install --record /home/ali/kiosk_toolbox/build/tortoisebot_control/install.log --single-version-externally-managed install_data
[6.122s] running egg_info
[6.130s] creating ../../../build/tortoisebot_control/tortoisebot_control.egg-info
[6.279s] writing ../../../build/tortoisebot_control/tortoisebot_control.egg-info/PKG-INFO
[6.279s] writing dependency_links to ../../../build/tortoisebot_control/tortoisebot_control.egg-info/dependency_links.txt
[6.279s] writing entry points to ../../../build/tortoisebot_control/tortoisebot_control.egg-info/entry_points.txt
[6.279s] writing requirements to ../../../build/tortoisebot_control/tortoisebot_control.egg-info/requires.txt
[6.279s] writing top-level names to ../../../build/tortoisebot_control/tortoisebot_control.egg-info/top_level.txt
[6.285s] writing manifest file '../../../build/tortoisebot_control/tortoisebot_control.egg-info/SOURCES.txt'
[6.613s] reading manifest file '../../../build/tortoisebot_control/tortoisebot_control.egg-info/SOURCES.txt'
[6.621s] writing manifest file '../../../build/tortoisebot_control/tortoisebot_control.egg-info/SOURCES.txt'
[6.621s] running build
[6.621s] running build_py
[6.622s] creating /home/ali/kiosk_toolbox/build/tortoisebot_control/build
[6.622s] creating /home/ali/kiosk_toolbox/build/tortoisebot_control/build/lib
[6.622s] creating /home/ali/kiosk_toolbox/build/tortoisebot_control/build/lib/tortoisebot_control
[6.622s] copying tortoisebot_control/teleop_twist_keyboard.py -> /home/ali/kiosk_toolbox/build/tortoisebot_control/build/lib/tortoisebot_control
[6.624s] copying tortoisebot_control/__init__.py -> /home/ali/kiosk_toolbox/build/tortoisebot_control/build/lib/tortoisebot_control
[6.624s] running install
[6.647s] running install_lib
[6.838s] creating /home/ali/kiosk_toolbox/install/tortoisebot_control/lib/python3.10/site-packages/tortoisebot_control
[6.838s] copying /home/ali/kiosk_toolbox/build/tortoisebot_control/build/lib/tortoisebot_control/teleop_twist_keyboard.py -> /home/ali/kiosk_toolbox/install/tortoisebot_control/lib/python3.10/site-packages/tortoisebot_control
[6.839s] copying /home/ali/kiosk_toolbox/build/tortoisebot_control/build/lib/tortoisebot_control/__init__.py -> /home/ali/kiosk_toolbox/install/tortoisebot_control/lib/python3.10/site-packages/tortoisebot_control
[6.840s] byte-compiling /home/ali/kiosk_toolbox/install/tortoisebot_control/lib/python3.10/site-packages/tortoisebot_control/teleop_twist_keyboard.py to teleop_twist_keyboard.cpython-310.pyc
[6.841s] byte-compiling /home/ali/kiosk_toolbox/install/tortoisebot_control/lib/python3.10/site-packages/tortoisebot_control/__init__.py to __init__.cpython-310.pyc
[6.841s] running install_data
[6.842s] creating /home/ali/kiosk_toolbox/install/tortoisebot_control/share/ament_index
[6.842s] creating /home/ali/kiosk_toolbox/install/tortoisebot_control/share/ament_index/resource_index
[6.842s] creating /home/ali/kiosk_toolbox/install/tortoisebot_control/share/ament_index/resource_index/packages
[6.842s] copying resource/tortoisebot_control -> /home/ali/kiosk_toolbox/install/tortoisebot_control/share/ament_index/resource_index/packages
[6.843s] copying package.xml -> /home/ali/kiosk_toolbox/install/tortoisebot_control/share/tortoisebot_control
[6.843s] running install_egg_info
[6.918s] Copying ../../../build/tortoisebot_control/tortoisebot_control.egg-info to /home/ali/kiosk_toolbox/install/tortoisebot_control/lib/python3.10/site-packages/tortoisebot_control-0.0.0-py3.10.egg-info
[6.918s] running install_scripts
[7.279s] Installing teleop_twist_keyboard script to /home/ali/kiosk_toolbox/install/tortoisebot_control/lib/tortoisebot_control
[7.292s] writing list of installed files to '/home/ali/kiosk_toolbox/build/tortoisebot_control/install.log'
[7.517s] Invoked command in '/home/ali/kiosk_toolbox/src/tortoisebot/tortoisebot_control' returned '0': PYTHONPATH=/home/ali/kiosk_toolbox/build/tortoisebot_control/prefix_override:/usr/lib/python3/dist-packages/colcon_core/task/python/colcon_distutils_commands:/home/ali/kiosk_toolbox/install/tortoisebot_control/lib/python3.10/site-packages:${PYTHONPATH} /usr/bin/python3 -W ignore:setup.py install is deprecated -W ignore:easy_install command is deprecated setup.py egg_info --egg-base ../../../build/tortoisebot_control build --build-base /home/ali/kiosk_toolbox/build/tortoisebot_control/build install --record /home/ali/kiosk_toolbox/build/tortoisebot_control/install.log --single-version-externally-managed install_data
