-- Install configuration: ""
-- Up-to-date: /home/ali/kiosk_toolbox/install/ros2_slam_auto_navigation/share/ros2_slam_auto_navigation/config
-- Up-to-date: /home/ali/kiosk_toolbox/install/ros2_slam_auto_navigation/share/ros2_slam_auto_navigation/config/twist_mux.yaml
-- Up-to-date: /home/ali/kiosk_toolbox/install/ros2_slam_auto_navigation/share/ros2_slam_auto_navigation/config/nav2_params.yaml
-- Up-to-date: /home/ali/kiosk_toolbox/install/ros2_slam_auto_navigation/share/ros2_slam_auto_navigation/config/mapper_params_online_async.yaml
-- Up-to-date: /home/ali/kiosk_toolbox/install/ros2_slam_auto_navigation/share/ros2_slam_auto_navigation/description
-- Up-to-date: /home/ali/kiosk_toolbox/install/ros2_slam_auto_navigation/share/ros2_slam_auto_navigation/description/gazebo_control.xacro
-- Up-to-date: /home/ali/kiosk_toolbox/install/ros2_slam_auto_navigation/share/ros2_slam_auto_navigation/description/robot.urdf.xacro
-- Up-to-date: /home/ali/kiosk_toolbox/install/ros2_slam_auto_navigation/share/ros2_slam_auto_navigation/description/inertial_macros.xacro
-- Up-to-date: /home/ali/kiosk_toolbox/install/ros2_slam_auto_navigation/share/ros2_slam_auto_navigation/description/ros2_control.xacro
-- Up-to-date: /home/ali/kiosk_toolbox/install/ros2_slam_auto_navigation/share/ros2_slam_auto_navigation/description/robot_base.xacro
-- Up-to-date: /home/ali/kiosk_toolbox/install/ros2_slam_auto_navigation/share/ros2_slam_auto_navigation/description/depth_camera.xacro
-- Up-to-date: /home/ali/kiosk_toolbox/install/ros2_slam_auto_navigation/share/ros2_slam_auto_navigation/description/camera.xacro
-- Up-to-date: /home/ali/kiosk_toolbox/install/ros2_slam_auto_navigation/share/ros2_slam_auto_navigation/description/lidar.xacro
-- Up-to-date: /home/ali/kiosk_toolbox/install/ros2_slam_auto_navigation/share/ros2_slam_auto_navigation/launch
-- Up-to-date: /home/ali/kiosk_toolbox/install/ros2_slam_auto_navigation/share/ros2_slam_auto_navigation/launch/slam_navigation.launch.py
-- Up-to-date: /home/ali/kiosk_toolbox/install/ros2_slam_auto_navigation/share/ros2_slam_auto_navigation/launch/navigation.launch.py
-- Up-to-date: /home/ali/kiosk_toolbox/install/ros2_slam_auto_navigation/share/ros2_slam_auto_navigation/launch/launch_sim.launch.py
-- Up-to-date: /home/ali/kiosk_toolbox/install/ros2_slam_auto_navigation/share/ros2_slam_auto_navigation/launch/rsp.launch.py
-- Up-to-date: /home/ali/kiosk_toolbox/install/ros2_slam_auto_navigation/share/ros2_slam_auto_navigation/worlds
-- Up-to-date: /home/ali/kiosk_toolbox/install/ros2_slam_auto_navigation/share/ros2_slam_auto_navigation/worlds/simple.world
-- Up-to-date: /home/ali/kiosk_toolbox/install/ros2_slam_auto_navigation/share/ament_index/resource_index/package_run_dependencies/ros2_slam_auto_navigation
-- Up-to-date: /home/ali/kiosk_toolbox/install/ros2_slam_auto_navigation/share/ament_index/resource_index/parent_prefix_path/ros2_slam_auto_navigation
-- Up-to-date: /home/ali/kiosk_toolbox/install/ros2_slam_auto_navigation/share/ros2_slam_auto_navigation/environment/ament_prefix_path.sh
-- Up-to-date: /home/ali/kiosk_toolbox/install/ros2_slam_auto_navigation/share/ros2_slam_auto_navigation/environment/ament_prefix_path.dsv
-- Up-to-date: /home/ali/kiosk_toolbox/install/ros2_slam_auto_navigation/share/ros2_slam_auto_navigation/environment/path.sh
-- Up-to-date: /home/ali/kiosk_toolbox/install/ros2_slam_auto_navigation/share/ros2_slam_auto_navigation/environment/path.dsv
-- Up-to-date: /home/ali/kiosk_toolbox/install/ros2_slam_auto_navigation/share/ros2_slam_auto_navigation/local_setup.bash
-- Up-to-date: /home/ali/kiosk_toolbox/install/ros2_slam_auto_navigation/share/ros2_slam_auto_navigation/local_setup.sh
-- Up-to-date: /home/ali/kiosk_toolbox/install/ros2_slam_auto_navigation/share/ros2_slam_auto_navigation/local_setup.zsh
-- Up-to-date: /home/ali/kiosk_toolbox/install/ros2_slam_auto_navigation/share/ros2_slam_auto_navigation/local_setup.dsv
-- Installing: /home/ali/kiosk_toolbox/install/ros2_slam_auto_navigation/share/ros2_slam_auto_navigation/package.dsv
-- Up-to-date: /home/ali/kiosk_toolbox/install/ros2_slam_auto_navigation/share/ament_index/resource_index/packages/ros2_slam_auto_navigation
-- Up-to-date: /home/ali/kiosk_toolbox/install/ros2_slam_auto_navigation/share/ros2_slam_auto_navigation/cmake/ros2_slam_auto_navigationConfig.cmake
-- Up-to-date: /home/ali/kiosk_toolbox/install/ros2_slam_auto_navigation/share/ros2_slam_auto_navigation/cmake/ros2_slam_auto_navigationConfig-version.cmake
-- Up-to-date: /home/ali/kiosk_toolbox/install/ros2_slam_auto_navigation/share/ros2_slam_auto_navigation/package.xml
