running egg_info
creating ../../build/ali_rob/ali_rob.egg-info
writing ../../build/ali_rob/ali_rob.egg-info/PKG-INFO
writing dependency_links to ../../build/ali_rob/ali_rob.egg-info/dependency_links.txt
writing entry points to ../../build/ali_rob/ali_rob.egg-info/entry_points.txt
writing requirements to ../../build/ali_rob/ali_rob.egg-info/requires.txt
writing top-level names to ../../build/ali_rob/ali_rob.egg-info/top_level.txt
writing manifest file '../../build/ali_rob/ali_rob.egg-info/SOURCES.txt'
reading manifest file '../../build/ali_rob/ali_rob.egg-info/SOURCES.txt'
writing manifest file '../../build/ali_rob/ali_rob.egg-info/SOURCES.txt'
running build
running build_py
creating /home/ali/kiosk_toolbox/build/ali_rob/build
creating /home/ali/kiosk_toolbox/build/ali_rob/build/lib
creating /home/ali/kiosk_toolbox/build/ali_rob/build/lib/ali_rob
copying ali_rob/mpu6050.py -> /home/ali/kiosk_toolbox/build/ali_rob/build/lib/ali_rob
copying ali_rob/obstical_avoidence.py -> /home/ali/kiosk_toolbox/build/ali_rob/build/lib/ali_rob
copying ali_rob/control.py -> /home/ali/kiosk_toolbox/build/ali_rob/build/lib/ali_rob
copying ali_rob/combine.py -> /home/ali/kiosk_toolbox/build/ali_rob/build/lib/ali_rob
copying ali_rob/gyro_mpu6050.py -> /home/ali/kiosk_toolbox/build/ali_rob/build/lib/ali_rob
copying ali_rob/line_following.py -> /home/ali/kiosk_toolbox/build/ali_rob/build/lib/ali_rob
copying ali_rob/__init__.py -> /home/ali/kiosk_toolbox/build/ali_rob/build/lib/ali_rob
running install
running install_lib
creating /home/ali/kiosk_toolbox/install/ali_rob/lib/python3.10/site-packages/ali_rob
copying /home/ali/kiosk_toolbox/build/ali_rob/build/lib/ali_rob/mpu6050.py -> /home/ali/kiosk_toolbox/install/ali_rob/lib/python3.10/site-packages/ali_rob
copying /home/ali/kiosk_toolbox/build/ali_rob/build/lib/ali_rob/obstical_avoidence.py -> /home/ali/kiosk_toolbox/install/ali_rob/lib/python3.10/site-packages/ali_rob
copying /home/ali/kiosk_toolbox/build/ali_rob/build/lib/ali_rob/control.py -> /home/ali/kiosk_toolbox/install/ali_rob/lib/python3.10/site-packages/ali_rob
copying /home/ali/kiosk_toolbox/build/ali_rob/build/lib/ali_rob/combine.py -> /home/ali/kiosk_toolbox/install/ali_rob/lib/python3.10/site-packages/ali_rob
copying /home/ali/kiosk_toolbox/build/ali_rob/build/lib/ali_rob/gyro_mpu6050.py -> /home/ali/kiosk_toolbox/install/ali_rob/lib/python3.10/site-packages/ali_rob
copying /home/ali/kiosk_toolbox/build/ali_rob/build/lib/ali_rob/line_following.py -> /home/ali/kiosk_toolbox/install/ali_rob/lib/python3.10/site-packages/ali_rob
copying /home/ali/kiosk_toolbox/build/ali_rob/build/lib/ali_rob/__init__.py -> /home/ali/kiosk_toolbox/install/ali_rob/lib/python3.10/site-packages/ali_rob
byte-compiling /home/ali/kiosk_toolbox/install/ali_rob/lib/python3.10/site-packages/ali_rob/mpu6050.py to mpu6050.cpython-310.pyc
byte-compiling /home/ali/kiosk_toolbox/install/ali_rob/lib/python3.10/site-packages/ali_rob/obstical_avoidence.py to obstical_avoidence.cpython-310.pyc
byte-compiling /home/ali/kiosk_toolbox/install/ali_rob/lib/python3.10/site-packages/ali_rob/control.py to control.cpython-310.pyc
byte-compiling /home/ali/kiosk_toolbox/install/ali_rob/lib/python3.10/site-packages/ali_rob/combine.py to combine.cpython-310.pyc
byte-compiling /home/ali/kiosk_toolbox/install/ali_rob/lib/python3.10/site-packages/ali_rob/gyro_mpu6050.py to gyro_mpu6050.cpython-310.pyc
byte-compiling /home/ali/kiosk_toolbox/install/ali_rob/lib/python3.10/site-packages/ali_rob/line_following.py to line_following.cpython-310.pyc
byte-compiling /home/ali/kiosk_toolbox/install/ali_rob/lib/python3.10/site-packages/ali_rob/__init__.py to __init__.cpython-310.pyc
running install_data
creating /home/ali/kiosk_toolbox/install/ali_rob/share/ament_index
creating /home/ali/kiosk_toolbox/install/ali_rob/share/ament_index/resource_index
creating /home/ali/kiosk_toolbox/install/ali_rob/share/ament_index/resource_index/packages
copying resource/ali_rob -> /home/ali/kiosk_toolbox/install/ali_rob/share/ament_index/resource_index/packages
copying package.xml -> /home/ali/kiosk_toolbox/install/ali_rob/share/ali_rob
creating /home/ali/kiosk_toolbox/install/ali_rob/share/ali_rob/urdf
copying urdf/dolly.urdf -> /home/ali/kiosk_toolbox/install/ali_rob/share/ali_rob/urdf
creating /home/ali/kiosk_toolbox/install/ali_rob/share/ali_rob/launch
copying launch/rviz_.launch.py -> /home/ali/kiosk_toolbox/install/ali_rob/share/ali_rob/launch
creating /home/ali/kiosk_toolbox/install/ali_rob/share/ali_rob/world
copying world/deneme.world -> /home/ali/kiosk_toolbox/install/ali_rob/share/ali_rob/world
copying world/parkur.world -> /home/ali/kiosk_toolbox/install/ali_rob/share/ali_rob/world
running install_egg_info
Copying ../../build/ali_rob/ali_rob.egg-info to /home/ali/kiosk_toolbox/install/ali_rob/lib/python3.10/site-packages/ali_rob-0.0.0-py3.10.egg-info
running install_scripts
Installing combine script to /home/ali/kiosk_toolbox/install/ali_rob/lib/ali_rob
Installing control script to /home/ali/kiosk_toolbox/install/ali_rob/lib/ali_rob
Installing gyro_mpu6050 script to /home/ali/kiosk_toolbox/install/ali_rob/lib/ali_rob
Installing line_following script to /home/ali/kiosk_toolbox/install/ali_rob/lib/ali_rob
Installing mpu6050 script to /home/ali/kiosk_toolbox/install/ali_rob/lib/ali_rob
Installing obstical_avoidence script to /home/ali/kiosk_toolbox/install/ali_rob/lib/ali_rob
writing list of installed files to '/home/ali/kiosk_toolbox/build/ali_rob/install.log'
