[4.927s] Invoking command in '/home/ali/kiosk_toolbox/src/ali_rob': PYTHONPATH=/home/ali/kiosk_toolbox/build/ali_rob/prefix_override:/usr/lib/python3/dist-packages/colcon_core/task/python/colcon_distutils_commands:/home/ali/kiosk_toolbox/install/ali_rob/lib/python3.10/site-packages:${PYTHONPATH} /usr/bin/python3 -W ignore:setup.py install is deprecated -W ignore:easy_install command is deprecated setup.py egg_info --egg-base ../../build/ali_rob build --build-base /home/ali/kiosk_toolbox/build/ali_rob/build install --record /home/ali/kiosk_toolbox/build/ali_rob/install.log --single-version-externally-managed install_data
[7.303s] running egg_info
[7.304s] creating ../../build/ali_rob/ali_rob.egg-info
[7.400s] writing ../../build/ali_rob/ali_rob.egg-info/PKG-INFO
[7.404s] writing dependency_links to ../../build/ali_rob/ali_rob.egg-info/dependency_links.txt
[7.404s] writing entry points to ../../build/ali_rob/ali_rob.egg-info/entry_points.txt
[7.404s] writing requirements to ../../build/ali_rob/ali_rob.egg-info/requires.txt
[7.404s] writing top-level names to ../../build/ali_rob/ali_rob.egg-info/top_level.txt
[7.407s] writing manifest file '../../build/ali_rob/ali_rob.egg-info/SOURCES.txt'
[7.692s] reading manifest file '../../build/ali_rob/ali_rob.egg-info/SOURCES.txt'
[7.693s] writing manifest file '../../build/ali_rob/ali_rob.egg-info/SOURCES.txt'
[7.693s] running build
[7.693s] running build_py
[7.693s] creating /home/ali/kiosk_toolbox/build/ali_rob/build
[7.693s] creating /home/ali/kiosk_toolbox/build/ali_rob/build/lib
[7.693s] creating /home/ali/kiosk_toolbox/build/ali_rob/build/lib/ali_rob
[7.693s] copying ali_rob/mpu6050.py -> /home/ali/kiosk_toolbox/build/ali_rob/build/lib/ali_rob
[7.693s] copying ali_rob/obstical_avoidence.py -> /home/ali/kiosk_toolbox/build/ali_rob/build/lib/ali_rob
[7.693s] copying ali_rob/control.py -> /home/ali/kiosk_toolbox/build/ali_rob/build/lib/ali_rob
[7.693s] copying ali_rob/combine.py -> /home/ali/kiosk_toolbox/build/ali_rob/build/lib/ali_rob
[7.693s] copying ali_rob/gyro_mpu6050.py -> /home/ali/kiosk_toolbox/build/ali_rob/build/lib/ali_rob
[7.693s] copying ali_rob/line_following.py -> /home/ali/kiosk_toolbox/build/ali_rob/build/lib/ali_rob
[7.693s] copying ali_rob/__init__.py -> /home/ali/kiosk_toolbox/build/ali_rob/build/lib/ali_rob
[7.693s] running install
[7.707s] running install_lib
[7.869s] creating /home/ali/kiosk_toolbox/install/ali_rob/lib/python3.10/site-packages/ali_rob
[7.869s] copying /home/ali/kiosk_toolbox/build/ali_rob/build/lib/ali_rob/mpu6050.py -> /home/ali/kiosk_toolbox/install/ali_rob/lib/python3.10/site-packages/ali_rob
[7.869s] copying /home/ali/kiosk_toolbox/build/ali_rob/build/lib/ali_rob/obstical_avoidence.py -> /home/ali/kiosk_toolbox/install/ali_rob/lib/python3.10/site-packages/ali_rob
[7.869s] copying /home/ali/kiosk_toolbox/build/ali_rob/build/lib/ali_rob/control.py -> /home/ali/kiosk_toolbox/install/ali_rob/lib/python3.10/site-packages/ali_rob
[7.869s] copying /home/ali/kiosk_toolbox/build/ali_rob/build/lib/ali_rob/combine.py -> /home/ali/kiosk_toolbox/install/ali_rob/lib/python3.10/site-packages/ali_rob
[7.870s] copying /home/ali/kiosk_toolbox/build/ali_rob/build/lib/ali_rob/gyro_mpu6050.py -> /home/ali/kiosk_toolbox/install/ali_rob/lib/python3.10/site-packages/ali_rob
[7.870s] copying /home/ali/kiosk_toolbox/build/ali_rob/build/lib/ali_rob/line_following.py -> /home/ali/kiosk_toolbox/install/ali_rob/lib/python3.10/site-packages/ali_rob
[7.870s] copying /home/ali/kiosk_toolbox/build/ali_rob/build/lib/ali_rob/__init__.py -> /home/ali/kiosk_toolbox/install/ali_rob/lib/python3.10/site-packages/ali_rob
[7.871s] byte-compiling /home/ali/kiosk_toolbox/install/ali_rob/lib/python3.10/site-packages/ali_rob/mpu6050.py to mpu6050.cpython-310.pyc
[7.879s] Sorry: TabError: inconsistent use of tabs and spaces in indentation (mpu6050.py, line 257)
[7.882s] byte-compiling /home/ali/kiosk_toolbox/install/ali_rob/lib/python3.10/site-packages/ali_rob/obstical_avoidence.py to obstical_avoidence.cpython-310.pyc
[7.883s] byte-compiling /home/ali/kiosk_toolbox/install/ali_rob/lib/python3.10/site-packages/ali_rob/control.py to control.cpython-310.pyc
[7.893s] byte-compiling /home/ali/kiosk_toolbox/install/ali_rob/lib/python3.10/site-packages/ali_rob/combine.py to combine.cpython-310.pyc
[7.893s] byte-compiling /home/ali/kiosk_toolbox/install/ali_rob/lib/python3.10/site-packages/ali_rob/gyro_mpu6050.py to gyro_mpu6050.cpython-310.pyc
[7.907s] byte-compiling /home/ali/kiosk_toolbox/install/ali_rob/lib/python3.10/site-packages/ali_rob/line_following.py to line_following.cpython-310.pyc
[7.907s] byte-compiling /home/ali/kiosk_toolbox/install/ali_rob/lib/python3.10/site-packages/ali_rob/__init__.py to __init__.cpython-310.pyc
[7.907s] running install_data
[7.907s] creating /home/ali/kiosk_toolbox/install/ali_rob/share/ament_index
[7.908s] creating /home/ali/kiosk_toolbox/install/ali_rob/share/ament_index/resource_index
[7.908s] creating /home/ali/kiosk_toolbox/install/ali_rob/share/ament_index/resource_index/packages
[7.908s] copying resource/ali_rob -> /home/ali/kiosk_toolbox/install/ali_rob/share/ament_index/resource_index/packages
[7.908s] copying package.xml -> /home/ali/kiosk_toolbox/install/ali_rob/share/ali_rob
[7.908s] creating /home/ali/kiosk_toolbox/install/ali_rob/share/ali_rob/urdf
[7.908s] copying urdf/dolly.urdf -> /home/ali/kiosk_toolbox/install/ali_rob/share/ali_rob/urdf
[7.908s] creating /home/ali/kiosk_toolbox/install/ali_rob/share/ali_rob/launch
[7.913s] copying launch/rviz_.launch.py -> /home/ali/kiosk_toolbox/install/ali_rob/share/ali_rob/launch
[7.913s] creating /home/ali/kiosk_toolbox/install/ali_rob/share/ali_rob/world
[7.913s] copying world/deneme.world -> /home/ali/kiosk_toolbox/install/ali_rob/share/ali_rob/world
[7.913s] copying world/parkur.world -> /home/ali/kiosk_toolbox/install/ali_rob/share/ali_rob/world
[7.914s] running install_egg_info
[8.153s] Copying ../../build/ali_rob/ali_rob.egg-info to /home/ali/kiosk_toolbox/install/ali_rob/lib/python3.10/site-packages/ali_rob-0.0.0-py3.10.egg-info
[8.154s] running install_scripts
[8.813s] Installing combine script to /home/ali/kiosk_toolbox/install/ali_rob/lib/ali_rob
[8.822s] Installing control script to /home/ali/kiosk_toolbox/install/ali_rob/lib/ali_rob
[8.826s] Installing gyro_mpu6050 script to /home/ali/kiosk_toolbox/install/ali_rob/lib/ali_rob
[8.826s] Installing line_following script to /home/ali/kiosk_toolbox/install/ali_rob/lib/ali_rob
[8.827s] Installing mpu6050 script to /home/ali/kiosk_toolbox/install/ali_rob/lib/ali_rob
[8.827s] Installing obstical_avoidence script to /home/ali/kiosk_toolbox/install/ali_rob/lib/ali_rob
[8.827s] writing list of installed files to '/home/ali/kiosk_toolbox/build/ali_rob/install.log'
[9.145s] Invoked command in '/home/ali/kiosk_toolbox/src/ali_rob' returned '0': PYTHONPATH=/home/ali/kiosk_toolbox/build/ali_rob/prefix_override:/usr/lib/python3/dist-packages/colcon_core/task/python/colcon_distutils_commands:/home/ali/kiosk_toolbox/install/ali_rob/lib/python3.10/site-packages:${PYTHONPATH} /usr/bin/python3 -W ignore:setup.py install is deprecated -W ignore:easy_install command is deprecated setup.py egg_info --egg-base ../../build/ali_rob build --build-base /home/ali/kiosk_toolbox/build/ali_rob/build install --record /home/ali/kiosk_toolbox/build/ali_rob/install.log --single-version-externally-managed install_data
