[0.178s] Invoking command in '/home/ali/kiosk_toolbox/build/tortoisebot_slam': CMAKE_PREFIX_PATH=${CMAKE_PREFIX_PATH}:/home/ali/kiosk_toolbox/install/tortoisebot_control:/home/ali/kiosk_toolbox/install/odometry_calculator:/home/ali/kiosk_toolbox/install/bno055:/home/ali/kiosk_toolbox/install/ali_rob:/home/ali/ros2_ws/install/flexbe_onboard:/home/ali/ros2_ws/install/flexbe_states:/home/ali/ros2_ws/install/flexbe_mirror:/home/ali/ros2_ws/install/flexbe_input:/home/ali/ros2_ws/install/flex_bt_flexbe_states:/home/ali/ros2_ws/install/flexbe_core:/home/ali/ros2_ws/install/flex_nav_pure_pursuit:/opt/ros/humble /usr/bin/cmake --build /home/ali/kiosk_toolbox/build/tortoisebot_slam -- -j16 -l16
[0.226s] Invoked command in '/home/ali/kiosk_toolbox/build/tortoisebot_slam' returned '0': CMAKE_PREFIX_PATH=${CMAKE_PREFIX_PATH}:/home/ali/kiosk_toolbox/install/tortoisebot_control:/home/ali/kiosk_toolbox/install/odometry_calculator:/home/ali/kiosk_toolbox/install/bno055:/home/ali/kiosk_toolbox/install/ali_rob:/home/ali/ros2_ws/install/flexbe_onboard:/home/ali/ros2_ws/install/flexbe_states:/home/ali/ros2_ws/install/flexbe_mirror:/home/ali/ros2_ws/install/flexbe_input:/home/ali/ros2_ws/install/flex_bt_flexbe_states:/home/ali/ros2_ws/install/flexbe_core:/home/ali/ros2_ws/install/flex_nav_pure_pursuit:/opt/ros/humble /usr/bin/cmake --build /home/ali/kiosk_toolbox/build/tortoisebot_slam -- -j16 -l16
[0.227s] Invoking command in '/home/ali/kiosk_toolbox/build/tortoisebot_slam': CMAKE_PREFIX_PATH=${CMAKE_PREFIX_PATH}:/home/ali/kiosk_toolbox/install/tortoisebot_control:/home/ali/kiosk_toolbox/install/odometry_calculator:/home/ali/kiosk_toolbox/install/bno055:/home/ali/kiosk_toolbox/install/ali_rob:/home/ali/ros2_ws/install/flexbe_onboard:/home/ali/ros2_ws/install/flexbe_states:/home/ali/ros2_ws/install/flexbe_mirror:/home/ali/ros2_ws/install/flexbe_input:/home/ali/ros2_ws/install/flex_bt_flexbe_states:/home/ali/ros2_ws/install/flexbe_core:/home/ali/ros2_ws/install/flex_nav_pure_pursuit:/opt/ros/humble /usr/bin/cmake --install /home/ali/kiosk_toolbox/build/tortoisebot_slam
[0.235s] -- Install configuration: ""
[0.240s] -- Up-to-date: /home/ali/kiosk_toolbox/install/tortoisebot_slam/share/tortoisebot_slam/launch
[0.241s] -- Up-to-date: /home/ali/kiosk_toolbox/install/tortoisebot_slam/share/tortoisebot_slam/launch/cartographer.launch.py
[0.241s] -- Up-to-date: /home/ali/kiosk_toolbox/install/tortoisebot_slam/share/tortoisebot_slam/config
[0.241s] -- Installing: /home/ali/kiosk_toolbox/install/tortoisebot_slam/share/tortoisebot_slam/config/slam.lua
[0.241s] -- Up-to-date: /home/ali/kiosk_toolbox/install/tortoisebot_slam/share/tortoisebot_slam/config/ekf.yaml
[0.241s] -- Up-to-date: /home/ali/kiosk_toolbox/install/tortoisebot_slam/share/ament_index/resource_index/package_run_dependencies/tortoisebot_slam
[0.241s] -- Up-to-date: /home/ali/kiosk_toolbox/install/tortoisebot_slam/share/ament_index/resource_index/parent_prefix_path/tortoisebot_slam
[0.241s] -- Up-to-date: /home/ali/kiosk_toolbox/install/tortoisebot_slam/share/tortoisebot_slam/environment/ament_prefix_path.sh
[0.241s] -- Up-to-date: /home/ali/kiosk_toolbox/install/tortoisebot_slam/share/tortoisebot_slam/environment/ament_prefix_path.dsv
[0.241s] -- Up-to-date: /home/ali/kiosk_toolbox/install/tortoisebot_slam/share/tortoisebot_slam/environment/path.sh
[0.241s] -- Up-to-date: /home/ali/kiosk_toolbox/install/tortoisebot_slam/share/tortoisebot_slam/environment/path.dsv
[0.245s] -- Up-to-date: /home/ali/kiosk_toolbox/install/tortoisebot_slam/share/tortoisebot_slam/local_setup.bash
[0.245s] -- Up-to-date: /home/ali/kiosk_toolbox/install/tortoisebot_slam/share/tortoisebot_slam/local_setup.sh
[0.245s] -- Up-to-date: /home/ali/kiosk_toolbox/install/tortoisebot_slam/share/tortoisebot_slam/local_setup.zsh
[0.245s] -- Up-to-date: /home/ali/kiosk_toolbox/install/tortoisebot_slam/share/tortoisebot_slam/local_setup.dsv
[0.245s] -- Installing: /home/ali/kiosk_toolbox/install/tortoisebot_slam/share/tortoisebot_slam/package.dsv
[0.245s] -- Up-to-date: /home/ali/kiosk_toolbox/install/tortoisebot_slam/share/ament_index/resource_index/packages/tortoisebot_slam
[0.246s] -- Up-to-date: /home/ali/kiosk_toolbox/install/tortoisebot_slam/share/tortoisebot_slam/cmake/tortoisebot_slamConfig.cmake
[0.246s] -- Up-to-date: /home/ali/kiosk_toolbox/install/tortoisebot_slam/share/tortoisebot_slam/cmake/tortoisebot_slamConfig-version.cmake
[0.247s] -- Up-to-date: /home/ali/kiosk_toolbox/install/tortoisebot_slam/share/tortoisebot_slam/package.xml
[0.247s] Invoked command in '/home/ali/kiosk_toolbox/build/tortoisebot_slam' returned '0': CMAKE_PREFIX_PATH=${CMAKE_PREFIX_PATH}:/home/ali/kiosk_toolbox/install/tortoisebot_control:/home/ali/kiosk_toolbox/install/odometry_calculator:/home/ali/kiosk_toolbox/install/bno055:/home/ali/kiosk_toolbox/install/ali_rob:/home/ali/ros2_ws/install/flexbe_onboard:/home/ali/ros2_ws/install/flexbe_states:/home/ali/ros2_ws/install/flexbe_mirror:/home/ali/ros2_ws/install/flexbe_input:/home/ali/ros2_ws/install/flex_bt_flexbe_states:/home/ali/ros2_ws/install/flexbe_core:/home/ali/ros2_ws/install/flex_nav_pure_pursuit:/opt/ros/humble /usr/bin/cmake --install /home/ali/kiosk_toolbox/build/tortoisebot_slam
