[1.816s] Invoking command in '/home/ali/kiosk_toolbox/build/tortoisebot_firmware': CMAKE_PREFIX_PATH=${CMAKE_PREFIX_PATH}:/home/ali/kiosk_toolbox/install/tortoisebot_control:/home/ali/kiosk_toolbox/install/odometry_calculator:/home/ali/kiosk_toolbox/install/bno055:/home/ali/kiosk_toolbox/install/ali_rob:/home/ali/ros2_ws/install/flexbe_onboard:/home/ali/ros2_ws/install/flexbe_states:/home/ali/ros2_ws/install/flexbe_mirror:/home/ali/ros2_ws/install/flexbe_input:/home/ali/ros2_ws/install/flex_bt_flexbe_states:/home/ali/ros2_ws/install/flexbe_core:/home/ali/ros2_ws/install/flex_nav_pure_pursuit:/opt/ros/humble /usr/bin/cmake --build /home/ali/kiosk_toolbox/build/tortoisebot_firmware -- -j16 -l16
[1.901s] Built target ament_cmake_python_copy_tortoisebot_firmware
[2.848s] running egg_info
[2.905s] writing tortoisebot_firmware.egg-info/PKG-INFO
[2.905s] writing dependency_links to tortoisebot_firmware.egg-info/dependency_links.txt
[2.905s] writing top-level names to tortoisebot_firmware.egg-info/top_level.txt
[3.022s] reading manifest file 'tortoisebot_firmware.egg-info/SOURCES.txt'
[3.023s] writing manifest file 'tortoisebot_firmware.egg-info/SOURCES.txt'
[3.061s] Built target ament_cmake_python_build_tortoisebot_firmware_egg
[3.072s] Invoked command in '/home/ali/kiosk_toolbox/build/tortoisebot_firmware' returned '0': CMAKE_PREFIX_PATH=${CMAKE_PREFIX_PATH}:/home/ali/kiosk_toolbox/install/tortoisebot_control:/home/ali/kiosk_toolbox/install/odometry_calculator:/home/ali/kiosk_toolbox/install/bno055:/home/ali/kiosk_toolbox/install/ali_rob:/home/ali/ros2_ws/install/flexbe_onboard:/home/ali/ros2_ws/install/flexbe_states:/home/ali/ros2_ws/install/flexbe_mirror:/home/ali/ros2_ws/install/flexbe_input:/home/ali/ros2_ws/install/flex_bt_flexbe_states:/home/ali/ros2_ws/install/flexbe_core:/home/ali/ros2_ws/install/flex_nav_pure_pursuit:/opt/ros/humble /usr/bin/cmake --build /home/ali/kiosk_toolbox/build/tortoisebot_firmware -- -j16 -l16
[3.074s] Invoking command in '/home/ali/kiosk_toolbox/build/tortoisebot_firmware': CMAKE_PREFIX_PATH=${CMAKE_PREFIX_PATH}:/home/ali/kiosk_toolbox/install/tortoisebot_control:/home/ali/kiosk_toolbox/install/odometry_calculator:/home/ali/kiosk_toolbox/install/bno055:/home/ali/kiosk_toolbox/install/ali_rob:/home/ali/ros2_ws/install/flexbe_onboard:/home/ali/ros2_ws/install/flexbe_states:/home/ali/ros2_ws/install/flexbe_mirror:/home/ali/ros2_ws/install/flexbe_input:/home/ali/ros2_ws/install/flex_bt_flexbe_states:/home/ali/ros2_ws/install/flexbe_core:/home/ali/ros2_ws/install/flex_nav_pure_pursuit:/opt/ros/humble /usr/bin/cmake --install /home/ali/kiosk_toolbox/build/tortoisebot_firmware
[3.083s] -- Install configuration: ""
[3.084s] -- Up-to-date: /home/ali/kiosk_toolbox/install/tortoisebot_firmware/share/tortoisebot_firmware/environment/pythonpath.sh
[3.084s] -- Up-to-date: /home/ali/kiosk_toolbox/install/tortoisebot_firmware/share/tortoisebot_firmware/environment/pythonpath.dsv
[3.084s] -- Up-to-date: /home/ali/kiosk_toolbox/install/tortoisebot_firmware/local/lib/python3.10/dist-packages/tortoisebot_firmware-0.0.0-py3.10.egg-info
[3.084s] -- Installing: /home/ali/kiosk_toolbox/install/tortoisebot_firmware/local/lib/python3.10/dist-packages/tortoisebot_firmware-0.0.0-py3.10.egg-info/PKG-INFO
[3.084s] -- Installing: /home/ali/kiosk_toolbox/install/tortoisebot_firmware/local/lib/python3.10/dist-packages/tortoisebot_firmware-0.0.0-py3.10.egg-info/SOURCES.txt
[3.084s] -- Installing: /home/ali/kiosk_toolbox/install/tortoisebot_firmware/local/lib/python3.10/dist-packages/tortoisebot_firmware-0.0.0-py3.10.egg-info/dependency_links.txt
[3.084s] -- Installing: /home/ali/kiosk_toolbox/install/tortoisebot_firmware/local/lib/python3.10/dist-packages/tortoisebot_firmware-0.0.0-py3.10.egg-info/top_level.txt
[3.084s] -- Up-to-date: /home/ali/kiosk_toolbox/install/tortoisebot_firmware/local/lib/python3.10/dist-packages/tortoisebot_firmware
[3.084s] -- Up-to-date: /home/ali/kiosk_toolbox/install/tortoisebot_firmware/local/lib/python3.10/dist-packages/tortoisebot_firmware/__init__.py
[3.119s] Listing '/home/ali/kiosk_toolbox/install/tortoisebot_firmware/local/lib/python3.10/dist-packages/tortoisebot_firmware'...
[3.123s] -- Up-to-date: /home/ali/kiosk_toolbox/install/tortoisebot_firmware/lib/tortoisebot_firmware/differential.py
[3.123s] -- Up-to-date: /home/ali/kiosk_toolbox/install/tortoisebot_firmware/share/ament_index/resource_index/package_run_dependencies/tortoisebot_firmware
[3.123s] -- Up-to-date: /home/ali/kiosk_toolbox/install/tortoisebot_firmware/share/ament_index/resource_index/parent_prefix_path/tortoisebot_firmware
[3.123s] -- Up-to-date: /home/ali/kiosk_toolbox/install/tortoisebot_firmware/share/tortoisebot_firmware/environment/ament_prefix_path.sh
[3.123s] -- Up-to-date: /home/ali/kiosk_toolbox/install/tortoisebot_firmware/share/tortoisebot_firmware/environment/ament_prefix_path.dsv
[3.123s] -- Up-to-date: /home/ali/kiosk_toolbox/install/tortoisebot_firmware/share/tortoisebot_firmware/environment/path.sh
[3.123s] -- Up-to-date: /home/ali/kiosk_toolbox/install/tortoisebot_firmware/share/tortoisebot_firmware/environment/path.dsv
[3.123s] -- Up-to-date: /home/ali/kiosk_toolbox/install/tortoisebot_firmware/share/tortoisebot_firmware/local_setup.bash
[3.123s] -- Up-to-date: /home/ali/kiosk_toolbox/install/tortoisebot_firmware/share/tortoisebot_firmware/local_setup.sh
[3.124s] -- Up-to-date: /home/ali/kiosk_toolbox/install/tortoisebot_firmware/share/tortoisebot_firmware/local_setup.zsh
[3.124s] -- Up-to-date: /home/ali/kiosk_toolbox/install/tortoisebot_firmware/share/tortoisebot_firmware/local_setup.dsv
[3.124s] -- Installing: /home/ali/kiosk_toolbox/install/tortoisebot_firmware/share/tortoisebot_firmware/package.dsv
[3.124s] -- Up-to-date: /home/ali/kiosk_toolbox/install/tortoisebot_firmware/share/ament_index/resource_index/packages/tortoisebot_firmware
[3.124s] -- Up-to-date: /home/ali/kiosk_toolbox/install/tortoisebot_firmware/share/tortoisebot_firmware/cmake/tortoisebot_firmwareConfig.cmake
[3.124s] -- Up-to-date: /home/ali/kiosk_toolbox/install/tortoisebot_firmware/share/tortoisebot_firmware/cmake/tortoisebot_firmwareConfig-version.cmake
[3.124s] -- Up-to-date: /home/ali/kiosk_toolbox/install/tortoisebot_firmware/share/tortoisebot_firmware/package.xml
[3.125s] Invoked command in '/home/ali/kiosk_toolbox/build/tortoisebot_firmware' returned '0': CMAKE_PREFIX_PATH=${CMAKE_PREFIX_PATH}:/home/ali/kiosk_toolbox/install/tortoisebot_control:/home/ali/kiosk_toolbox/install/odometry_calculator:/home/ali/kiosk_toolbox/install/bno055:/home/ali/kiosk_toolbox/install/ali_rob:/home/ali/ros2_ws/install/flexbe_onboard:/home/ali/ros2_ws/install/flexbe_states:/home/ali/ros2_ws/install/flexbe_mirror:/home/ali/ros2_ws/install/flexbe_input:/home/ali/ros2_ws/install/flex_bt_flexbe_states:/home/ali/ros2_ws/install/flexbe_core:/home/ali/ros2_ws/install/flex_nav_pure_pursuit:/opt/ros/humble /usr/bin/cmake --install /home/ali/kiosk_toolbox/build/tortoisebot_firmware
