[35m[1mConsolidate compiler generated dependencies of target joy2twist[0m
[100%] Built target joy2twist
-- Install configuration: ""
-- Up-to-date: /home/ali/kiosk_toolbox/install/joy2twist/lib/joy2twist/joy2twist
-- Up-to-date: /home/ali/kiosk_toolbox/install/joy2twist/share/joy2twist//launch
-- Up-to-date: /home/ali/kiosk_toolbox/install/joy2twist/share/joy2twist//launch/joy2twist.launch.py
-- Up-to-date: /home/ali/kiosk_toolbox/install/joy2twist/share/joy2twist//launch/gamepad_controller.launch.py
-- Up-to-date: /home/ali/kiosk_toolbox/install/joy2twist/share/joy2twist//config
-- Up-to-date: /home/ali/kiosk_toolbox/install/joy2twist/share/joy2twist//config/joy2twist.yaml
-- Up-to-date: /home/ali/kiosk_toolbox/install/joy2twist/share/joy2twist//config/joy2twist_ugv.yaml
-- Up-to-date: /home/ali/kiosk_toolbox/install/joy2twist/share/ament_index/resource_index/package_run_dependencies/joy2twist
-- Up-to-date: /home/ali/kiosk_toolbox/install/joy2twist/share/ament_index/resource_index/parent_prefix_path/joy2twist
-- Up-to-date: /home/ali/kiosk_toolbox/install/joy2twist/share/joy2twist/environment/ament_prefix_path.sh
-- Up-to-date: /home/ali/kiosk_toolbox/install/joy2twist/share/joy2twist/environment/ament_prefix_path.dsv
-- Up-to-date: /home/ali/kiosk_toolbox/install/joy2twist/share/joy2twist/environment/path.sh
-- Up-to-date: /home/ali/kiosk_toolbox/install/joy2twist/share/joy2twist/environment/path.dsv
-- Up-to-date: /home/ali/kiosk_toolbox/install/joy2twist/share/joy2twist/local_setup.bash
-- Up-to-date: /home/ali/kiosk_toolbox/install/joy2twist/share/joy2twist/local_setup.sh
-- Up-to-date: /home/ali/kiosk_toolbox/install/joy2twist/share/joy2twist/local_setup.zsh
-- Up-to-date: /home/ali/kiosk_toolbox/install/joy2twist/share/joy2twist/local_setup.dsv
-- Installing: /home/ali/kiosk_toolbox/install/joy2twist/share/joy2twist/package.dsv
-- Up-to-date: /home/ali/kiosk_toolbox/install/joy2twist/share/ament_index/resource_index/packages/joy2twist
-- Up-to-date: /home/ali/kiosk_toolbox/install/joy2twist/share/joy2twist/cmake/ament_cmake_export_include_directories-extras.cmake
-- Up-to-date: /home/ali/kiosk_toolbox/install/joy2twist/share/joy2twist/cmake/joy2twistConfig.cmake
-- Up-to-date: /home/ali/kiosk_toolbox/install/joy2twist/share/joy2twist/cmake/joy2twistConfig-version.cmake
-- Up-to-date: /home/ali/kiosk_toolbox/install/joy2twist/share/joy2twist/package.xml
