[0.121s] Invoking command in '/home/ali/kiosk_toolbox/build/serial': CMAKE_PREFIX_PATH=${CMAKE_PREFIX_PATH}:/home/ali/kiosk_toolbox/install/tortoisebot_control:/home/ali/kiosk_toolbox/install/odometry_calculator:/home/ali/kiosk_toolbox/install/bno055:/home/ali/kiosk_toolbox/install/ali_rob:/home/ali/ros2_ws/install/flexbe_onboard:/home/ali/ros2_ws/install/flexbe_states:/home/ali/ros2_ws/install/flexbe_mirror:/home/ali/ros2_ws/install/flexbe_input:/home/ali/ros2_ws/install/flex_bt_flexbe_states:/home/ali/ros2_ws/install/flexbe_core:/home/ali/ros2_ws/install/flex_nav_pure_pursuit:/opt/ros/humble /usr/bin/cmake --build /home/ali/kiosk_toolbox/build/serial -- -j16 -l16
[1.953s] [100%] Built target serial
[1.965s] Invoked command in '/home/ali/kiosk_toolbox/build/serial' returned '0': CMAKE_PREFIX_PATH=${CMAKE_PREFIX_PATH}:/home/ali/kiosk_toolbox/install/tortoisebot_control:/home/ali/kiosk_toolbox/install/odometry_calculator:/home/ali/kiosk_toolbox/install/bno055:/home/ali/kiosk_toolbox/install/ali_rob:/home/ali/ros2_ws/install/flexbe_onboard:/home/ali/ros2_ws/install/flexbe_states:/home/ali/ros2_ws/install/flexbe_mirror:/home/ali/ros2_ws/install/flexbe_input:/home/ali/ros2_ws/install/flex_bt_flexbe_states:/home/ali/ros2_ws/install/flexbe_core:/home/ali/ros2_ws/install/flex_nav_pure_pursuit:/opt/ros/humble /usr/bin/cmake --build /home/ali/kiosk_toolbox/build/serial -- -j16 -l16
[1.972s] Invoking command in '/home/ali/kiosk_toolbox/build/serial': CMAKE_PREFIX_PATH=${CMAKE_PREFIX_PATH}:/home/ali/kiosk_toolbox/install/tortoisebot_control:/home/ali/kiosk_toolbox/install/odometry_calculator:/home/ali/kiosk_toolbox/install/bno055:/home/ali/kiosk_toolbox/install/ali_rob:/home/ali/ros2_ws/install/flexbe_onboard:/home/ali/ros2_ws/install/flexbe_states:/home/ali/ros2_ws/install/flexbe_mirror:/home/ali/ros2_ws/install/flexbe_input:/home/ali/ros2_ws/install/flex_bt_flexbe_states:/home/ali/ros2_ws/install/flexbe_core:/home/ali/ros2_ws/install/flex_nav_pure_pursuit:/opt/ros/humble /usr/bin/cmake --install /home/ali/kiosk_toolbox/build/serial
[2.016s] -- Install configuration: ""
[2.016s] -- Up-to-date: /home/ali/kiosk_toolbox/install/serial/share/serial/environment/library_path.sh
[2.016s] -- Up-to-date: /home/ali/kiosk_toolbox/install/serial/share/serial/environment/library_path.dsv
[2.016s] -- Up-to-date: /home/ali/kiosk_toolbox/install/serial/lib/libserial.a
[2.016s] -- Up-to-date: /home/ali/kiosk_toolbox/install/serial/include/serial/serial.h
[2.016s] -- Up-to-date: /home/ali/kiosk_toolbox/install/serial/include/serial/v8stdint.h
[2.016s] -- Up-to-date: /home/ali/kiosk_toolbox/install/serial/share/ament_index/resource_index/package_run_dependencies/serial
[2.016s] -- Up-to-date: /home/ali/kiosk_toolbox/install/serial/share/ament_index/resource_index/parent_prefix_path/serial
[2.016s] -- Up-to-date: /home/ali/kiosk_toolbox/install/serial/share/serial/environment/ament_prefix_path.sh
[2.016s] -- Up-to-date: /home/ali/kiosk_toolbox/install/serial/share/serial/environment/ament_prefix_path.dsv
[2.016s] -- Up-to-date: /home/ali/kiosk_toolbox/install/serial/share/serial/environment/path.sh
[2.016s] -- Up-to-date: /home/ali/kiosk_toolbox/install/serial/share/serial/environment/path.dsv
[2.017s] -- Up-to-date: /home/ali/kiosk_toolbox/install/serial/share/serial/local_setup.bash
[2.017s] -- Up-to-date: /home/ali/kiosk_toolbox/install/serial/share/serial/local_setup.sh
[2.017s] -- Up-to-date: /home/ali/kiosk_toolbox/install/serial/share/serial/local_setup.zsh
[2.017s] -- Up-to-date: /home/ali/kiosk_toolbox/install/serial/share/serial/local_setup.dsv
[2.017s] -- Installing: /home/ali/kiosk_toolbox/install/serial/share/serial/package.dsv
[2.017s] -- Up-to-date: /home/ali/kiosk_toolbox/install/serial/share/ament_index/resource_index/packages/serial
[2.017s] -- Up-to-date: /home/ali/kiosk_toolbox/install/serial/share/serial/cmake/ament_cmake_export_include_directories-extras.cmake
[2.017s] -- Up-to-date: /home/ali/kiosk_toolbox/install/serial/share/serial/cmake/ament_cmake_export_libraries-extras.cmake
[2.017s] -- Up-to-date: /home/ali/kiosk_toolbox/install/serial/share/serial/cmake/serialConfig.cmake
[2.017s] -- Up-to-date: /home/ali/kiosk_toolbox/install/serial/share/serial/cmake/serialConfig-version.cmake
[2.017s] -- Up-to-date: /home/ali/kiosk_toolbox/install/serial/share/serial/package.xml
[2.058s] Invoked command in '/home/ali/kiosk_toolbox/build/serial' returned '0': CMAKE_PREFIX_PATH=${CMAKE_PREFIX_PATH}:/home/ali/kiosk_toolbox/install/tortoisebot_control:/home/ali/kiosk_toolbox/install/odometry_calculator:/home/ali/kiosk_toolbox/install/bno055:/home/ali/kiosk_toolbox/install/ali_rob:/home/ali/ros2_ws/install/flexbe_onboard:/home/ali/ros2_ws/install/flexbe_states:/home/ali/ros2_ws/install/flexbe_mirror:/home/ali/ros2_ws/install/flexbe_input:/home/ali/ros2_ws/install/flex_bt_flexbe_states:/home/ali/ros2_ws/install/flexbe_core:/home/ali/ros2_ws/install/flex_nav_pure_pursuit:/opt/ros/humble /usr/bin/cmake --install /home/ali/kiosk_toolbox/build/serial
