[1.413s] Invoking command in '/home/ali/kiosk_toolbox/build/rf2o_laser_odometry': CMAKE_PREFIX_PATH=${CMAKE_PREFIX_PATH}:/home/ali/kiosk_toolbox/install/tortoisebot_control:/home/ali/kiosk_toolbox/install/odometry_calculator:/home/ali/kiosk_toolbox/install/bno055:/home/ali/kiosk_toolbox/install/ali_rob:/home/ali/ros2_ws/install/flexbe_onboard:/home/ali/ros2_ws/install/flexbe_states:/home/ali/ros2_ws/install/flexbe_mirror:/home/ali/ros2_ws/install/flexbe_input:/home/ali/ros2_ws/install/flex_bt_flexbe_states:/home/ali/ros2_ws/install/flexbe_core:/home/ali/ros2_ws/install/flex_nav_pure_pursuit:/opt/ros/humble /usr/bin/cmake --build /home/ali/kiosk_toolbox/build/rf2o_laser_odometry -- -j16 -l16
[1.891s] [ 60%] Built target rf2o_laser_odometry_node
[1.891s] [100%] Built target rf2o_laser_odometry
[1.933s] Invoked command in '/home/ali/kiosk_toolbox/build/rf2o_laser_odometry' returned '0': CMAKE_PREFIX_PATH=${CMAKE_PREFIX_PATH}:/home/ali/kiosk_toolbox/install/tortoisebot_control:/home/ali/kiosk_toolbox/install/odometry_calculator:/home/ali/kiosk_toolbox/install/bno055:/home/ali/kiosk_toolbox/install/ali_rob:/home/ali/ros2_ws/install/flexbe_onboard:/home/ali/ros2_ws/install/flexbe_states:/home/ali/ros2_ws/install/flexbe_mirror:/home/ali/ros2_ws/install/flexbe_input:/home/ali/ros2_ws/install/flex_bt_flexbe_states:/home/ali/ros2_ws/install/flexbe_core:/home/ali/ros2_ws/install/flex_nav_pure_pursuit:/opt/ros/humble /usr/bin/cmake --build /home/ali/kiosk_toolbox/build/rf2o_laser_odometry -- -j16 -l16
[1.936s] Invoking command in '/home/ali/kiosk_toolbox/build/rf2o_laser_odometry': CMAKE_PREFIX_PATH=${CMAKE_PREFIX_PATH}:/home/ali/kiosk_toolbox/install/tortoisebot_control:/home/ali/kiosk_toolbox/install/odometry_calculator:/home/ali/kiosk_toolbox/install/bno055:/home/ali/kiosk_toolbox/install/ali_rob:/home/ali/ros2_ws/install/flexbe_onboard:/home/ali/ros2_ws/install/flexbe_states:/home/ali/ros2_ws/install/flexbe_mirror:/home/ali/ros2_ws/install/flexbe_input:/home/ali/ros2_ws/install/flex_bt_flexbe_states:/home/ali/ros2_ws/install/flexbe_core:/home/ali/ros2_ws/install/flex_nav_pure_pursuit:/opt/ros/humble /usr/bin/cmake --install /home/ali/kiosk_toolbox/build/rf2o_laser_odometry
[1.968s] -- Install configuration: ""
[1.969s] -- Up-to-date: /home/ali/kiosk_toolbox/install/rf2o_laser_odometry/lib/rf2o_laser_odometry/rf2o_laser_odometry_node
[1.969s] -- Up-to-date: /home/ali/kiosk_toolbox/install/rf2o_laser_odometry/share/rf2o_laser_odometry/launch
[1.969s] -- Up-to-date: /home/ali/kiosk_toolbox/install/rf2o_laser_odometry/share/rf2o_laser_odometry/launch/rf2o_laser_odometry.launch.py
[1.969s] -- Up-to-date: /home/ali/kiosk_toolbox/install/rf2o_laser_odometry/share/ament_index/resource_index/package_run_dependencies/rf2o_laser_odometry
[1.969s] -- Up-to-date: /home/ali/kiosk_toolbox/install/rf2o_laser_odometry/share/ament_index/resource_index/parent_prefix_path/rf2o_laser_odometry
[1.969s] -- Up-to-date: /home/ali/kiosk_toolbox/install/rf2o_laser_odometry/share/rf2o_laser_odometry/environment/ament_prefix_path.sh
[1.969s] -- Up-to-date: /home/ali/kiosk_toolbox/install/rf2o_laser_odometry/share/rf2o_laser_odometry/environment/ament_prefix_path.dsv
[1.969s] -- Up-to-date: /home/ali/kiosk_toolbox/install/rf2o_laser_odometry/share/rf2o_laser_odometry/environment/path.sh
[1.969s] -- Up-to-date: /home/ali/kiosk_toolbox/install/rf2o_laser_odometry/share/rf2o_laser_odometry/environment/path.dsv
[1.970s] -- Up-to-date: /home/ali/kiosk_toolbox/install/rf2o_laser_odometry/share/rf2o_laser_odometry/local_setup.bash
[1.970s] -- Up-to-date: /home/ali/kiosk_toolbox/install/rf2o_laser_odometry/share/rf2o_laser_odometry/local_setup.sh
[1.970s] -- Up-to-date: /home/ali/kiosk_toolbox/install/rf2o_laser_odometry/share/rf2o_laser_odometry/local_setup.zsh
[1.970s] -- Up-to-date: /home/ali/kiosk_toolbox/install/rf2o_laser_odometry/share/rf2o_laser_odometry/local_setup.dsv
[1.970s] -- Installing: /home/ali/kiosk_toolbox/install/rf2o_laser_odometry/share/rf2o_laser_odometry/package.dsv
[1.970s] -- Up-to-date: /home/ali/kiosk_toolbox/install/rf2o_laser_odometry/share/ament_index/resource_index/packages/rf2o_laser_odometry
[1.970s] -- Up-to-date: /home/ali/kiosk_toolbox/install/rf2o_laser_odometry/share/rf2o_laser_odometry/cmake/rf2o_laser_odometryConfig.cmake
[1.970s] -- Up-to-date: /home/ali/kiosk_toolbox/install/rf2o_laser_odometry/share/rf2o_laser_odometry/cmake/rf2o_laser_odometryConfig-version.cmake
[1.971s] -- Up-to-date: /home/ali/kiosk_toolbox/install/rf2o_laser_odometry/share/rf2o_laser_odometry/package.xml
[2.111s] Invoked command in '/home/ali/kiosk_toolbox/build/rf2o_laser_odometry' returned '0': CMAKE_PREFIX_PATH=${CMAKE_PREFIX_PATH}:/home/ali/kiosk_toolbox/install/tortoisebot_control:/home/ali/kiosk_toolbox/install/odometry_calculator:/home/ali/kiosk_toolbox/install/bno055:/home/ali/kiosk_toolbox/install/ali_rob:/home/ali/ros2_ws/install/flexbe_onboard:/home/ali/ros2_ws/install/flexbe_states:/home/ali/ros2_ws/install/flexbe_mirror:/home/ali/ros2_ws/install/flexbe_input:/home/ali/ros2_ws/install/flex_bt_flexbe_states:/home/ali/ros2_ws/install/flexbe_core:/home/ali/ros2_ws/install/flex_nav_pure_pursuit:/opt/ros/humble /usr/bin/cmake --install /home/ali/kiosk_toolbox/build/rf2o_laser_odometry
