running egg_info
creating ../../build/odometry_calculator/odometry_calculator.egg-info
writing ../../build/odometry_calculator/odometry_calculator.egg-info/PKG-INFO
writing dependency_links to ../../build/odometry_calculator/odometry_calculator.egg-info/dependency_links.txt
writing entry points to ../../build/odometry_calculator/odometry_calculator.egg-info/entry_points.txt
writing requirements to ../../build/odometry_calculator/odometry_calculator.egg-info/requires.txt
writing top-level names to ../../build/odometry_calculator/odometry_calculator.egg-info/top_level.txt
writing manifest file '../../build/odometry_calculator/odometry_calculator.egg-info/SOURCES.txt'
reading manifest file '../../build/odometry_calculator/odometry_calculator.egg-info/SOURCES.txt'
writing manifest file '../../build/odometry_calculator/odometry_calculator.egg-info/SOURCES.txt'
running build
running build_py
creating /home/ali/kiosk_toolbox/build/odometry_calculator/build
creating /home/ali/kiosk_toolbox/build/odometry_calculator/build/lib
creating /home/ali/kiosk_toolbox/build/odometry_calculator/build/lib/odometry_calculator
copying odometry_calculator/odometry_calculator.py -> /home/ali/kiosk_toolbox/build/odometry_calculator/build/lib/odometry_calculator
copying odometry_calculator/__init__.py -> /home/ali/kiosk_toolbox/build/odometry_calculator/build/lib/odometry_calculator
running install
running install_lib
creating /home/ali/kiosk_toolbox/install/odometry_calculator/lib/python3.10/site-packages/odometry_calculator
copying /home/ali/kiosk_toolbox/build/odometry_calculator/build/lib/odometry_calculator/odometry_calculator.py -> /home/ali/kiosk_toolbox/install/odometry_calculator/lib/python3.10/site-packages/odometry_calculator
copying /home/ali/kiosk_toolbox/build/odometry_calculator/build/lib/odometry_calculator/__init__.py -> /home/ali/kiosk_toolbox/install/odometry_calculator/lib/python3.10/site-packages/odometry_calculator
byte-compiling /home/ali/kiosk_toolbox/install/odometry_calculator/lib/python3.10/site-packages/odometry_calculator/odometry_calculator.py to odometry_calculator.cpython-310.pyc
byte-compiling /home/ali/kiosk_toolbox/install/odometry_calculator/lib/python3.10/site-packages/odometry_calculator/__init__.py to __init__.cpython-310.pyc
running install_data
creating /home/ali/kiosk_toolbox/install/odometry_calculator/share/ament_index
creating /home/ali/kiosk_toolbox/install/odometry_calculator/share/ament_index/resource_index
creating /home/ali/kiosk_toolbox/install/odometry_calculator/share/ament_index/resource_index/packages
copying resource/odometry_calculator -> /home/ali/kiosk_toolbox/install/odometry_calculator/share/ament_index/resource_index/packages
copying package.xml -> /home/ali/kiosk_toolbox/install/odometry_calculator/share/odometry_calculator
running install_egg_info
Copying ../../build/odometry_calculator/odometry_calculator.egg-info to /home/ali/kiosk_toolbox/install/odometry_calculator/lib/python3.10/site-packages/odometry_calculator-0.0.0-py3.10.egg-info
running install_scripts
Installing odometry_calculator script to /home/ali/kiosk_toolbox/install/odometry_calculator/lib/odometry_calculator
writing list of installed files to '/home/ali/kiosk_toolbox/build/odometry_calculator/install.log'
