[4.921s] Invoking command in '/home/ali/kiosk_toolbox/src/odometry_calculator': PYTHONPATH=/home/ali/kiosk_toolbox/build/odometry_calculator/prefix_override:/usr/lib/python3/dist-packages/colcon_core/task/python/colcon_distutils_commands:/home/ali/kiosk_toolbox/install/odometry_calculator/lib/python3.10/site-packages:${PYTHONPATH} /usr/bin/python3 -W ignore:setup.py install is deprecated -W ignore:easy_install command is deprecated setup.py egg_info --egg-base ../../build/odometry_calculator build --build-base /home/ali/kiosk_toolbox/build/odometry_calculator/build install --record /home/ali/kiosk_toolbox/build/odometry_calculator/install.log --single-version-externally-managed install_data
[7.667s] running egg_info
[7.676s] creating ../../build/odometry_calculator/odometry_calculator.egg-info
[7.829s] writing ../../build/odometry_calculator/odometry_calculator.egg-info/PKG-INFO
[7.829s] writing dependency_links to ../../build/odometry_calculator/odometry_calculator.egg-info/dependency_links.txt
[7.830s] writing entry points to ../../build/odometry_calculator/odometry_calculator.egg-info/entry_points.txt
[7.830s] writing requirements to ../../build/odometry_calculator/odometry_calculator.egg-info/requires.txt
[7.830s] writing top-level names to ../../build/odometry_calculator/odometry_calculator.egg-info/top_level.txt
[7.840s] writing manifest file '../../build/odometry_calculator/odometry_calculator.egg-info/SOURCES.txt'
[8.296s] reading manifest file '../../build/odometry_calculator/odometry_calculator.egg-info/SOURCES.txt'
[8.307s] writing manifest file '../../build/odometry_calculator/odometry_calculator.egg-info/SOURCES.txt'
[8.307s] running build
[8.307s] running build_py
[8.307s] creating /home/ali/kiosk_toolbox/build/odometry_calculator/build
[8.307s] creating /home/ali/kiosk_toolbox/build/odometry_calculator/build/lib
[8.307s] creating /home/ali/kiosk_toolbox/build/odometry_calculator/build/lib/odometry_calculator
[8.307s] copying odometry_calculator/odometry_calculator.py -> /home/ali/kiosk_toolbox/build/odometry_calculator/build/lib/odometry_calculator
[8.307s] copying odometry_calculator/__init__.py -> /home/ali/kiosk_toolbox/build/odometry_calculator/build/lib/odometry_calculator
[8.307s] running install
[8.323s] running install_lib
[8.537s] creating /home/ali/kiosk_toolbox/install/odometry_calculator/lib/python3.10/site-packages/odometry_calculator
[8.537s] copying /home/ali/kiosk_toolbox/build/odometry_calculator/build/lib/odometry_calculator/odometry_calculator.py -> /home/ali/kiosk_toolbox/install/odometry_calculator/lib/python3.10/site-packages/odometry_calculator
[8.537s] copying /home/ali/kiosk_toolbox/build/odometry_calculator/build/lib/odometry_calculator/__init__.py -> /home/ali/kiosk_toolbox/install/odometry_calculator/lib/python3.10/site-packages/odometry_calculator
[8.537s] byte-compiling /home/ali/kiosk_toolbox/install/odometry_calculator/lib/python3.10/site-packages/odometry_calculator/odometry_calculator.py to odometry_calculator.cpython-310.pyc
[8.539s] byte-compiling /home/ali/kiosk_toolbox/install/odometry_calculator/lib/python3.10/site-packages/odometry_calculator/__init__.py to __init__.cpython-310.pyc
[8.543s] running install_data
[8.543s] creating /home/ali/kiosk_toolbox/install/odometry_calculator/share/ament_index
[8.544s] creating /home/ali/kiosk_toolbox/install/odometry_calculator/share/ament_index/resource_index
[8.544s] creating /home/ali/kiosk_toolbox/install/odometry_calculator/share/ament_index/resource_index/packages
[8.544s] copying resource/odometry_calculator -> /home/ali/kiosk_toolbox/install/odometry_calculator/share/ament_index/resource_index/packages
[8.544s] copying package.xml -> /home/ali/kiosk_toolbox/install/odometry_calculator/share/odometry_calculator
[8.544s] running install_egg_info
[8.711s] Copying ../../build/odometry_calculator/odometry_calculator.egg-info to /home/ali/kiosk_toolbox/install/odometry_calculator/lib/python3.10/site-packages/odometry_calculator-0.0.0-py3.10.egg-info
[8.715s] running install_scripts
[9.271s] Installing odometry_calculator script to /home/ali/kiosk_toolbox/install/odometry_calculator/lib/odometry_calculator
[9.272s] writing list of installed files to '/home/ali/kiosk_toolbox/build/odometry_calculator/install.log'
[9.403s] Invoked command in '/home/ali/kiosk_toolbox/src/odometry_calculator' returned '0': PYTHONPATH=/home/ali/kiosk_toolbox/build/odometry_calculator/prefix_override:/usr/lib/python3/dist-packages/colcon_core/task/python/colcon_distutils_commands:/home/ali/kiosk_toolbox/install/odometry_calculator/lib/python3.10/site-packages:${PYTHONPATH} /usr/bin/python3 -W ignore:setup.py install is deprecated -W ignore:easy_install command is deprecated setup.py egg_info --egg-base ../../build/odometry_calculator build --build-base /home/ali/kiosk_toolbox/build/odometry_calculator/build install --record /home/ali/kiosk_toolbox/build/odometry_calculator/install.log --single-version-externally-managed install_data
