[1.397s] Invoking command in '/home/ali/kiosk_toolbox/build/tortoisebot_bringup': CMAKE_PREFIX_PATH=${CMAKE_PREFIX_PATH}:/home/ali/ros2_ws/install/flexbe_onboard:/home/ali/ros2_ws/install/flexbe_states:/home/ali/ros2_ws/install/flexbe_mirror:/home/ali/ros2_ws/install/flexbe_input:/home/ali/ros2_ws/install/flex_bt_flexbe_states:/home/ali/ros2_ws/install/flexbe_core:/home/ali/ros2_ws/install/flex_nav_pure_pursuit:/opt/ros/humble /usr/bin/cmake /home/ali/kiosk_toolbox/src/tortoisebot/tortoisebot_bringup -DCMAKE_INSTALL_PREFIX=/home/ali/kiosk_toolbox/install/tortoisebot_bringup
[2.355s] -- The C compiler identification is GNU 12.3.0
[2.355s] -- The CXX compiler identification is GNU 12.3.0
[2.355s] -- Detecting C compiler ABI info
[2.355s] -- Detecting C compiler ABI info - done
[2.355s] -- Check for working C compiler: /usr/lib/ccache/gcc - skipped
[2.355s] -- Detecting C compile features
[2.355s] -- Detecting C compile features - done
[2.356s] -- Detecting CXX compiler ABI info
[2.356s] -- Detecting CXX compiler ABI info - done
[2.356s] -- Check for working CXX compiler: /usr/lib/ccache/g++ - skipped
[2.356s] -- Detecting CXX compile features
[2.356s] -- Detecting CXX compile features - done
[2.356s] -- Found ament_cmake: 1.3.11 (/opt/ros/humble/share/ament_cmake/cmake)
[2.595s] -- Found Python3: /usr/bin/python3 (found version "3.10.12") found components: Interpreter 
[2.776s] -- Found ament_lint_auto: 0.12.12 (/opt/ros/humble/share/ament_lint_auto/cmake)
[2.966s] -- Added test 'copyright' to check source files copyright and LICENSE
[2.969s] -- Added test 'flake8' to check Python code syntax and style conventions
[2.970s] -- Added test 'lint_cmake' to check CMake code style
[2.971s] -- Added test 'pep257' to check Python code against some of the docstring style conventions in PEP 257
[2.976s] -- Added test 'xmllint' to check XML markup files
[2.976s] -- Configuring done
[2.979s] -- Generating done
[2.981s] -- Build files have been written to: /home/ali/kiosk_toolbox/build/tortoisebot_bringup
[2.995s] Invoked command in '/home/ali/kiosk_toolbox/build/tortoisebot_bringup' returned '0': CMAKE_PREFIX_PATH=${CMAKE_PREFIX_PATH}:/home/ali/ros2_ws/install/flexbe_onboard:/home/ali/ros2_ws/install/flexbe_states:/home/ali/ros2_ws/install/flexbe_mirror:/home/ali/ros2_ws/install/flexbe_input:/home/ali/ros2_ws/install/flex_bt_flexbe_states:/home/ali/ros2_ws/install/flexbe_core:/home/ali/ros2_ws/install/flex_nav_pure_pursuit:/opt/ros/humble /usr/bin/cmake /home/ali/kiosk_toolbox/src/tortoisebot/tortoisebot_bringup -DCMAKE_INSTALL_PREFIX=/home/ali/kiosk_toolbox/install/tortoisebot_bringup
[2.995s] Invoking command in '/home/ali/kiosk_toolbox/build/tortoisebot_bringup': CMAKE_PREFIX_PATH=${CMAKE_PREFIX_PATH}:/home/ali/ros2_ws/install/flexbe_onboard:/home/ali/ros2_ws/install/flexbe_states:/home/ali/ros2_ws/install/flexbe_mirror:/home/ali/ros2_ws/install/flexbe_input:/home/ali/ros2_ws/install/flex_bt_flexbe_states:/home/ali/ros2_ws/install/flexbe_core:/home/ali/ros2_ws/install/flex_nav_pure_pursuit:/opt/ros/humble /usr/bin/cmake --build /home/ali/kiosk_toolbox/build/tortoisebot_bringup -- -j16 -l16
[3.412s] Invoked command in '/home/ali/kiosk_toolbox/build/tortoisebot_bringup' returned '0': CMAKE_PREFIX_PATH=${CMAKE_PREFIX_PATH}:/home/ali/ros2_ws/install/flexbe_onboard:/home/ali/ros2_ws/install/flexbe_states:/home/ali/ros2_ws/install/flexbe_mirror:/home/ali/ros2_ws/install/flexbe_input:/home/ali/ros2_ws/install/flex_bt_flexbe_states:/home/ali/ros2_ws/install/flexbe_core:/home/ali/ros2_ws/install/flex_nav_pure_pursuit:/opt/ros/humble /usr/bin/cmake --build /home/ali/kiosk_toolbox/build/tortoisebot_bringup -- -j16 -l16
[3.412s] Invoking command in '/home/ali/kiosk_toolbox/build/tortoisebot_bringup': CMAKE_PREFIX_PATH=${CMAKE_PREFIX_PATH}:/home/ali/ros2_ws/install/flexbe_onboard:/home/ali/ros2_ws/install/flexbe_states:/home/ali/ros2_ws/install/flexbe_mirror:/home/ali/ros2_ws/install/flexbe_input:/home/ali/ros2_ws/install/flex_bt_flexbe_states:/home/ali/ros2_ws/install/flexbe_core:/home/ali/ros2_ws/install/flex_nav_pure_pursuit:/opt/ros/humble /usr/bin/cmake --install /home/ali/kiosk_toolbox/build/tortoisebot_bringup
[4.054s] -- Install configuration: ""
[4.054s] -- Installing: /home/ali/kiosk_toolbox/install/tortoisebot_bringup/share/tortoisebot_bringup/launch
[4.054s] -- Installing: /home/ali/kiosk_toolbox/install/tortoisebot_bringup/share/tortoisebot_bringup/launch/autobringup.launch.py
[4.054s] -- Installing: /home/ali/kiosk_toolbox/install/tortoisebot_bringup/share/tortoisebot_bringup/launch/bringup.launch.py
[4.054s] -- Installing: /home/ali/kiosk_toolbox/install/tortoisebot_bringup/share/tortoisebot_bringup/maps
[4.055s] -- Installing: /home/ali/kiosk_toolbox/install/tortoisebot_bringup/share/tortoisebot_bringup/maps/room2.yaml
[4.055s] -- Installing: /home/ali/kiosk_toolbox/install/tortoisebot_bringup/share/tortoisebot_bringup/maps/room2.pgm
[4.055s] -- Installing: /home/ali/kiosk_toolbox/install/tortoisebot_bringup/share/ament_index/resource_index/package_run_dependencies/tortoisebot_bringup
[4.055s] -- Installing: /home/ali/kiosk_toolbox/install/tortoisebot_bringup/share/ament_index/resource_index/parent_prefix_path/tortoisebot_bringup
[4.055s] -- Installing: /home/ali/kiosk_toolbox/install/tortoisebot_bringup/share/tortoisebot_bringup/environment/ament_prefix_path.sh
[4.055s] -- Installing: /home/ali/kiosk_toolbox/install/tortoisebot_bringup/share/tortoisebot_bringup/environment/ament_prefix_path.dsv
[4.055s] -- Installing: /home/ali/kiosk_toolbox/install/tortoisebot_bringup/share/tortoisebot_bringup/environment/path.sh
[4.055s] -- Installing: /home/ali/kiosk_toolbox/install/tortoisebot_bringup/share/tortoisebot_bringup/environment/path.dsv
[4.055s] -- Installing: /home/ali/kiosk_toolbox/install/tortoisebot_bringup/share/tortoisebot_bringup/local_setup.bash
[4.055s] -- Installing: /home/ali/kiosk_toolbox/install/tortoisebot_bringup/share/tortoisebot_bringup/local_setup.sh
[4.055s] -- Installing: /home/ali/kiosk_toolbox/install/tortoisebot_bringup/share/tortoisebot_bringup/local_setup.zsh
[4.055s] -- Installing: /home/ali/kiosk_toolbox/install/tortoisebot_bringup/share/tortoisebot_bringup/local_setup.dsv
[4.056s] -- Installing: /home/ali/kiosk_toolbox/install/tortoisebot_bringup/share/tortoisebot_bringup/package.dsv
[4.056s] -- Installing: /home/ali/kiosk_toolbox/install/tortoisebot_bringup/share/ament_index/resource_index/packages/tortoisebot_bringup
[4.056s] -- Installing: /home/ali/kiosk_toolbox/install/tortoisebot_bringup/share/tortoisebot_bringup/cmake/tortoisebot_bringupConfig.cmake
[4.058s] -- Installing: /home/ali/kiosk_toolbox/install/tortoisebot_bringup/share/tortoisebot_bringup/cmake/tortoisebot_bringupConfig-version.cmake
[4.058s] -- Installing: /home/ali/kiosk_toolbox/install/tortoisebot_bringup/share/tortoisebot_bringup/package.xml
[4.133s] Invoked command in '/home/ali/kiosk_toolbox/build/tortoisebot_bringup' returned '0': CMAKE_PREFIX_PATH=${CMAKE_PREFIX_PATH}:/home/ali/ros2_ws/install/flexbe_onboard:/home/ali/ros2_ws/install/flexbe_states:/home/ali/ros2_ws/install/flexbe_mirror:/home/ali/ros2_ws/install/flexbe_input:/home/ali/ros2_ws/install/flex_bt_flexbe_states:/home/ali/ros2_ws/install/flexbe_core:/home/ali/ros2_ws/install/flex_nav_pure_pursuit:/opt/ros/humble /usr/bin/cmake --install /home/ali/kiosk_toolbox/build/tortoisebot_bringup
