-- The C compiler identification is GNU 12.3.0
-- The CXX compiler identification is GNU 12.3.0
-- Detecting C compiler ABI info
-- Detecting C compiler ABI info - done
-- Check for working C compiler: /usr/lib/ccache/gcc - skipped
-- Detecting C compile features
-- Detecting C compile features - done
-- Detecting CXX compiler ABI info
-- Detecting CXX compiler ABI info - done
-- Check for working CXX compiler: /usr/lib/ccache/g++ - skipped
-- Detecting CXX compile features
-- Detecting CXX compile features - done
-- Found ament_cmake: 1.3.11 (/opt/ros/humble/share/ament_cmake/cmake)
-- Found Python3: /usr/bin/python3 (found version "3.10.12") found components: Interpreter 
-- Found ament_index_cpp: 1.4.0 (/opt/ros/humble/share/ament_index_cpp/cmake)
-- Found rclcpp: 16.0.12 (/opt/ros/humble/share/rclcpp/cmake)
-- Found rosidl_generator_c: 3.1.6 (/opt/ros/humble/share/rosidl_generator_c/cmake)
-- Found rosidl_adapter: 3.1.6 (/opt/ros/humble/share/rosidl_adapter/cmake)
-- Found rosidl_generator_cpp: 3.1.6 (/opt/ros/humble/share/rosidl_generator_cpp/cmake)
-- Using all available rosidl_typesupport_c: rosidl_typesupport_fastrtps_c;rosidl_typesupport_introspection_c
-- Using all available rosidl_typesupport_cpp: rosidl_typesupport_fastrtps_cpp;rosidl_typesupport_introspection_cpp
-- Found rmw_implementation_cmake: 6.1.2 (/opt/ros/humble/share/rmw_implementation_cmake/cmake)
-- Found rmw_fastrtps_cpp: 6.2.7 (/opt/ros/humble/share/rmw_fastrtps_cpp/cmake)
-- Found OpenSSL: /usr/lib/x86_64-linux-gnu/libcrypto.so (found version "3.0.2")  
-- Found FastRTPS: /opt/ros/humble/include  
-- Using RMW implementation 'rmw_fastrtps_cpp' as default
-- Looking for pthread.h
-- Looking for pthread.h - found
-- Performing Test CMAKE_HAVE_LIBC_PTHREAD
-- Performing Test CMAKE_HAVE_LIBC_PTHREAD - Success
-- Found Threads: TRUE  
-- Found geometry_msgs: 4.8.0 (/opt/ros/humble/share/geometry_msgs/cmake)
-- Found sensor_msgs: 4.8.0 (/opt/ros/humble/share/sensor_msgs/cmake)
-- Found std_srvs: 4.8.0 (/opt/ros/humble/share/std_srvs/cmake)
-- Found joy_linux: 3.3.0 (/opt/ros/humble/share/joy_linux/cmake)
-- Found ament_lint_auto: 0.12.12 (/opt/ros/humble/share/ament_lint_auto/cmake)
-- Configuring done
-- Generating done
-- Build files have been written to: /home/ali/kiosk_toolbox/build/joy2twist
[ 33%] [32mBuilding CXX object CMakeFiles/joy2twist.dir/src/main.cpp.o[0m
[ 66%] [32mBuilding CXX object CMakeFiles/joy2twist.dir/src/joy2twist_node.cpp.o[0m
[100%] [32m[1mLinking CXX executable joy2twist[0m
[100%] Built target joy2twist
-- Install configuration: ""
-- Installing: /home/ali/kiosk_toolbox/install/joy2twist/lib/joy2twist/joy2twist
-- Set runtime path of "/home/ali/kiosk_toolbox/install/joy2twist/lib/joy2twist/joy2twist" to ""
-- Installing: /home/ali/kiosk_toolbox/install/joy2twist/share/joy2twist//launch
-- Installing: /home/ali/kiosk_toolbox/install/joy2twist/share/joy2twist//launch/joy2twist.launch.py
-- Installing: /home/ali/kiosk_toolbox/install/joy2twist/share/joy2twist//launch/gamepad_controller.launch.py
-- Installing: /home/ali/kiosk_toolbox/install/joy2twist/share/joy2twist//config
-- Installing: /home/ali/kiosk_toolbox/install/joy2twist/share/joy2twist//config/joy2twist.yaml
-- Installing: /home/ali/kiosk_toolbox/install/joy2twist/share/joy2twist//config/joy2twist_ugv.yaml
-- Installing: /home/ali/kiosk_toolbox/install/joy2twist/share/ament_index/resource_index/package_run_dependencies/joy2twist
-- Installing: /home/ali/kiosk_toolbox/install/joy2twist/share/ament_index/resource_index/parent_prefix_path/joy2twist
-- Installing: /home/ali/kiosk_toolbox/install/joy2twist/share/joy2twist/environment/ament_prefix_path.sh
-- Installing: /home/ali/kiosk_toolbox/install/joy2twist/share/joy2twist/environment/ament_prefix_path.dsv
-- Installing: /home/ali/kiosk_toolbox/install/joy2twist/share/joy2twist/environment/path.sh
-- Installing: /home/ali/kiosk_toolbox/install/joy2twist/share/joy2twist/environment/path.dsv
-- Installing: /home/ali/kiosk_toolbox/install/joy2twist/share/joy2twist/local_setup.bash
-- Installing: /home/ali/kiosk_toolbox/install/joy2twist/share/joy2twist/local_setup.sh
-- Installing: /home/ali/kiosk_toolbox/install/joy2twist/share/joy2twist/local_setup.zsh
-- Installing: /home/ali/kiosk_toolbox/install/joy2twist/share/joy2twist/local_setup.dsv
-- Installing: /home/ali/kiosk_toolbox/install/joy2twist/share/joy2twist/package.dsv
-- Installing: /home/ali/kiosk_toolbox/install/joy2twist/share/ament_index/resource_index/packages/joy2twist
-- Installing: /home/ali/kiosk_toolbox/install/joy2twist/share/joy2twist/cmake/ament_cmake_export_include_directories-extras.cmake
-- Installing: /home/ali/kiosk_toolbox/install/joy2twist/share/joy2twist/cmake/joy2twistConfig.cmake
-- Installing: /home/ali/kiosk_toolbox/install/joy2twist/share/joy2twist/cmake/joy2twistConfig-version.cmake
-- Installing: /home/ali/kiosk_toolbox/install/joy2twist/share/joy2twist/package.xml
