[0.967s] Invoking command in '/home/ali/kiosk_toolbox/build/joy2twist': CMAKE_PREFIX_PATH=${CMAKE_PREFIX_PATH}:/home/ali/ros2_ws/install/flexbe_onboard:/home/ali/ros2_ws/install/flexbe_states:/home/ali/ros2_ws/install/flexbe_mirror:/home/ali/ros2_ws/install/flexbe_input:/home/ali/ros2_ws/install/flex_bt_flexbe_states:/home/ali/ros2_ws/install/flexbe_core:/home/ali/ros2_ws/install/flex_nav_pure_pursuit:/opt/ros/humble /usr/bin/cmake /home/ali/kiosk_toolbox/src/joy2twist-ros2/joy2twist -DCMAKE_INSTALL_PREFIX=/home/ali/kiosk_toolbox/install/joy2twist
[2.380s] -- The C compiler identification is GNU 12.3.0
[2.380s] -- The CXX compiler identification is GNU 12.3.0
[2.380s] -- Detecting C compiler ABI info
[2.380s] -- Detecting C compiler ABI info - done
[2.380s] -- Check for working C compiler: /usr/lib/ccache/gcc - skipped
[2.381s] -- Detecting C compile features
[2.381s] -- Detecting C compile features - done
[2.381s] -- Detecting CXX compiler ABI info
[2.381s] -- Detecting CXX compiler ABI info - done
[2.381s] -- Check for working CXX compiler: /usr/lib/ccache/g++ - skipped
[2.381s] -- Detecting CXX compile features
[2.381s] -- Detecting CXX compile features - done
[2.381s] -- Found ament_cmake: 1.3.11 (/opt/ros/humble/share/ament_cmake/cmake)
[2.381s] -- Found Python3: /usr/bin/python3 (found version "3.10.12") found components: Interpreter 
[2.381s] -- Found ament_index_cpp: 1.4.0 (/opt/ros/humble/share/ament_index_cpp/cmake)
[2.381s] -- Found rclcpp: 16.0.12 (/opt/ros/humble/share/rclcpp/cmake)
[2.381s] -- Found rosidl_generator_c: 3.1.6 (/opt/ros/humble/share/rosidl_generator_c/cmake)
[2.381s] -- Found rosidl_adapter: 3.1.6 (/opt/ros/humble/share/rosidl_adapter/cmake)
[2.381s] -- Found rosidl_generator_cpp: 3.1.6 (/opt/ros/humble/share/rosidl_generator_cpp/cmake)
[2.422s] -- Using all available rosidl_typesupport_c: rosidl_typesupport_fastrtps_c;rosidl_typesupport_introspection_c
[2.473s] -- Using all available rosidl_typesupport_cpp: rosidl_typesupport_fastrtps_cpp;rosidl_typesupport_introspection_cpp
[2.671s] -- Found rmw_implementation_cmake: 6.1.2 (/opt/ros/humble/share/rmw_implementation_cmake/cmake)
[2.685s] -- Found rmw_fastrtps_cpp: 6.2.7 (/opt/ros/humble/share/rmw_fastrtps_cpp/cmake)
[2.847s] -- Found OpenSSL: /usr/lib/x86_64-linux-gnu/libcrypto.so (found version "3.0.2")  
[2.898s] -- Found FastRTPS: /opt/ros/humble/include  
[2.951s] -- Using RMW implementation 'rmw_fastrtps_cpp' as default
[2.972s] -- Looking for pthread.h
[3.026s] -- Looking for pthread.h - found
[3.026s] -- Performing Test CMAKE_HAVE_LIBC_PTHREAD
[3.088s] -- Performing Test CMAKE_HAVE_LIBC_PTHREAD - Success
[3.089s] -- Found Threads: TRUE  
[3.210s] -- Found geometry_msgs: 4.8.0 (/opt/ros/humble/share/geometry_msgs/cmake)
[3.237s] -- Found sensor_msgs: 4.8.0 (/opt/ros/humble/share/sensor_msgs/cmake)
[3.271s] -- Found std_srvs: 4.8.0 (/opt/ros/humble/share/std_srvs/cmake)
[3.294s] -- Found joy_linux: 3.3.0 (/opt/ros/humble/share/joy_linux/cmake)
[3.308s] -- Found ament_lint_auto: 0.12.12 (/opt/ros/humble/share/ament_lint_auto/cmake)
[3.395s] -- Configuring done
[3.403s] -- Generating done
[3.406s] -- Build files have been written to: /home/ali/kiosk_toolbox/build/joy2twist
[3.423s] Invoked command in '/home/ali/kiosk_toolbox/build/joy2twist' returned '0': CMAKE_PREFIX_PATH=${CMAKE_PREFIX_PATH}:/home/ali/ros2_ws/install/flexbe_onboard:/home/ali/ros2_ws/install/flexbe_states:/home/ali/ros2_ws/install/flexbe_mirror:/home/ali/ros2_ws/install/flexbe_input:/home/ali/ros2_ws/install/flex_bt_flexbe_states:/home/ali/ros2_ws/install/flexbe_core:/home/ali/ros2_ws/install/flex_nav_pure_pursuit:/opt/ros/humble /usr/bin/cmake /home/ali/kiosk_toolbox/src/joy2twist-ros2/joy2twist -DCMAKE_INSTALL_PREFIX=/home/ali/kiosk_toolbox/install/joy2twist
[3.425s] Invoking command in '/home/ali/kiosk_toolbox/build/joy2twist': CMAKE_PREFIX_PATH=${CMAKE_PREFIX_PATH}:/home/ali/ros2_ws/install/flexbe_onboard:/home/ali/ros2_ws/install/flexbe_states:/home/ali/ros2_ws/install/flexbe_mirror:/home/ali/ros2_ws/install/flexbe_input:/home/ali/ros2_ws/install/flex_bt_flexbe_states:/home/ali/ros2_ws/install/flexbe_core:/home/ali/ros2_ws/install/flex_nav_pure_pursuit:/opt/ros/humble /usr/bin/cmake --build /home/ali/kiosk_toolbox/build/joy2twist -- -j16 -l16
[3.482s] [ 33%] [32mBuilding CXX object CMakeFiles/joy2twist.dir/src/main.cpp.o[0m
[3.484s] [ 66%] [32mBuilding CXX object CMakeFiles/joy2twist.dir/src/joy2twist_node.cpp.o[0m
[27.109s] [100%] [32m[1mLinking CXX executable joy2twist[0m
[27.664s] [100%] Built target joy2twist
[27.676s] Invoked command in '/home/ali/kiosk_toolbox/build/joy2twist' returned '0': CMAKE_PREFIX_PATH=${CMAKE_PREFIX_PATH}:/home/ali/ros2_ws/install/flexbe_onboard:/home/ali/ros2_ws/install/flexbe_states:/home/ali/ros2_ws/install/flexbe_mirror:/home/ali/ros2_ws/install/flexbe_input:/home/ali/ros2_ws/install/flex_bt_flexbe_states:/home/ali/ros2_ws/install/flexbe_core:/home/ali/ros2_ws/install/flex_nav_pure_pursuit:/opt/ros/humble /usr/bin/cmake --build /home/ali/kiosk_toolbox/build/joy2twist -- -j16 -l16
[27.678s] Invoking command in '/home/ali/kiosk_toolbox/build/joy2twist': CMAKE_PREFIX_PATH=${CMAKE_PREFIX_PATH}:/home/ali/ros2_ws/install/flexbe_onboard:/home/ali/ros2_ws/install/flexbe_states:/home/ali/ros2_ws/install/flexbe_mirror:/home/ali/ros2_ws/install/flexbe_input:/home/ali/ros2_ws/install/flex_bt_flexbe_states:/home/ali/ros2_ws/install/flexbe_core:/home/ali/ros2_ws/install/flex_nav_pure_pursuit:/opt/ros/humble /usr/bin/cmake --install /home/ali/kiosk_toolbox/build/joy2twist
[27.685s] -- Install configuration: ""
[27.685s] -- Installing: /home/ali/kiosk_toolbox/install/joy2twist/lib/joy2twist/joy2twist
[27.688s] -- Set runtime path of "/home/ali/kiosk_toolbox/install/joy2twist/lib/joy2twist/joy2twist" to ""
[27.688s] -- Installing: /home/ali/kiosk_toolbox/install/joy2twist/share/joy2twist//launch
[27.688s] -- Installing: /home/ali/kiosk_toolbox/install/joy2twist/share/joy2twist//launch/joy2twist.launch.py
[27.688s] -- Installing: /home/ali/kiosk_toolbox/install/joy2twist/share/joy2twist//launch/gamepad_controller.launch.py
[27.688s] -- Installing: /home/ali/kiosk_toolbox/install/joy2twist/share/joy2twist//config
[27.689s] -- Installing: /home/ali/kiosk_toolbox/install/joy2twist/share/joy2twist//config/joy2twist.yaml
[27.689s] -- Installing: /home/ali/kiosk_toolbox/install/joy2twist/share/joy2twist//config/joy2twist_ugv.yaml
[27.689s] -- Installing: /home/ali/kiosk_toolbox/install/joy2twist/share/ament_index/resource_index/package_run_dependencies/joy2twist
[27.689s] -- Installing: /home/ali/kiosk_toolbox/install/joy2twist/share/ament_index/resource_index/parent_prefix_path/joy2twist
[27.689s] -- Installing: /home/ali/kiosk_toolbox/install/joy2twist/share/joy2twist/environment/ament_prefix_path.sh
[27.689s] -- Installing: /home/ali/kiosk_toolbox/install/joy2twist/share/joy2twist/environment/ament_prefix_path.dsv
[27.689s] -- Installing: /home/ali/kiosk_toolbox/install/joy2twist/share/joy2twist/environment/path.sh
[27.689s] -- Installing: /home/ali/kiosk_toolbox/install/joy2twist/share/joy2twist/environment/path.dsv
[27.690s] -- Installing: /home/ali/kiosk_toolbox/install/joy2twist/share/joy2twist/local_setup.bash
[27.690s] -- Installing: /home/ali/kiosk_toolbox/install/joy2twist/share/joy2twist/local_setup.sh
[27.690s] -- Installing: /home/ali/kiosk_toolbox/install/joy2twist/share/joy2twist/local_setup.zsh
[27.690s] -- Installing: /home/ali/kiosk_toolbox/install/joy2twist/share/joy2twist/local_setup.dsv
[27.690s] -- Installing: /home/ali/kiosk_toolbox/install/joy2twist/share/joy2twist/package.dsv
[27.690s] -- Installing: /home/ali/kiosk_toolbox/install/joy2twist/share/ament_index/resource_index/packages/joy2twist
[27.690s] -- Installing: /home/ali/kiosk_toolbox/install/joy2twist/share/joy2twist/cmake/ament_cmake_export_include_directories-extras.cmake
[27.690s] -- Installing: /home/ali/kiosk_toolbox/install/joy2twist/share/joy2twist/cmake/joy2twistConfig.cmake
[27.690s] -- Installing: /home/ali/kiosk_toolbox/install/joy2twist/share/joy2twist/cmake/joy2twistConfig-version.cmake
[27.690s] -- Installing: /home/ali/kiosk_toolbox/install/joy2twist/share/joy2twist/package.xml
[27.692s] Invoked command in '/home/ali/kiosk_toolbox/build/joy2twist' returned '0': CMAKE_PREFIX_PATH=${CMAKE_PREFIX_PATH}:/home/ali/ros2_ws/install/flexbe_onboard:/home/ali/ros2_ws/install/flexbe_states:/home/ali/ros2_ws/install/flexbe_mirror:/home/ali/ros2_ws/install/flexbe_input:/home/ali/ros2_ws/install/flex_bt_flexbe_states:/home/ali/ros2_ws/install/flexbe_core:/home/ali/ros2_ws/install/flex_nav_pure_pursuit:/opt/ros/humble /usr/bin/cmake --install /home/ali/kiosk_toolbox/build/joy2twist
