[0.023s] Invoking command in '/home/ali/kiosk_toolbox/build/ydlidar_ros2_driver': CMAKE_PREFIX_PATH=${CMAKE_PREFIX_PATH}:/home/ali/ros2_ws/install/flexbe_onboard:/home/ali/ros2_ws/install/flexbe_states:/home/ali/ros2_ws/install/flexbe_mirror:/home/ali/ros2_ws/install/flexbe_input:/home/ali/ros2_ws/install/flex_bt_flexbe_states:/home/ali/ros2_ws/install/flexbe_core:/home/ali/ros2_ws/install/flex_nav_pure_pursuit:/opt/ros/humble /usr/bin/cmake /home/ali/kiosk_toolbox/src/tortoisebot/ydlidar_ros2_driver -DCMAKE_INSTALL_PREFIX=/home/ali/kiosk_toolbox/install/ydlidar_ros2_driver
[0.443s] -- The C compiler identification is GNU 12.3.0
[0.444s] -- The CXX compiler identification is GNU 12.3.0
[0.444s] -- Detecting C compiler ABI info
[0.525s] -- Detecting C compiler ABI info - done
[0.544s] -- Check for working C compiler: /usr/lib/ccache/gcc - skipped
[0.549s] -- Detecting C compile features
[0.550s] -- Detecting C compile features - done
[0.563s] -- Detecting CXX compiler ABI info
[0.830s] -- Detecting CXX compiler ABI info - done
[0.863s] -- Check for working CXX compiler: /usr/lib/ccache/g++ - skipped
[0.863s] -- Detecting CXX compile features
[0.863s] -- Detecting CXX compile features - done
[0.874s] -- Found ament_cmake: 1.3.11 (/opt/ros/humble/share/ament_cmake/cmake)
[4.883s] -- Found Python3: /usr/bin/python3 (found version "3.10.12") found components: Interpreter 
[5.663s] -- Found rclcpp: 16.0.12 (/opt/ros/humble/share/rclcpp/cmake)
[6.008s] -- Found rosidl_generator_c: 3.1.6 (/opt/ros/humble/share/rosidl_generator_c/cmake)
[6.034s] -- Found rosidl_adapter: 3.1.6 (/opt/ros/humble/share/rosidl_adapter/cmake)
[6.075s] -- Found rosidl_generator_cpp: 3.1.6 (/opt/ros/humble/share/rosidl_generator_cpp/cmake)
[6.103s] -- Using all available rosidl_typesupport_c: rosidl_typesupport_fastrtps_c;rosidl_typesupport_introspection_c
[6.157s] -- Using all available rosidl_typesupport_cpp: rosidl_typesupport_fastrtps_cpp;rosidl_typesupport_introspection_cpp
[6.389s] -- Found rmw_implementation_cmake: 6.1.2 (/opt/ros/humble/share/rmw_implementation_cmake/cmake)
[6.418s] -- Found rmw_fastrtps_cpp: 6.2.7 (/opt/ros/humble/share/rmw_fastrtps_cpp/cmake)
[6.707s] -- Found OpenSSL: /usr/lib/x86_64-linux-gnu/libcrypto.so (found version "3.0.2")  
[6.818s] -- Found FastRTPS: /opt/ros/humble/include  
[7.016s] -- Using RMW implementation 'rmw_fastrtps_cpp' as default
[7.136s] -- Looking for pthread.h
[7.389s] -- Looking for pthread.h - found
[7.391s] -- Performing Test CMAKE_HAVE_LIBC_PTHREAD
[7.683s] -- Performing Test CMAKE_HAVE_LIBC_PTHREAD - Success
[7.683s] -- Found Threads: TRUE  
[7.935s] -- Found sensor_msgs: 4.8.0 (/opt/ros/humble/share/sensor_msgs/cmake)
[8.011s] -- Found visualization_msgs: 4.8.0 (/opt/ros/humble/share/visualization_msgs/cmake)
[8.103s] -- Found std_srvs: 4.8.0 (/opt/ros/humble/share/std_srvs/cmake)
[8.219s] -- Found ament_lint_auto: 0.12.12 (/opt/ros/humble/share/ament_lint_auto/cmake)
[8.570s] -- Added test 'copyright' to check source files copyright and LICENSE
[8.574s] -- Added test 'cppcheck' to perform static code analysis on C / C++ code
[8.575s] -- Configured cppcheck include dirs: /home/ali/kiosk_toolbox/src/tortoisebot/ydlidar_ros2_driver/src
[8.575s] -- Configured cppcheck exclude dirs and/or files: 
[8.578s] -- Added test 'cpplint' to check C / C++ code against the Google style
[8.578s] -- Configured cpplint exclude dirs and/or files: 
[8.580s] -- Added test 'flake8' to check Python code syntax and style conventions
[8.583s] -- Added test 'lint_cmake' to check CMake code style
[8.585s] -- Added test 'pep257' to check Python code against some of the docstring style conventions in PEP 257
[8.588s] -- Added test 'uncrustify' to check C / C++ code style
[8.590s] -- Configured uncrustify additional arguments: 
[8.590s] -- Added test 'xmllint' to check XML markup files
[8.594s] -- Configuring done
[8.623s] -- Generating done
[8.633s] -- Build files have been written to: /home/ali/kiosk_toolbox/build/ydlidar_ros2_driver
[8.692s] Invoked command in '/home/ali/kiosk_toolbox/build/ydlidar_ros2_driver' returned '0': CMAKE_PREFIX_PATH=${CMAKE_PREFIX_PATH}:/home/ali/ros2_ws/install/flexbe_onboard:/home/ali/ros2_ws/install/flexbe_states:/home/ali/ros2_ws/install/flexbe_mirror:/home/ali/ros2_ws/install/flexbe_input:/home/ali/ros2_ws/install/flex_bt_flexbe_states:/home/ali/ros2_ws/install/flexbe_core:/home/ali/ros2_ws/install/flex_nav_pure_pursuit:/opt/ros/humble /usr/bin/cmake /home/ali/kiosk_toolbox/src/tortoisebot/ydlidar_ros2_driver -DCMAKE_INSTALL_PREFIX=/home/ali/kiosk_toolbox/install/ydlidar_ros2_driver
[8.693s] Invoking command in '/home/ali/kiosk_toolbox/build/ydlidar_ros2_driver': CMAKE_PREFIX_PATH=${CMAKE_PREFIX_PATH}:/home/ali/ros2_ws/install/flexbe_onboard:/home/ali/ros2_ws/install/flexbe_states:/home/ali/ros2_ws/install/flexbe_mirror:/home/ali/ros2_ws/install/flexbe_input:/home/ali/ros2_ws/install/flex_bt_flexbe_states:/home/ali/ros2_ws/install/flexbe_core:/home/ali/ros2_ws/install/flex_nav_pure_pursuit:/opt/ros/humble /usr/bin/cmake --build /home/ali/kiosk_toolbox/build/ydlidar_ros2_driver -- -j16 -l16
[8.890s] [ 25%] [32mBuilding CXX object CMakeFiles/ydlidar_ros2_driver_node.dir/src/ydlidar_ros2_driver_node.cpp.o[0m
[8.893s] [ 50%] [32mBuilding CXX object CMakeFiles/ydlidar_ros2_driver_client.dir/src/ydlidar_ros2_driver_client.cpp.o[0m
[14.755s] [01m[K/home/ali/kiosk_toolbox/src/tortoisebot/ydlidar_ros2_driver/src/ydlidar_ros2_driver_node.cpp:[m[K In lambda function:
[14.755s] [01m[K/home/ali/kiosk_toolbox/src/tortoisebot/ydlidar_ros2_driver/src/ydlidar_ros2_driver_node.cpp:163:54:[m[K [01;35m[Kwarning: [m[Kunused parameter ‘[01m[Krequest_header[m[K’ [[01;35m[K-Wunused-parameter[m[K]
[14.755s]   163 |     [&laser]([01;35m[Kconst std::shared_ptr<rmw_request_id_t> request_header[m[K,
[14.755s]       |              [01;35m[K~~~~~~~~~~~~~~~~~~~~~~~~~~~~~~~~~~~~~~~~^~~~~~~~~~~~~~[m[K
[14.755s] [01m[K/home/ali/kiosk_toolbox/src/tortoisebot/ydlidar_ros2_driver/src/ydlidar_ros2_driver_node.cpp:164:56:[m[K [01;35m[Kwarning: [m[Kunused parameter ‘[01m[Kreq[m[K’ [[01;35m[K-Wunused-parameter[m[K]
[14.755s]   164 |   [01;35m[Kconst std::shared_ptr<std_srvs::srv::Empty::Request> req[m[K,
[14.755s]       |   [01;35m[K~~~~~~~~~~~~~~~~~~~~~~~~~~~~~~~~~~~~~~~~~~~~~~~~~~~~~^~~[m[K
[14.756s] [01m[K/home/ali/kiosk_toolbox/src/tortoisebot/ydlidar_ros2_driver/src/ydlidar_ros2_driver_node.cpp:165:51:[m[K [01;35m[Kwarning: [m[Kunused parameter ‘[01m[Kresponse[m[K’ [[01;35m[K-Wunused-parameter[m[K]
[14.756s]   165 |   [01;35m[Kstd::shared_ptr<std_srvs::srv::Empty::Response> response[m[K) -> bool
[14.756s]       |   [01;35m[K~~~~~~~~~~~~~~~~~~~~~~~~~~~~~~~~~~~~~~~~~~~~~~~~^~~~~~~~[m[K
[14.756s] [01m[K/home/ali/kiosk_toolbox/src/tortoisebot/ydlidar_ros2_driver/src/ydlidar_ros2_driver_node.cpp:[m[K In lambda function:
[14.756s] [01m[K/home/ali/kiosk_toolbox/src/tortoisebot/ydlidar_ros2_driver/src/ydlidar_ros2_driver_node.cpp:173:54:[m[K [01;35m[Kwarning: [m[Kunused parameter ‘[01m[Krequest_header[m[K’ [[01;35m[K-Wunused-parameter[m[K]
[14.756s]   173 |     [&laser]([01;35m[Kconst std::shared_ptr<rmw_request_id_t> request_header[m[K,
[14.756s]       |              [01;35m[K~~~~~~~~~~~~~~~~~~~~~~~~~~~~~~~~~~~~~~~~^~~~~~~~~~~~~~[m[K
[14.756s] [01m[K/home/ali/kiosk_toolbox/src/tortoisebot/ydlidar_ros2_driver/src/ydlidar_ros2_driver_node.cpp:174:56:[m[K [01;35m[Kwarning: [m[Kunused parameter ‘[01m[Kreq[m[K’ [[01;35m[K-Wunused-parameter[m[K]
[14.756s]   174 |   [01;35m[Kconst std::shared_ptr<std_srvs::srv::Empty::Request> req[m[K,
[14.756s]       |   [01;35m[K~~~~~~~~~~~~~~~~~~~~~~~~~~~~~~~~~~~~~~~~~~~~~~~~~~~~~^~~[m[K
[14.756s] [01m[K/home/ali/kiosk_toolbox/src/tortoisebot/ydlidar_ros2_driver/src/ydlidar_ros2_driver_node.cpp:175:51:[m[K [01;35m[Kwarning: [m[Kunused parameter ‘[01m[Kresponse[m[K’ [[01;35m[K-Wunused-parameter[m[K]
[14.756s]   175 |   [01;35m[Kstd::shared_ptr<std_srvs::srv::Empty::Response> response[m[K) -> bool
[14.756s]       |   [01;35m[K~~~~~~~~~~~~~~~~~~~~~~~~~~~~~~~~~~~~~~~~~~~~~~~~^~~~~~~~[m[K
[14.765s] [ 75%] [32m[1mLinking CXX executable ydlidar_ros2_driver_node[0m
[15.032s] [ 75%] Built target ydlidar_ros2_driver_node
[19.176s] [100%] [32m[1mLinking CXX executable ydlidar_ros2_driver_client[0m
[19.669s] [100%] Built target ydlidar_ros2_driver_client
[19.684s] Invoked command in '/home/ali/kiosk_toolbox/build/ydlidar_ros2_driver' returned '0': CMAKE_PREFIX_PATH=${CMAKE_PREFIX_PATH}:/home/ali/ros2_ws/install/flexbe_onboard:/home/ali/ros2_ws/install/flexbe_states:/home/ali/ros2_ws/install/flexbe_mirror:/home/ali/ros2_ws/install/flexbe_input:/home/ali/ros2_ws/install/flex_bt_flexbe_states:/home/ali/ros2_ws/install/flexbe_core:/home/ali/ros2_ws/install/flex_nav_pure_pursuit:/opt/ros/humble /usr/bin/cmake --build /home/ali/kiosk_toolbox/build/ydlidar_ros2_driver -- -j16 -l16
[19.687s] Invoking command in '/home/ali/kiosk_toolbox/build/ydlidar_ros2_driver': CMAKE_PREFIX_PATH=${CMAKE_PREFIX_PATH}:/home/ali/ros2_ws/install/flexbe_onboard:/home/ali/ros2_ws/install/flexbe_states:/home/ali/ros2_ws/install/flexbe_mirror:/home/ali/ros2_ws/install/flexbe_input:/home/ali/ros2_ws/install/flex_bt_flexbe_states:/home/ali/ros2_ws/install/flexbe_core:/home/ali/ros2_ws/install/flex_nav_pure_pursuit:/opt/ros/humble /usr/bin/cmake --install /home/ali/kiosk_toolbox/build/ydlidar_ros2_driver
[19.697s] -- Install configuration: ""
[19.697s] -- Installing: /home/ali/kiosk_toolbox/install/ydlidar_ros2_driver/lib/ydlidar_ros2_driver/ydlidar_ros2_driver_node
[19.700s] -- Set runtime path of "/home/ali/kiosk_toolbox/install/ydlidar_ros2_driver/lib/ydlidar_ros2_driver/ydlidar_ros2_driver_node" to ""
[19.700s] -- Installing: /home/ali/kiosk_toolbox/install/ydlidar_ros2_driver/lib/ydlidar_ros2_driver/ydlidar_ros2_driver_client
[19.703s] -- Set runtime path of "/home/ali/kiosk_toolbox/install/ydlidar_ros2_driver/lib/ydlidar_ros2_driver/ydlidar_ros2_driver_client" to ""
[19.703s] -- Installing: /home/ali/kiosk_toolbox/install/ydlidar_ros2_driver/share/ydlidar_ros2_driver/launch
[19.704s] -- Installing: /home/ali/kiosk_toolbox/install/ydlidar_ros2_driver/share/ydlidar_ros2_driver/launch/ydlidar.py
[19.704s] -- Installing: /home/ali/kiosk_toolbox/install/ydlidar_ros2_driver/share/ydlidar_ros2_driver/launch/ydlidar_launch_view.py
[19.704s] -- Installing: /home/ali/kiosk_toolbox/install/ydlidar_ros2_driver/share/ydlidar_ros2_driver/launch/ydlidar_launch.py
[19.704s] -- Installing: /home/ali/kiosk_toolbox/install/ydlidar_ros2_driver/share/ydlidar_ros2_driver/params
[19.704s] -- Installing: /home/ali/kiosk_toolbox/install/ydlidar_ros2_driver/share/ydlidar_ros2_driver/params/ydlidar.yaml
[19.704s] -- Installing: /home/ali/kiosk_toolbox/install/ydlidar_ros2_driver/share/ydlidar_ros2_driver/startup
[19.704s] -- Installing: /home/ali/kiosk_toolbox/install/ydlidar_ros2_driver/share/ydlidar_ros2_driver/startup/initenv.sh
[19.704s] -- Installing: /home/ali/kiosk_toolbox/install/ydlidar_ros2_driver/share/ydlidar_ros2_driver/config
[19.704s] -- Installing: /home/ali/kiosk_toolbox/install/ydlidar_ros2_driver/share/ydlidar_ros2_driver/config/ydlidar.rviz
[19.704s] -- Installing: /home/ali/kiosk_toolbox/install/ydlidar_ros2_driver/share/ament_index/resource_index/package_run_dependencies/ydlidar_ros2_driver
[19.704s] -- Installing: /home/ali/kiosk_toolbox/install/ydlidar_ros2_driver/share/ament_index/resource_index/parent_prefix_path/ydlidar_ros2_driver
[19.705s] -- Installing: /home/ali/kiosk_toolbox/install/ydlidar_ros2_driver/share/ydlidar_ros2_driver/environment/ament_prefix_path.sh
[19.705s] -- Installing: /home/ali/kiosk_toolbox/install/ydlidar_ros2_driver/share/ydlidar_ros2_driver/environment/ament_prefix_path.dsv
[19.705s] -- Installing: /home/ali/kiosk_toolbox/install/ydlidar_ros2_driver/share/ydlidar_ros2_driver/environment/path.sh
[19.705s] -- Installing: /home/ali/kiosk_toolbox/install/ydlidar_ros2_driver/share/ydlidar_ros2_driver/environment/path.dsv
[19.705s] -- Installing: /home/ali/kiosk_toolbox/install/ydlidar_ros2_driver/share/ydlidar_ros2_driver/local_setup.bash
[19.705s] -- Installing: /home/ali/kiosk_toolbox/install/ydlidar_ros2_driver/share/ydlidar_ros2_driver/local_setup.sh
[19.705s] -- Installing: /home/ali/kiosk_toolbox/install/ydlidar_ros2_driver/share/ydlidar_ros2_driver/local_setup.zsh
[19.706s] -- Installing: /home/ali/kiosk_toolbox/install/ydlidar_ros2_driver/share/ydlidar_ros2_driver/local_setup.dsv
[19.706s] -- Installing: /home/ali/kiosk_toolbox/install/ydlidar_ros2_driver/share/ydlidar_ros2_driver/package.dsv
[19.706s] -- Installing: /home/ali/kiosk_toolbox/install/ydlidar_ros2_driver/share/ament_index/resource_index/packages/ydlidar_ros2_driver
[19.706s] -- Installing: /home/ali/kiosk_toolbox/install/ydlidar_ros2_driver/share/ydlidar_ros2_driver/cmake/ydlidar_ros2_driverConfig.cmake
[19.706s] -- Installing: /home/ali/kiosk_toolbox/install/ydlidar_ros2_driver/share/ydlidar_ros2_driver/cmake/ydlidar_ros2_driverConfig-version.cmake
[19.706s] -- Installing: /home/ali/kiosk_toolbox/install/ydlidar_ros2_driver/share/ydlidar_ros2_driver/package.xml
[19.709s] Invoked command in '/home/ali/kiosk_toolbox/build/ydlidar_ros2_driver' returned '0': CMAKE_PREFIX_PATH=${CMAKE_PREFIX_PATH}:/home/ali/ros2_ws/install/flexbe_onboard:/home/ali/ros2_ws/install/flexbe_states:/home/ali/ros2_ws/install/flexbe_mirror:/home/ali/ros2_ws/install/flexbe_input:/home/ali/ros2_ws/install/flex_bt_flexbe_states:/home/ali/ros2_ws/install/flexbe_core:/home/ali/ros2_ws/install/flex_nav_pure_pursuit:/opt/ros/humble /usr/bin/cmake --install /home/ali/kiosk_toolbox/build/ydlidar_ros2_driver
