[3.164s] Invoking command in '/home/ali/kiosk_toolbox/src/ali_rob': PYTHONPATH=/home/ali/kiosk_toolbox/build/ali_rob/prefix_override:/usr/lib/python3/dist-packages/colcon_core/task/python/colcon_distutils_commands:/home/ali/kiosk_toolbox/install/ali_rob/lib/python3.10/site-packages:${PYTHONPATH} /usr/bin/python3 -W ignore:setup.py install is deprecated -W ignore:easy_install command is deprecated setup.py egg_info --egg-base ../../build/ali_rob build --build-base /home/ali/kiosk_toolbox/build/ali_rob/build install --record /home/ali/kiosk_toolbox/build/ali_rob/install.log --single-version-externally-managed install_data
[3.669s] running egg_info
[3.692s] writing ../../build/ali_rob/ali_rob.egg-info/PKG-INFO
[3.692s] writing dependency_links to ../../build/ali_rob/ali_rob.egg-info/dependency_links.txt
[3.692s] writing entry points to ../../build/ali_rob/ali_rob.egg-info/entry_points.txt
[3.692s] writing requirements to ../../build/ali_rob/ali_rob.egg-info/requires.txt
[3.692s] writing top-level names to ../../build/ali_rob/ali_rob.egg-info/top_level.txt
[3.740s] reading manifest file '../../build/ali_rob/ali_rob.egg-info/SOURCES.txt'
[3.740s] writing manifest file '../../build/ali_rob/ali_rob.egg-info/SOURCES.txt'
[3.740s] running build
[3.740s] running build_py
[3.741s] running install
[3.745s] running install_lib
[3.768s] byte-compiling /home/ali/kiosk_toolbox/install/ali_rob/lib/python3.10/site-packages/ali_rob/mpu6050.py to mpu6050.cpython-310.pyc
[3.769s] Sorry: TabError: inconsistent use of tabs and spaces in indentation (mpu6050.py, line 257)
[3.769s] running install_data
[3.769s] running install_egg_info
[3.793s] removing '/home/ali/kiosk_toolbox/install/ali_rob/lib/python3.10/site-packages/ali_rob-0.0.0-py3.10.egg-info' (and everything under it)
[3.793s] Copying ../../build/ali_rob/ali_rob.egg-info to /home/ali/kiosk_toolbox/install/ali_rob/lib/python3.10/site-packages/ali_rob-0.0.0-py3.10.egg-info
[3.793s] running install_scripts
[3.874s] Installing combine script to /home/ali/kiosk_toolbox/install/ali_rob/lib/ali_rob
[3.874s] Installing control script to /home/ali/kiosk_toolbox/install/ali_rob/lib/ali_rob
[3.874s] Installing gyro_mpu6050 script to /home/ali/kiosk_toolbox/install/ali_rob/lib/ali_rob
[3.874s] Installing line_following script to /home/ali/kiosk_toolbox/install/ali_rob/lib/ali_rob
[3.874s] Installing mpu6050 script to /home/ali/kiosk_toolbox/install/ali_rob/lib/ali_rob
[3.874s] Installing obstical_avoidence script to /home/ali/kiosk_toolbox/install/ali_rob/lib/ali_rob
[3.874s] writing list of installed files to '/home/ali/kiosk_toolbox/build/ali_rob/install.log'
[3.904s] Invoked command in '/home/ali/kiosk_toolbox/src/ali_rob' returned '0': PYTHONPATH=/home/ali/kiosk_toolbox/build/ali_rob/prefix_override:/usr/lib/python3/dist-packages/colcon_core/task/python/colcon_distutils_commands:/home/ali/kiosk_toolbox/install/ali_rob/lib/python3.10/site-packages:${PYTHONPATH} /usr/bin/python3 -W ignore:setup.py install is deprecated -W ignore:easy_install command is deprecated setup.py egg_info --egg-base ../../build/ali_rob build --build-base /home/ali/kiosk_toolbox/build/ali_rob/build install --record /home/ali/kiosk_toolbox/build/ali_rob/install.log --single-version-externally-managed install_data
