[2.310s] Invoking command in '/home/ali/kiosk_toolbox/build/tortoisebot_imu': CMAKE_PREFIX_PATH=${CMAKE_PREFIX_PATH}:/home/ali/ros2_ws/install/flexbe_onboard:/home/ali/ros2_ws/install/flexbe_states:/home/ali/ros2_ws/install/flexbe_mirror:/home/ali/ros2_ws/install/flexbe_input:/home/ali/ros2_ws/install/flex_bt_flexbe_states:/home/ali/ros2_ws/install/flexbe_core:/home/ali/ros2_ws/install/flex_nav_pure_pursuit:/opt/ros/humble /usr/bin/cmake /home/ali/kiosk_toolbox/src/tortoisebot/tortoisebot_imu -DCMAKE_INSTALL_PREFIX=/home/ali/kiosk_toolbox/install/tortoisebot_imu
[2.368s] -- The C compiler identification is GNU 12.3.0
[2.447s] -- The CXX compiler identification is GNU 12.3.0
[2.469s] -- Detecting C compiler ABI info
[2.547s] -- Detecting C compiler ABI info - done
[2.558s] -- Check for working C compiler: /usr/lib/ccache/gcc - skipped
[2.558s] -- Detecting C compile features
[2.558s] -- Detecting C compile features - done
[2.562s] -- Detecting CXX compiler ABI info
[2.636s] -- Detecting CXX compiler ABI info - done
[2.647s] -- Check for working CXX compiler: /usr/lib/ccache/g++ - skipped
[2.647s] -- Detecting CXX compile features
[2.647s] -- Detecting CXX compile features - done
[2.659s] -- Found ament_cmake: 1.3.11 (/opt/ros/humble/share/ament_cmake/cmake)
[4.087s] -- Found Python3: /usr/bin/python3 (found version "3.10.12") found components: Interpreter 
[4.461s] -- Found ament_lint_auto: 0.12.12 (/opt/ros/humble/share/ament_lint_auto/cmake)
[4.914s] -- Added test 'flake8' to check Python code syntax and style conventions
[4.914s] -- Added test 'lint_cmake' to check CMake code style
[4.915s] -- Added test 'pep257' to check Python code against some of the docstring style conventions in PEP 257
[4.916s] -- Added test 'xmllint' to check XML markup files
[4.923s] -- Configuring done
[4.928s] -- Generating done
[4.934s] -- Build files have been written to: /home/ali/kiosk_toolbox/build/tortoisebot_imu
[5.025s] Invoked command in '/home/ali/kiosk_toolbox/build/tortoisebot_imu' returned '0': CMAKE_PREFIX_PATH=${CMAKE_PREFIX_PATH}:/home/ali/ros2_ws/install/flexbe_onboard:/home/ali/ros2_ws/install/flexbe_states:/home/ali/ros2_ws/install/flexbe_mirror:/home/ali/ros2_ws/install/flexbe_input:/home/ali/ros2_ws/install/flex_bt_flexbe_states:/home/ali/ros2_ws/install/flexbe_core:/home/ali/ros2_ws/install/flex_nav_pure_pursuit:/opt/ros/humble /usr/bin/cmake /home/ali/kiosk_toolbox/src/tortoisebot/tortoisebot_imu -DCMAKE_INSTALL_PREFIX=/home/ali/kiosk_toolbox/install/tortoisebot_imu
[5.026s] Invoking command in '/home/ali/kiosk_toolbox/build/tortoisebot_imu': CMAKE_PREFIX_PATH=${CMAKE_PREFIX_PATH}:/home/ali/ros2_ws/install/flexbe_onboard:/home/ali/ros2_ws/install/flexbe_states:/home/ali/ros2_ws/install/flexbe_mirror:/home/ali/ros2_ws/install/flexbe_input:/home/ali/ros2_ws/install/flex_bt_flexbe_states:/home/ali/ros2_ws/install/flexbe_core:/home/ali/ros2_ws/install/flex_nav_pure_pursuit:/opt/ros/humble /usr/bin/cmake --build /home/ali/kiosk_toolbox/build/tortoisebot_imu -- -j16 -l16
[7.614s] Invoked command in '/home/ali/kiosk_toolbox/build/tortoisebot_imu' returned '0': CMAKE_PREFIX_PATH=${CMAKE_PREFIX_PATH}:/home/ali/ros2_ws/install/flexbe_onboard:/home/ali/ros2_ws/install/flexbe_states:/home/ali/ros2_ws/install/flexbe_mirror:/home/ali/ros2_ws/install/flexbe_input:/home/ali/ros2_ws/install/flex_bt_flexbe_states:/home/ali/ros2_ws/install/flexbe_core:/home/ali/ros2_ws/install/flex_nav_pure_pursuit:/opt/ros/humble /usr/bin/cmake --build /home/ali/kiosk_toolbox/build/tortoisebot_imu -- -j16 -l16
[7.617s] Invoking command in '/home/ali/kiosk_toolbox/build/tortoisebot_imu': CMAKE_PREFIX_PATH=${CMAKE_PREFIX_PATH}:/home/ali/ros2_ws/install/flexbe_onboard:/home/ali/ros2_ws/install/flexbe_states:/home/ali/ros2_ws/install/flexbe_mirror:/home/ali/ros2_ws/install/flexbe_input:/home/ali/ros2_ws/install/flex_bt_flexbe_states:/home/ali/ros2_ws/install/flexbe_core:/home/ali/ros2_ws/install/flex_nav_pure_pursuit:/opt/ros/humble /usr/bin/cmake --install /home/ali/kiosk_toolbox/build/tortoisebot_imu
[8.422s] -- Install configuration: ""
[8.422s] -- Installing: /home/ali/kiosk_toolbox/install/tortoisebot_imu/lib/tortoisebot_imu/imu_node.py
[8.422s] -- Installing: /home/ali/kiosk_toolbox/install/tortoisebot_imu/share/ament_index/resource_index/package_run_dependencies/tortoisebot_imu
[8.422s] -- Installing: /home/ali/kiosk_toolbox/install/tortoisebot_imu/share/ament_index/resource_index/parent_prefix_path/tortoisebot_imu
[8.422s] -- Installing: /home/ali/kiosk_toolbox/install/tortoisebot_imu/share/tortoisebot_imu/environment/ament_prefix_path.sh
[8.422s] -- Installing: /home/ali/kiosk_toolbox/install/tortoisebot_imu/share/tortoisebot_imu/environment/ament_prefix_path.dsv
[8.422s] -- Installing: /home/ali/kiosk_toolbox/install/tortoisebot_imu/share/tortoisebot_imu/environment/path.sh
[8.422s] -- Installing: /home/ali/kiosk_toolbox/install/tortoisebot_imu/share/tortoisebot_imu/environment/path.dsv
[8.422s] -- Installing: /home/ali/kiosk_toolbox/install/tortoisebot_imu/share/tortoisebot_imu/local_setup.bash
[8.422s] -- Installing: /home/ali/kiosk_toolbox/install/tortoisebot_imu/share/tortoisebot_imu/local_setup.sh
[8.422s] -- Installing: /home/ali/kiosk_toolbox/install/tortoisebot_imu/share/tortoisebot_imu/local_setup.zsh
[8.423s] -- Installing: /home/ali/kiosk_toolbox/install/tortoisebot_imu/share/tortoisebot_imu/local_setup.dsv
[8.423s] -- Installing: /home/ali/kiosk_toolbox/install/tortoisebot_imu/share/tortoisebot_imu/package.dsv
[8.423s] -- Installing: /home/ali/kiosk_toolbox/install/tortoisebot_imu/share/ament_index/resource_index/packages/tortoisebot_imu
[8.423s] -- Installing: /home/ali/kiosk_toolbox/install/tortoisebot_imu/share/tortoisebot_imu/cmake/tortoisebot_imuConfig.cmake
[8.423s] -- Installing: /home/ali/kiosk_toolbox/install/tortoisebot_imu/share/tortoisebot_imu/cmake/tortoisebot_imuConfig-version.cmake
[8.423s] -- Installing: /home/ali/kiosk_toolbox/install/tortoisebot_imu/share/tortoisebot_imu/package.xml
[8.424s] Invoked command in '/home/ali/kiosk_toolbox/build/tortoisebot_imu' returned '0': CMAKE_PREFIX_PATH=${CMAKE_PREFIX_PATH}:/home/ali/ros2_ws/install/flexbe_onboard:/home/ali/ros2_ws/install/flexbe_states:/home/ali/ros2_ws/install/flexbe_mirror:/home/ali/ros2_ws/install/flexbe_input:/home/ali/ros2_ws/install/flex_bt_flexbe_states:/home/ali/ros2_ws/install/flexbe_core:/home/ali/ros2_ws/install/flex_nav_pure_pursuit:/opt/ros/humble /usr/bin/cmake --install /home/ali/kiosk_toolbox/build/tortoisebot_imu
