[0.118s] Invoking command in '/home/ali/kiosk_toolbox/build/ydlidar_ros2_driver': CMAKE_PREFIX_PATH=${CMAKE_PREFIX_PATH}:/home/ali/kiosk_toolbox/install/tortoisebot_control:/home/ali/kiosk_toolbox/install/odometry_calculator:/home/ali/kiosk_toolbox/install/bno055:/home/ali/kiosk_toolbox/install/ali_rob:/home/ali/ros2_ws/install/flexbe_onboard:/home/ali/ros2_ws/install/flexbe_states:/home/ali/ros2_ws/install/flexbe_mirror:/home/ali/ros2_ws/install/flexbe_input:/home/ali/ros2_ws/install/flex_bt_flexbe_states:/home/ali/ros2_ws/install/flexbe_core:/home/ali/ros2_ws/install/flex_nav_pure_pursuit:/opt/ros/humble /usr/bin/cmake --build /home/ali/kiosk_toolbox/build/ydlidar_ros2_driver -- -j16 -l16
[0.181s] [ 50%] Built target ydlidar_ros2_driver_node
[0.183s] [100%] Built target ydlidar_ros2_driver_client
[0.197s] Invoked command in '/home/ali/kiosk_toolbox/build/ydlidar_ros2_driver' returned '0': CMAKE_PREFIX_PATH=${CMAKE_PREFIX_PATH}:/home/ali/kiosk_toolbox/install/tortoisebot_control:/home/ali/kiosk_toolbox/install/odometry_calculator:/home/ali/kiosk_toolbox/install/bno055:/home/ali/kiosk_toolbox/install/ali_rob:/home/ali/ros2_ws/install/flexbe_onboard:/home/ali/ros2_ws/install/flexbe_states:/home/ali/ros2_ws/install/flexbe_mirror:/home/ali/ros2_ws/install/flexbe_input:/home/ali/ros2_ws/install/flex_bt_flexbe_states:/home/ali/ros2_ws/install/flexbe_core:/home/ali/ros2_ws/install/flex_nav_pure_pursuit:/opt/ros/humble /usr/bin/cmake --build /home/ali/kiosk_toolbox/build/ydlidar_ros2_driver -- -j16 -l16
[0.199s] Invoking command in '/home/ali/kiosk_toolbox/build/ydlidar_ros2_driver': CMAKE_PREFIX_PATH=${CMAKE_PREFIX_PATH}:/home/ali/kiosk_toolbox/install/tortoisebot_control:/home/ali/kiosk_toolbox/install/odometry_calculator:/home/ali/kiosk_toolbox/install/bno055:/home/ali/kiosk_toolbox/install/ali_rob:/home/ali/ros2_ws/install/flexbe_onboard:/home/ali/ros2_ws/install/flexbe_states:/home/ali/ros2_ws/install/flexbe_mirror:/home/ali/ros2_ws/install/flexbe_input:/home/ali/ros2_ws/install/flex_bt_flexbe_states:/home/ali/ros2_ws/install/flexbe_core:/home/ali/ros2_ws/install/flex_nav_pure_pursuit:/opt/ros/humble /usr/bin/cmake --install /home/ali/kiosk_toolbox/build/ydlidar_ros2_driver
[0.208s] -- Install configuration: ""
[0.208s] -- Up-to-date: /home/ali/kiosk_toolbox/install/ydlidar_ros2_driver/lib/ydlidar_ros2_driver/ydlidar_ros2_driver_node
[0.209s] -- Up-to-date: /home/ali/kiosk_toolbox/install/ydlidar_ros2_driver/lib/ydlidar_ros2_driver/ydlidar_ros2_driver_client
[0.209s] -- Up-to-date: /home/ali/kiosk_toolbox/install/ydlidar_ros2_driver/share/ydlidar_ros2_driver/launch
[0.209s] -- Up-to-date: /home/ali/kiosk_toolbox/install/ydlidar_ros2_driver/share/ydlidar_ros2_driver/launch/ydlidar.py
[0.209s] -- Up-to-date: /home/ali/kiosk_toolbox/install/ydlidar_ros2_driver/share/ydlidar_ros2_driver/launch/ydlidar_launch_view.py
[0.209s] -- Up-to-date: /home/ali/kiosk_toolbox/install/ydlidar_ros2_driver/share/ydlidar_ros2_driver/launch/ydlidar_launch.py
[0.209s] -- Up-to-date: /home/ali/kiosk_toolbox/install/ydlidar_ros2_driver/share/ydlidar_ros2_driver/params
[0.209s] -- Up-to-date: /home/ali/kiosk_toolbox/install/ydlidar_ros2_driver/share/ydlidar_ros2_driver/params/ydlidar.yaml
[0.209s] -- Up-to-date: /home/ali/kiosk_toolbox/install/ydlidar_ros2_driver/share/ydlidar_ros2_driver/startup
[0.209s] -- Up-to-date: /home/ali/kiosk_toolbox/install/ydlidar_ros2_driver/share/ydlidar_ros2_driver/startup/initenv.sh
[0.209s] -- Up-to-date: /home/ali/kiosk_toolbox/install/ydlidar_ros2_driver/share/ydlidar_ros2_driver/config
[0.210s] -- Up-to-date: /home/ali/kiosk_toolbox/install/ydlidar_ros2_driver/share/ydlidar_ros2_driver/config/ydlidar.rviz
[0.210s] -- Up-to-date: /home/ali/kiosk_toolbox/install/ydlidar_ros2_driver/share/ament_index/resource_index/package_run_dependencies/ydlidar_ros2_driver
[0.210s] -- Up-to-date: /home/ali/kiosk_toolbox/install/ydlidar_ros2_driver/share/ament_index/resource_index/parent_prefix_path/ydlidar_ros2_driver
[0.210s] -- Up-to-date: /home/ali/kiosk_toolbox/install/ydlidar_ros2_driver/share/ydlidar_ros2_driver/environment/ament_prefix_path.sh
[0.210s] -- Up-to-date: /home/ali/kiosk_toolbox/install/ydlidar_ros2_driver/share/ydlidar_ros2_driver/environment/ament_prefix_path.dsv
[0.210s] -- Up-to-date: /home/ali/kiosk_toolbox/install/ydlidar_ros2_driver/share/ydlidar_ros2_driver/environment/path.sh
[0.210s] -- Up-to-date: /home/ali/kiosk_toolbox/install/ydlidar_ros2_driver/share/ydlidar_ros2_driver/environment/path.dsv
[0.210s] -- Up-to-date: /home/ali/kiosk_toolbox/install/ydlidar_ros2_driver/share/ydlidar_ros2_driver/local_setup.bash
[0.210s] -- Up-to-date: /home/ali/kiosk_toolbox/install/ydlidar_ros2_driver/share/ydlidar_ros2_driver/local_setup.sh
[0.210s] -- Up-to-date: /home/ali/kiosk_toolbox/install/ydlidar_ros2_driver/share/ydlidar_ros2_driver/local_setup.zsh
[0.210s] -- Up-to-date: /home/ali/kiosk_toolbox/install/ydlidar_ros2_driver/share/ydlidar_ros2_driver/local_setup.dsv
[0.210s] -- Installing: /home/ali/kiosk_toolbox/install/ydlidar_ros2_driver/share/ydlidar_ros2_driver/package.dsv
[0.211s] -- Up-to-date: /home/ali/kiosk_toolbox/install/ydlidar_ros2_driver/share/ament_index/resource_index/packages/ydlidar_ros2_driver
[0.211s] -- Up-to-date: /home/ali/kiosk_toolbox/install/ydlidar_ros2_driver/share/ydlidar_ros2_driver/cmake/ydlidar_ros2_driverConfig.cmake
[0.211s] -- Up-to-date: /home/ali/kiosk_toolbox/install/ydlidar_ros2_driver/share/ydlidar_ros2_driver/cmake/ydlidar_ros2_driverConfig-version.cmake
[0.211s] -- Up-to-date: /home/ali/kiosk_toolbox/install/ydlidar_ros2_driver/share/ydlidar_ros2_driver/package.xml
[0.214s] Invoked command in '/home/ali/kiosk_toolbox/build/ydlidar_ros2_driver' returned '0': CMAKE_PREFIX_PATH=${CMAKE_PREFIX_PATH}:/home/ali/kiosk_toolbox/install/tortoisebot_control:/home/ali/kiosk_toolbox/install/odometry_calculator:/home/ali/kiosk_toolbox/install/bno055:/home/ali/kiosk_toolbox/install/ali_rob:/home/ali/ros2_ws/install/flexbe_onboard:/home/ali/ros2_ws/install/flexbe_states:/home/ali/ros2_ws/install/flexbe_mirror:/home/ali/ros2_ws/install/flexbe_input:/home/ali/ros2_ws/install/flex_bt_flexbe_states:/home/ali/ros2_ws/install/flexbe_core:/home/ali/ros2_ws/install/flex_nav_pure_pursuit:/opt/ros/humble /usr/bin/cmake --install /home/ali/kiosk_toolbox/build/ydlidar_ros2_driver
