[2.322s] Invoking command in '/home/ali/kiosk_toolbox/build/tortoisebot_description': CMAKE_PREFIX_PATH=${CMAKE_PREFIX_PATH}:/home/ali/ros2_ws/install/flexbe_onboard:/home/ali/ros2_ws/install/flexbe_states:/home/ali/ros2_ws/install/flexbe_mirror:/home/ali/ros2_ws/install/flexbe_input:/home/ali/ros2_ws/install/flex_bt_flexbe_states:/home/ali/ros2_ws/install/flexbe_core:/home/ali/ros2_ws/install/flex_nav_pure_pursuit:/opt/ros/humble /usr/bin/cmake /home/ali/kiosk_toolbox/src/tortoisebot/tortoisebot_description -DCMAKE_INSTALL_PREFIX=/home/ali/kiosk_toolbox/install/tortoisebot_description
[2.396s] -- The C compiler identification is GNU 12.3.0
[2.484s] -- The CXX compiler identification is GNU 12.3.0
[2.497s] -- Detecting C compiler ABI info
[2.586s] -- Detecting C compiler ABI info - done
[2.593s] -- Check for working C compiler: /usr/lib/ccache/gcc - skipped
[2.594s] -- Detecting C compile features
[2.594s] -- Detecting C compile features - done
[2.597s] -- Detecting CXX compiler ABI info
[2.676s] -- Detecting CXX compiler ABI info - done
[2.686s] -- Check for working CXX compiler: /usr/lib/ccache/g++ - skipped
[2.686s] -- Detecting CXX compile features
[2.686s] -- Detecting CXX compile features - done
[2.697s] -- Found ament_cmake: 1.3.11 (/opt/ros/humble/share/ament_cmake/cmake)
[4.007s] -- Found Python3: /usr/bin/python3 (found version "3.10.12") found components: Interpreter 
[4.212s] -- Found ament_lint_auto: 0.12.12 (/opt/ros/humble/share/ament_lint_auto/cmake)
[4.553s] -- Added test 'flake8' to check Python code syntax and style conventions
[4.553s] -- Added test 'lint_cmake' to check CMake code style
[4.555s] -- Added test 'pep257' to check Python code against some of the docstring style conventions in PEP 257
[4.557s] -- Added test 'xmllint' to check XML markup files
[4.559s] -- Configuring done
[4.562s] -- Generating done
[4.564s] -- Build files have been written to: /home/ali/kiosk_toolbox/build/tortoisebot_description
[4.585s] Invoked command in '/home/ali/kiosk_toolbox/build/tortoisebot_description' returned '0': CMAKE_PREFIX_PATH=${CMAKE_PREFIX_PATH}:/home/ali/ros2_ws/install/flexbe_onboard:/home/ali/ros2_ws/install/flexbe_states:/home/ali/ros2_ws/install/flexbe_mirror:/home/ali/ros2_ws/install/flexbe_input:/home/ali/ros2_ws/install/flex_bt_flexbe_states:/home/ali/ros2_ws/install/flexbe_core:/home/ali/ros2_ws/install/flex_nav_pure_pursuit:/opt/ros/humble /usr/bin/cmake /home/ali/kiosk_toolbox/src/tortoisebot/tortoisebot_description -DCMAKE_INSTALL_PREFIX=/home/ali/kiosk_toolbox/install/tortoisebot_description
[4.586s] Invoking command in '/home/ali/kiosk_toolbox/build/tortoisebot_description': CMAKE_PREFIX_PATH=${CMAKE_PREFIX_PATH}:/home/ali/ros2_ws/install/flexbe_onboard:/home/ali/ros2_ws/install/flexbe_states:/home/ali/ros2_ws/install/flexbe_mirror:/home/ali/ros2_ws/install/flexbe_input:/home/ali/ros2_ws/install/flex_bt_flexbe_states:/home/ali/ros2_ws/install/flexbe_core:/home/ali/ros2_ws/install/flex_nav_pure_pursuit:/opt/ros/humble /usr/bin/cmake --build /home/ali/kiosk_toolbox/build/tortoisebot_description -- -j16 -l16
[4.972s] Invoked command in '/home/ali/kiosk_toolbox/build/tortoisebot_description' returned '0': CMAKE_PREFIX_PATH=${CMAKE_PREFIX_PATH}:/home/ali/ros2_ws/install/flexbe_onboard:/home/ali/ros2_ws/install/flexbe_states:/home/ali/ros2_ws/install/flexbe_mirror:/home/ali/ros2_ws/install/flexbe_input:/home/ali/ros2_ws/install/flex_bt_flexbe_states:/home/ali/ros2_ws/install/flexbe_core:/home/ali/ros2_ws/install/flex_nav_pure_pursuit:/opt/ros/humble /usr/bin/cmake --build /home/ali/kiosk_toolbox/build/tortoisebot_description -- -j16 -l16
[4.973s] Invoking command in '/home/ali/kiosk_toolbox/build/tortoisebot_description': CMAKE_PREFIX_PATH=${CMAKE_PREFIX_PATH}:/home/ali/ros2_ws/install/flexbe_onboard:/home/ali/ros2_ws/install/flexbe_states:/home/ali/ros2_ws/install/flexbe_mirror:/home/ali/ros2_ws/install/flexbe_input:/home/ali/ros2_ws/install/flex_bt_flexbe_states:/home/ali/ros2_ws/install/flexbe_core:/home/ali/ros2_ws/install/flex_nav_pure_pursuit:/opt/ros/humble /usr/bin/cmake --install /home/ali/kiosk_toolbox/build/tortoisebot_description
[7.523s] -- Install configuration: ""
[7.524s] -- Installing: /home/ali/kiosk_toolbox/install/tortoisebot_description/share/tortoisebot_description/launch
[7.524s] -- Installing: /home/ali/kiosk_toolbox/install/tortoisebot_description/share/tortoisebot_description/launch/state_publisher.launch.py
[7.524s] -- Installing: /home/ali/kiosk_toolbox/install/tortoisebot_description/share/tortoisebot_description/launch/display.launch.py
[7.524s] -- Installing: /home/ali/kiosk_toolbox/install/tortoisebot_description/share/tortoisebot_description/models
[7.524s] -- Installing: /home/ali/kiosk_toolbox/install/tortoisebot_description/share/tortoisebot_description/models/meshes
[7.524s] -- Installing: /home/ali/kiosk_toolbox/install/tortoisebot_description/share/tortoisebot_description/models/meshes/castor_wheel.dae
[7.524s] -- Installing: /home/ali/kiosk_toolbox/install/tortoisebot_description/share/tortoisebot_description/models/meshes/base_link.dae
[7.524s] -- Installing: /home/ali/kiosk_toolbox/install/tortoisebot_description/share/tortoisebot_description/models/meshes/camera_holder.dae
[7.524s] -- Installing: /home/ali/kiosk_toolbox/install/tortoisebot_description/share/tortoisebot_description/models/meshes/wheel_right.dae
[7.524s] -- Installing: /home/ali/kiosk_toolbox/install/tortoisebot_description/share/tortoisebot_description/models/meshes/lidar.dae
[7.524s] -- Installing: /home/ali/kiosk_toolbox/install/tortoisebot_description/share/tortoisebot_description/models/meshes/camera_link.dae
[7.524s] -- Installing: /home/ali/kiosk_toolbox/install/tortoisebot_description/share/tortoisebot_description/models/meshes/wheel_left.dae
[7.524s] -- Installing: /home/ali/kiosk_toolbox/install/tortoisebot_description/share/tortoisebot_description/models/.DS_Store
[7.524s] -- Installing: /home/ali/kiosk_toolbox/install/tortoisebot_description/share/tortoisebot_description/models/urdf
[7.524s] -- Installing: /home/ali/kiosk_toolbox/install/tortoisebot_description/share/tortoisebot_description/models/urdf/tortoisebot_simple.gazebo
[7.524s] -- Installing: /home/ali/kiosk_toolbox/install/tortoisebot_description/share/tortoisebot_description/models/urdf/tortoisebot_simple.xacro
[7.524s] -- Installing: /home/ali/kiosk_toolbox/install/tortoisebot_description/share/tortoisebot_description/rviz
[7.524s] -- Installing: /home/ali/kiosk_toolbox/install/tortoisebot_description/share/tortoisebot_description/rviz/tortoisebot_sensor_display.rviz
[7.525s] -- Installing: /home/ali/kiosk_toolbox/install/tortoisebot_description/share/tortoisebot_description/worlds
[7.525s] -- Installing: /home/ali/kiosk_toolbox/install/tortoisebot_description/share/tortoisebot_description/worlds/big_env.sdf
[7.525s] -- Installing: /home/ali/kiosk_toolbox/install/tortoisebot_description/share/ament_index/resource_index/package_run_dependencies/tortoisebot_description
[7.525s] -- Installing: /home/ali/kiosk_toolbox/install/tortoisebot_description/share/ament_index/resource_index/parent_prefix_path/tortoisebot_description
[7.525s] -- Installing: /home/ali/kiosk_toolbox/install/tortoisebot_description/share/tortoisebot_description/environment/ament_prefix_path.sh
[7.525s] -- Installing: /home/ali/kiosk_toolbox/install/tortoisebot_description/share/tortoisebot_description/environment/ament_prefix_path.dsv
[7.525s] -- Installing: /home/ali/kiosk_toolbox/install/tortoisebot_description/share/tortoisebot_description/environment/path.sh
[7.525s] -- Installing: /home/ali/kiosk_toolbox/install/tortoisebot_description/share/tortoisebot_description/environment/path.dsv
[7.525s] -- Installing: /home/ali/kiosk_toolbox/install/tortoisebot_description/share/tortoisebot_description/local_setup.bash
[7.525s] -- Installing: /home/ali/kiosk_toolbox/install/tortoisebot_description/share/tortoisebot_description/local_setup.sh
[7.525s] -- Installing: /home/ali/kiosk_toolbox/install/tortoisebot_description/share/tortoisebot_description/local_setup.zsh
[7.525s] -- Installing: /home/ali/kiosk_toolbox/install/tortoisebot_description/share/tortoisebot_description/local_setup.dsv
[7.525s] -- Installing: /home/ali/kiosk_toolbox/install/tortoisebot_description/share/tortoisebot_description/package.dsv
[7.525s] -- Installing: /home/ali/kiosk_toolbox/install/tortoisebot_description/share/ament_index/resource_index/packages/tortoisebot_description
[7.525s] -- Installing: /home/ali/kiosk_toolbox/install/tortoisebot_description/share/tortoisebot_description/cmake/tortoisebot_descriptionConfig.cmake
[7.525s] -- Installing: /home/ali/kiosk_toolbox/install/tortoisebot_description/share/tortoisebot_description/cmake/tortoisebot_descriptionConfig-version.cmake
[7.525s] -- Installing: /home/ali/kiosk_toolbox/install/tortoisebot_description/share/tortoisebot_description/package.xml
[7.585s] Invoked command in '/home/ali/kiosk_toolbox/build/tortoisebot_description' returned '0': CMAKE_PREFIX_PATH=${CMAKE_PREFIX_PATH}:/home/ali/ros2_ws/install/flexbe_onboard:/home/ali/ros2_ws/install/flexbe_states:/home/ali/ros2_ws/install/flexbe_mirror:/home/ali/ros2_ws/install/flexbe_input:/home/ali/ros2_ws/install/flex_bt_flexbe_states:/home/ali/ros2_ws/install/flexbe_core:/home/ali/ros2_ws/install/flex_nav_pure_pursuit:/opt/ros/humble /usr/bin/cmake --install /home/ali/kiosk_toolbox/build/tortoisebot_description
