[35m[1mConsolidate compiler generated dependencies of target zlac_run[0m
[ 36%] Built target zlac8015d
[ 45%] Built target example
[ 72%] Built target zlac_run
[100%] Built target zlac_run_dummy
-- Install configuration: ""
-- Up-to-date: /home/ali/kiosk_toolbox/install/zlac8015d_serial/share/zlac8015d_serial/environment/library_path.sh
-- Up-to-date: /home/ali/kiosk_toolbox/install/zlac8015d_serial/share/zlac8015d_serial/environment/library_path.dsv
-- Up-to-date: /home/ali/kiosk_toolbox/install/zlac8015d_serial/include/include
-- Up-to-date: /home/ali/kiosk_toolbox/install/zlac8015d_serial/include/include/zlac8015d.h
-- Up-to-date: /home/ali/kiosk_toolbox/install/zlac8015d_serial/include/include/Comm
-- Up-to-date: /home/ali/kiosk_toolbox/install/zlac8015d_serial/include/include/Comm/crc_check.h
-- Up-to-date: /home/ali/kiosk_toolbox/install/zlac8015d_serial/lib/zlac8015d_serial/example
-- Up-to-date: /home/ali/kiosk_toolbox/install/zlac8015d_serial/lib/zlac8015d_serial/zlac_run
-- Up-to-date: /home/ali/kiosk_toolbox/install/zlac8015d_serial/lib/zlac8015d_serial/zlac_run_dummy
-- Up-to-date: /home/ali/kiosk_toolbox/install/zlac8015d_serial/lib/libzlac8015d.a
-- Up-to-date: /home/ali/kiosk_toolbox/install/zlac8015d_serial/share/ament_index/resource_index/package_run_dependencies/zlac8015d_serial
-- Up-to-date: /home/ali/kiosk_toolbox/install/zlac8015d_serial/share/ament_index/resource_index/parent_prefix_path/zlac8015d_serial
-- Up-to-date: /home/ali/kiosk_toolbox/install/zlac8015d_serial/share/zlac8015d_serial/environment/ament_prefix_path.sh
-- Up-to-date: /home/ali/kiosk_toolbox/install/zlac8015d_serial/share/zlac8015d_serial/environment/ament_prefix_path.dsv
-- Up-to-date: /home/ali/kiosk_toolbox/install/zlac8015d_serial/share/zlac8015d_serial/environment/path.sh
-- Up-to-date: /home/ali/kiosk_toolbox/install/zlac8015d_serial/share/zlac8015d_serial/environment/path.dsv
-- Up-to-date: /home/ali/kiosk_toolbox/install/zlac8015d_serial/share/zlac8015d_serial/local_setup.bash
-- Up-to-date: /home/ali/kiosk_toolbox/install/zlac8015d_serial/share/zlac8015d_serial/local_setup.sh
-- Up-to-date: /home/ali/kiosk_toolbox/install/zlac8015d_serial/share/zlac8015d_serial/local_setup.zsh
-- Up-to-date: /home/ali/kiosk_toolbox/install/zlac8015d_serial/share/zlac8015d_serial/local_setup.dsv
-- Installing: /home/ali/kiosk_toolbox/install/zlac8015d_serial/share/zlac8015d_serial/package.dsv
-- Up-to-date: /home/ali/kiosk_toolbox/install/zlac8015d_serial/share/ament_index/resource_index/packages/zlac8015d_serial
-- Up-to-date: /home/ali/kiosk_toolbox/install/zlac8015d_serial/share/zlac8015d_serial/cmake/zlac8015dExport.cmake
-- Up-to-date: /home/ali/kiosk_toolbox/install/zlac8015d_serial/share/zlac8015d_serial/cmake/zlac8015dExport-noconfig.cmake
-- Up-to-date: /home/ali/kiosk_toolbox/install/zlac8015d_serial/share/zlac8015d_serial/cmake/ament_cmake_export_targets-extras.cmake
-- Up-to-date: /home/ali/kiosk_toolbox/install/zlac8015d_serial/share/zlac8015d_serial/cmake/zlac8015d_serialConfig.cmake
-- Up-to-date: /home/ali/kiosk_toolbox/install/zlac8015d_serial/share/zlac8015d_serial/cmake/zlac8015d_serialConfig-version.cmake
-- Up-to-date: /home/ali/kiosk_toolbox/install/zlac8015d_serial/share/zlac8015d_serial/package.xml
