running egg_info
writing ../../build/ali_rob/ali_rob.egg-info/PKG-INFO
writing dependency_links to ../../build/ali_rob/ali_rob.egg-info/dependency_links.txt
writing entry points to ../../build/ali_rob/ali_rob.egg-info/entry_points.txt
writing requirements to ../../build/ali_rob/ali_rob.egg-info/requires.txt
writing top-level names to ../../build/ali_rob/ali_rob.egg-info/top_level.txt
reading manifest file '../../build/ali_rob/ali_rob.egg-info/SOURCES.txt'
writing manifest file '../../build/ali_rob/ali_rob.egg-info/SOURCES.txt'
running build
running build_py
running install
running install_lib
byte-compiling /home/ali/kiosk_toolbox/install/ali_rob/lib/python3.10/site-packages/ali_rob/mpu6050.py to mpu6050.cpython-310.pyc
running install_data
copying urdf/dolly.urdf -> /home/ali/kiosk_toolbox/install/ali_rob/share/ali_rob/urdf
running install_egg_info
removing '/home/ali/kiosk_toolbox/install/ali_rob/lib/python3.10/site-packages/ali_rob-0.0.0-py3.10.egg-info' (and everything under it)
Copying ../../build/ali_rob/ali_rob.egg-info to /home/ali/kiosk_toolbox/install/ali_rob/lib/python3.10/site-packages/ali_rob-0.0.0-py3.10.egg-info
running install_scripts
Installing combine script to /home/ali/kiosk_toolbox/install/ali_rob/lib/ali_rob
Installing control script to /home/ali/kiosk_toolbox/install/ali_rob/lib/ali_rob
Installing gyro_mpu6050 script to /home/ali/kiosk_toolbox/install/ali_rob/lib/ali_rob
Installing line_following script to /home/ali/kiosk_toolbox/install/ali_rob/lib/ali_rob
Installing mpu6050 script to /home/ali/kiosk_toolbox/install/ali_rob/lib/ali_rob
Installing obstical_avoidence script to /home/ali/kiosk_toolbox/install/ali_rob/lib/ali_rob
writing list of installed files to '/home/ali/kiosk_toolbox/build/ali_rob/install.log'
