[2.951s] Invoking command in '/home/ali/kiosk_toolbox/src/ali_rob': PYTHONPATH=/home/ali/kiosk_toolbox/build/ali_rob/prefix_override:/usr/lib/python3/dist-packages/colcon_core/task/python/colcon_distutils_commands:/home/ali/kiosk_toolbox/install/ali_rob/lib/python3.10/site-packages:${PYTHONPATH} /usr/bin/python3 -W ignore:setup.py install is deprecated -W ignore:easy_install command is deprecated setup.py egg_info --egg-base ../../build/ali_rob build --build-base /home/ali/kiosk_toolbox/build/ali_rob/build install --record /home/ali/kiosk_toolbox/build/ali_rob/install.log --single-version-externally-managed install_data
[3.457s] running egg_info
[3.479s] writing ../../build/ali_rob/ali_rob.egg-info/PKG-INFO
[3.479s] writing dependency_links to ../../build/ali_rob/ali_rob.egg-info/dependency_links.txt
[3.480s] writing entry points to ../../build/ali_rob/ali_rob.egg-info/entry_points.txt
[3.480s] writing requirements to ../../build/ali_rob/ali_rob.egg-info/requires.txt
[3.480s] writing top-level names to ../../build/ali_rob/ali_rob.egg-info/top_level.txt
[3.525s] reading manifest file '../../build/ali_rob/ali_rob.egg-info/SOURCES.txt'
[3.525s] writing manifest file '../../build/ali_rob/ali_rob.egg-info/SOURCES.txt'
[3.525s] running build
[3.525s] running build_py
[3.526s] running install
[3.529s] running install_lib
[3.551s] byte-compiling /home/ali/kiosk_toolbox/install/ali_rob/lib/python3.10/site-packages/ali_rob/mpu6050.py to mpu6050.cpython-310.pyc
[3.552s] Sorry: TabError: inconsistent use of tabs and spaces in indentation (mpu6050.py, line 257)
[3.552s] running install_data
[3.552s] running install_egg_info
[3.576s] removing '/home/ali/kiosk_toolbox/install/ali_rob/lib/python3.10/site-packages/ali_rob-0.0.0-py3.10.egg-info' (and everything under it)
[3.576s] Copying ../../build/ali_rob/ali_rob.egg-info to /home/ali/kiosk_toolbox/install/ali_rob/lib/python3.10/site-packages/ali_rob-0.0.0-py3.10.egg-info
[3.576s] running install_scripts
[3.654s] Installing combine script to /home/ali/kiosk_toolbox/install/ali_rob/lib/ali_rob
[3.654s] Installing control script to /home/ali/kiosk_toolbox/install/ali_rob/lib/ali_rob
[3.654s] Installing gyro_mpu6050 script to /home/ali/kiosk_toolbox/install/ali_rob/lib/ali_rob
[3.654s] Installing line_following script to /home/ali/kiosk_toolbox/install/ali_rob/lib/ali_rob
[3.654s] Installing mpu6050 script to /home/ali/kiosk_toolbox/install/ali_rob/lib/ali_rob
[3.655s] Installing obstical_avoidence script to /home/ali/kiosk_toolbox/install/ali_rob/lib/ali_rob
[3.655s] writing list of installed files to '/home/ali/kiosk_toolbox/build/ali_rob/install.log'
[3.684s] Invoked command in '/home/ali/kiosk_toolbox/src/ali_rob' returned '0': PYTHONPATH=/home/ali/kiosk_toolbox/build/ali_rob/prefix_override:/usr/lib/python3/dist-packages/colcon_core/task/python/colcon_distutils_commands:/home/ali/kiosk_toolbox/install/ali_rob/lib/python3.10/site-packages:${PYTHONPATH} /usr/bin/python3 -W ignore:setup.py install is deprecated -W ignore:easy_install command is deprecated setup.py egg_info --egg-base ../../build/ali_rob build --build-base /home/ali/kiosk_toolbox/build/ali_rob/build install --record /home/ali/kiosk_toolbox/build/ali_rob/install.log --single-version-externally-managed install_data
