[1.794s] Invoking command in '/home/ali/kiosk_toolbox/build/tortoisebot_gazebo': CMAKE_PREFIX_PATH=${CMAKE_PREFIX_PATH}:/home/ali/kiosk_toolbox/install/tortoisebot_control:/home/ali/kiosk_toolbox/install/odometry_calculator:/home/ali/kiosk_toolbox/install/bno055:/home/ali/kiosk_toolbox/install/ali_rob:/home/ali/ros2_ws/install/flexbe_onboard:/home/ali/ros2_ws/install/flexbe_states:/home/ali/ros2_ws/install/flexbe_mirror:/home/ali/ros2_ws/install/flexbe_input:/home/ali/ros2_ws/install/flex_bt_flexbe_states:/home/ali/ros2_ws/install/flexbe_core:/home/ali/ros2_ws/install/flex_nav_pure_pursuit:/opt/ros/humble /usr/bin/cmake --build /home/ali/kiosk_toolbox/build/tortoisebot_gazebo -- -j16 -l16
[1.878s] Invoked command in '/home/ali/kiosk_toolbox/build/tortoisebot_gazebo' returned '0': CMAKE_PREFIX_PATH=${CMAKE_PREFIX_PATH}:/home/ali/kiosk_toolbox/install/tortoisebot_control:/home/ali/kiosk_toolbox/install/odometry_calculator:/home/ali/kiosk_toolbox/install/bno055:/home/ali/kiosk_toolbox/install/ali_rob:/home/ali/ros2_ws/install/flexbe_onboard:/home/ali/ros2_ws/install/flexbe_states:/home/ali/ros2_ws/install/flexbe_mirror:/home/ali/ros2_ws/install/flexbe_input:/home/ali/ros2_ws/install/flex_bt_flexbe_states:/home/ali/ros2_ws/install/flexbe_core:/home/ali/ros2_ws/install/flex_nav_pure_pursuit:/opt/ros/humble /usr/bin/cmake --build /home/ali/kiosk_toolbox/build/tortoisebot_gazebo -- -j16 -l16
[1.880s] Invoking command in '/home/ali/kiosk_toolbox/build/tortoisebot_gazebo': CMAKE_PREFIX_PATH=${CMAKE_PREFIX_PATH}:/home/ali/kiosk_toolbox/install/tortoisebot_control:/home/ali/kiosk_toolbox/install/odometry_calculator:/home/ali/kiosk_toolbox/install/bno055:/home/ali/kiosk_toolbox/install/ali_rob:/home/ali/ros2_ws/install/flexbe_onboard:/home/ali/ros2_ws/install/flexbe_states:/home/ali/ros2_ws/install/flexbe_mirror:/home/ali/ros2_ws/install/flexbe_input:/home/ali/ros2_ws/install/flex_bt_flexbe_states:/home/ali/ros2_ws/install/flexbe_core:/home/ali/ros2_ws/install/flex_nav_pure_pursuit:/opt/ros/humble /usr/bin/cmake --install /home/ali/kiosk_toolbox/build/tortoisebot_gazebo
[1.961s] -- Install configuration: ""
[1.961s] -- Up-to-date: /home/ali/kiosk_toolbox/install/tortoisebot_gazebo/share/tortoisebot_gazebo/gazebo
[1.961s] -- Up-to-date: /home/ali/kiosk_toolbox/install/tortoisebot_gazebo/share/tortoisebot_gazebo/gazebo/tortoisebot_physics.gazebo
[1.961s] -- Up-to-date: /home/ali/kiosk_toolbox/install/tortoisebot_gazebo/share/tortoisebot_gazebo/gazebo/tortoisebot_plugins.gazebo
[1.961s] -- Up-to-date: /home/ali/kiosk_toolbox/install/tortoisebot_gazebo/share/tortoisebot_gazebo/gazebo/tortoisebot_materials.gazebo
[1.961s] -- Up-to-date: /home/ali/kiosk_toolbox/install/tortoisebot_gazebo/share/tortoisebot_gazebo/launch
[1.961s] -- Up-to-date: /home/ali/kiosk_toolbox/install/tortoisebot_gazebo/share/tortoisebot_gazebo/launch/gazebo.launch.py
[1.961s] -- Up-to-date: /home/ali/kiosk_toolbox/install/tortoisebot_gazebo/share/tortoisebot_gazebo/worlds
[1.962s] -- Up-to-date: /home/ali/kiosk_toolbox/install/tortoisebot_gazebo/share/tortoisebot_gazebo/worlds/room2.sdf
[1.962s] -- Up-to-date: /home/ali/kiosk_toolbox/install/tortoisebot_gazebo/share/ament_index/resource_index/package_run_dependencies/tortoisebot_gazebo
[1.962s] -- Up-to-date: /home/ali/kiosk_toolbox/install/tortoisebot_gazebo/share/ament_index/resource_index/parent_prefix_path/tortoisebot_gazebo
[1.962s] -- Up-to-date: /home/ali/kiosk_toolbox/install/tortoisebot_gazebo/share/tortoisebot_gazebo/environment/ament_prefix_path.sh
[1.962s] -- Up-to-date: /home/ali/kiosk_toolbox/install/tortoisebot_gazebo/share/tortoisebot_gazebo/environment/ament_prefix_path.dsv
[1.962s] -- Up-to-date: /home/ali/kiosk_toolbox/install/tortoisebot_gazebo/share/tortoisebot_gazebo/environment/path.sh
[1.962s] -- Up-to-date: /home/ali/kiosk_toolbox/install/tortoisebot_gazebo/share/tortoisebot_gazebo/environment/path.dsv
[1.962s] -- Up-to-date: /home/ali/kiosk_toolbox/install/tortoisebot_gazebo/share/tortoisebot_gazebo/local_setup.bash
[1.962s] -- Up-to-date: /home/ali/kiosk_toolbox/install/tortoisebot_gazebo/share/tortoisebot_gazebo/local_setup.sh
[1.962s] -- Up-to-date: /home/ali/kiosk_toolbox/install/tortoisebot_gazebo/share/tortoisebot_gazebo/local_setup.zsh
[1.962s] -- Up-to-date: /home/ali/kiosk_toolbox/install/tortoisebot_gazebo/share/tortoisebot_gazebo/local_setup.dsv
[1.963s] -- Installing: /home/ali/kiosk_toolbox/install/tortoisebot_gazebo/share/tortoisebot_gazebo/package.dsv
[1.963s] -- Up-to-date: /home/ali/kiosk_toolbox/install/tortoisebot_gazebo/share/ament_index/resource_index/packages/tortoisebot_gazebo
[1.963s] -- Up-to-date: /home/ali/kiosk_toolbox/install/tortoisebot_gazebo/share/tortoisebot_gazebo/cmake/tortoisebot_gazeboConfig.cmake
[1.963s] -- Up-to-date: /home/ali/kiosk_toolbox/install/tortoisebot_gazebo/share/tortoisebot_gazebo/cmake/tortoisebot_gazeboConfig-version.cmake
[1.963s] -- Up-to-date: /home/ali/kiosk_toolbox/install/tortoisebot_gazebo/share/tortoisebot_gazebo/package.xml
[2.107s] Invoked command in '/home/ali/kiosk_toolbox/build/tortoisebot_gazebo' returned '0': CMAKE_PREFIX_PATH=${CMAKE_PREFIX_PATH}:/home/ali/kiosk_toolbox/install/tortoisebot_control:/home/ali/kiosk_toolbox/install/odometry_calculator:/home/ali/kiosk_toolbox/install/bno055:/home/ali/kiosk_toolbox/install/ali_rob:/home/ali/ros2_ws/install/flexbe_onboard:/home/ali/ros2_ws/install/flexbe_states:/home/ali/ros2_ws/install/flexbe_mirror:/home/ali/ros2_ws/install/flexbe_input:/home/ali/ros2_ws/install/flex_bt_flexbe_states:/home/ali/ros2_ws/install/flexbe_core:/home/ali/ros2_ws/install/flex_nav_pure_pursuit:/opt/ros/humble /usr/bin/cmake --install /home/ali/kiosk_toolbox/build/tortoisebot_gazebo
