/home/ali/kiosk_toolbox/install/ali_rob/lib/python3.10/site-packages/ali_rob/mpu6050.py
/home/ali/kiosk_toolbox/install/ali_rob/lib/python3.10/site-packages/ali_rob/obstical_avoidence.py
/home/ali/kiosk_toolbox/install/ali_rob/lib/python3.10/site-packages/ali_rob/control.py
/home/ali/kiosk_toolbox/install/ali_rob/lib/python3.10/site-packages/ali_rob/combine.py
/home/ali/kiosk_toolbox/install/ali_rob/lib/python3.10/site-packages/ali_rob/gyro_mpu6050.py
/home/ali/kiosk_toolbox/install/ali_rob/lib/python3.10/site-packages/ali_rob/line_following.py
/home/ali/kiosk_toolbox/install/ali_rob/lib/python3.10/site-packages/ali_rob/__init__.py
/home/ali/kiosk_toolbox/install/ali_rob/lib/python3.10/site-packages/ali_rob/__pycache__/mpu6050.cpython-310.pyc
/home/ali/kiosk_toolbox/install/ali_rob/lib/python3.10/site-packages/ali_rob/__pycache__/obstical_avoidence.cpython-310.pyc
/home/ali/kiosk_toolbox/install/ali_rob/lib/python3.10/site-packages/ali_rob/__pycache__/control.cpython-310.pyc
/home/ali/kiosk_toolbox/install/ali_rob/lib/python3.10/site-packages/ali_rob/__pycache__/combine.cpython-310.pyc
/home/ali/kiosk_toolbox/install/ali_rob/lib/python3.10/site-packages/ali_rob/__pycache__/gyro_mpu6050.cpython-310.pyc
/home/ali/kiosk_toolbox/install/ali_rob/lib/python3.10/site-packages/ali_rob/__pycache__/line_following.cpython-310.pyc
/home/ali/kiosk_toolbox/install/ali_rob/lib/python3.10/site-packages/ali_rob/__pycache__/__init__.cpython-310.pyc
/home/ali/kiosk_toolbox/install/ali_rob/share/ament_index/resource_index/packages/ali_rob
/home/ali/kiosk_toolbox/install/ali_rob/share/ali_rob/package.xml
/home/ali/kiosk_toolbox/install/ali_rob/share/ali_rob/urdf/dolly.urdf
/home/ali/kiosk_toolbox/install/ali_rob/share/ali_rob/launch/rviz_.launch.py
/home/ali/kiosk_toolbox/install/ali_rob/share/ali_rob/world/deneme.world
/home/ali/kiosk_toolbox/install/ali_rob/share/ali_rob/world/parkur.world
/home/ali/kiosk_toolbox/install/ali_rob/lib/python3.10/site-packages/ali_rob-0.0.0-py3.10.egg-info/requires.txt
/home/ali/kiosk_toolbox/install/ali_rob/lib/python3.10/site-packages/ali_rob-0.0.0-py3.10.egg-info/PKG-INFO
/home/ali/kiosk_toolbox/install/ali_rob/lib/python3.10/site-packages/ali_rob-0.0.0-py3.10.egg-info/SOURCES.txt
/home/ali/kiosk_toolbox/install/ali_rob/lib/python3.10/site-packages/ali_rob-0.0.0-py3.10.egg-info/entry_points.txt
/home/ali/kiosk_toolbox/install/ali_rob/lib/python3.10/site-packages/ali_rob-0.0.0-py3.10.egg-info/dependency_links.txt
/home/ali/kiosk_toolbox/install/ali_rob/lib/python3.10/site-packages/ali_rob-0.0.0-py3.10.egg-info/top_level.txt
/home/ali/kiosk_toolbox/install/ali_rob/lib/python3.10/site-packages/ali_rob-0.0.0-py3.10.egg-info/zip-safe
/home/ali/kiosk_toolbox/install/ali_rob/lib/ali_rob/combine
/home/ali/kiosk_toolbox/install/ali_rob/lib/ali_rob/control
/home/ali/kiosk_toolbox/install/ali_rob/lib/ali_rob/gyro_mpu6050
/home/ali/kiosk_toolbox/install/ali_rob/lib/ali_rob/line_following
/home/ali/kiosk_toolbox/install/ali_rob/lib/ali_rob/mpu6050
/home/ali/kiosk_toolbox/install/ali_rob/lib/ali_rob/obstical_avoidence
