[3.002s] Invoking command in '/home/ali/kiosk_toolbox/src/tortoisebot/tortoisebot_control': PYTHONPATH=/home/ali/kiosk_toolbox/build/tortoisebot_control/prefix_override:/usr/lib/python3/dist-packages/colcon_core/task/python/colcon_distutils_commands:/home/ali/kiosk_toolbox/install/tortoisebot_control/lib/python3.10/site-packages:${PYTHONPATH} /usr/bin/python3 -W ignore:setup.py install is deprecated -W ignore:easy_install command is deprecated setup.py egg_info --egg-base ../../../build/tortoisebot_control build --build-base /home/ali/kiosk_toolbox/build/tortoisebot_control/build install --record /home/ali/kiosk_toolbox/build/tortoisebot_control/install.log --single-version-externally-managed install_data
[4.584s] running egg_info
[4.606s] writing ../../../build/tortoisebot_control/tortoisebot_control.egg-info/PKG-INFO
[4.606s] writing dependency_links to ../../../build/tortoisebot_control/tortoisebot_control.egg-info/dependency_links.txt
[4.606s] writing entry points to ../../../build/tortoisebot_control/tortoisebot_control.egg-info/entry_points.txt
[4.606s] writing requirements to ../../../build/tortoisebot_control/tortoisebot_control.egg-info/requires.txt
[4.607s] writing top-level names to ../../../build/tortoisebot_control/tortoisebot_control.egg-info/top_level.txt
[4.651s] reading manifest file '../../../build/tortoisebot_control/tortoisebot_control.egg-info/SOURCES.txt'
[4.652s] writing manifest file '../../../build/tortoisebot_control/tortoisebot_control.egg-info/SOURCES.txt'
[4.652s] running build
[4.652s] running build_py
[4.652s] running install
[4.656s] running install_lib
[4.679s] running install_data
[4.679s] running install_egg_info
[4.702s] removing '/home/ali/kiosk_toolbox/install/tortoisebot_control/lib/python3.10/site-packages/tortoisebot_control-0.0.0-py3.10.egg-info' (and everything under it)
[4.702s] Copying ../../../build/tortoisebot_control/tortoisebot_control.egg-info to /home/ali/kiosk_toolbox/install/tortoisebot_control/lib/python3.10/site-packages/tortoisebot_control-0.0.0-py3.10.egg-info
[4.702s] running install_scripts
[4.781s] Installing teleop_twist_keyboard script to /home/ali/kiosk_toolbox/install/tortoisebot_control/lib/tortoisebot_control
[4.782s] writing list of installed files to '/home/ali/kiosk_toolbox/build/tortoisebot_control/install.log'
[4.811s] Invoked command in '/home/ali/kiosk_toolbox/src/tortoisebot/tortoisebot_control' returned '0': PYTHONPATH=/home/ali/kiosk_toolbox/build/tortoisebot_control/prefix_override:/usr/lib/python3/dist-packages/colcon_core/task/python/colcon_distutils_commands:/home/ali/kiosk_toolbox/install/tortoisebot_control/lib/python3.10/site-packages:${PYTHONPATH} /usr/bin/python3 -W ignore:setup.py install is deprecated -W ignore:easy_install command is deprecated setup.py egg_info --egg-base ../../../build/tortoisebot_control build --build-base /home/ali/kiosk_toolbox/build/tortoisebot_control/build install --record /home/ali/kiosk_toolbox/build/tortoisebot_control/install.log --single-version-externally-managed install_data
