[0.961s] Invoking command in '/home/ali/kiosk_toolbox/build/joy2twist': CMAKE_PREFIX_PATH=${CMAKE_PREFIX_PATH}:/home/ali/kiosk_toolbox/install/tortoisebot_control:/home/ali/kiosk_toolbox/install/odometry_calculator:/home/ali/kiosk_toolbox/install/bno055:/home/ali/kiosk_toolbox/install/ali_rob:/home/ali/ros2_ws/install/flexbe_onboard:/home/ali/ros2_ws/install/flexbe_states:/home/ali/ros2_ws/install/flexbe_mirror:/home/ali/ros2_ws/install/flexbe_input:/home/ali/ros2_ws/install/flex_bt_flexbe_states:/home/ali/ros2_ws/install/flexbe_core:/home/ali/ros2_ws/install/flex_nav_pure_pursuit:/opt/ros/humble /usr/bin/cmake --build /home/ali/kiosk_toolbox/build/joy2twist -- -j16 -l16
[1.880s] [100%] Built target joy2twist
[1.907s] Invoked command in '/home/ali/kiosk_toolbox/build/joy2twist' returned '0': CMAKE_PREFIX_PATH=${CMAKE_PREFIX_PATH}:/home/ali/kiosk_toolbox/install/tortoisebot_control:/home/ali/kiosk_toolbox/install/odometry_calculator:/home/ali/kiosk_toolbox/install/bno055:/home/ali/kiosk_toolbox/install/ali_rob:/home/ali/ros2_ws/install/flexbe_onboard:/home/ali/ros2_ws/install/flexbe_states:/home/ali/ros2_ws/install/flexbe_mirror:/home/ali/ros2_ws/install/flexbe_input:/home/ali/ros2_ws/install/flex_bt_flexbe_states:/home/ali/ros2_ws/install/flexbe_core:/home/ali/ros2_ws/install/flex_nav_pure_pursuit:/opt/ros/humble /usr/bin/cmake --build /home/ali/kiosk_toolbox/build/joy2twist -- -j16 -l16
[1.909s] Invoking command in '/home/ali/kiosk_toolbox/build/joy2twist': CMAKE_PREFIX_PATH=${CMAKE_PREFIX_PATH}:/home/ali/kiosk_toolbox/install/tortoisebot_control:/home/ali/kiosk_toolbox/install/odometry_calculator:/home/ali/kiosk_toolbox/install/bno055:/home/ali/kiosk_toolbox/install/ali_rob:/home/ali/ros2_ws/install/flexbe_onboard:/home/ali/ros2_ws/install/flexbe_states:/home/ali/ros2_ws/install/flexbe_mirror:/home/ali/ros2_ws/install/flexbe_input:/home/ali/ros2_ws/install/flex_bt_flexbe_states:/home/ali/ros2_ws/install/flexbe_core:/home/ali/ros2_ws/install/flex_nav_pure_pursuit:/opt/ros/humble /usr/bin/cmake --install /home/ali/kiosk_toolbox/build/joy2twist
[1.933s] -- Install configuration: ""
[1.933s] -- Up-to-date: /home/ali/kiosk_toolbox/install/joy2twist/lib/joy2twist/joy2twist
[1.933s] -- Up-to-date: /home/ali/kiosk_toolbox/install/joy2twist/share/joy2twist//launch
[1.933s] -- Up-to-date: /home/ali/kiosk_toolbox/install/joy2twist/share/joy2twist//launch/joy2twist.launch.py
[1.933s] -- Up-to-date: /home/ali/kiosk_toolbox/install/joy2twist/share/joy2twist//launch/gamepad_controller.launch.py
[1.933s] -- Up-to-date: /home/ali/kiosk_toolbox/install/joy2twist/share/joy2twist//config
[1.933s] -- Up-to-date: /home/ali/kiosk_toolbox/install/joy2twist/share/joy2twist//config/joy2twist.yaml
[1.933s] -- Up-to-date: /home/ali/kiosk_toolbox/install/joy2twist/share/joy2twist//config/joy2twist_ugv.yaml
[1.933s] -- Up-to-date: /home/ali/kiosk_toolbox/install/joy2twist/share/ament_index/resource_index/package_run_dependencies/joy2twist
[1.933s] -- Up-to-date: /home/ali/kiosk_toolbox/install/joy2twist/share/ament_index/resource_index/parent_prefix_path/joy2twist
[1.933s] -- Up-to-date: /home/ali/kiosk_toolbox/install/joy2twist/share/joy2twist/environment/ament_prefix_path.sh
[1.933s] -- Up-to-date: /home/ali/kiosk_toolbox/install/joy2twist/share/joy2twist/environment/ament_prefix_path.dsv
[1.933s] -- Up-to-date: /home/ali/kiosk_toolbox/install/joy2twist/share/joy2twist/environment/path.sh
[1.933s] -- Up-to-date: /home/ali/kiosk_toolbox/install/joy2twist/share/joy2twist/environment/path.dsv
[1.933s] -- Up-to-date: /home/ali/kiosk_toolbox/install/joy2twist/share/joy2twist/local_setup.bash
[1.933s] -- Up-to-date: /home/ali/kiosk_toolbox/install/joy2twist/share/joy2twist/local_setup.sh
[1.933s] -- Up-to-date: /home/ali/kiosk_toolbox/install/joy2twist/share/joy2twist/local_setup.zsh
[1.933s] -- Up-to-date: /home/ali/kiosk_toolbox/install/joy2twist/share/joy2twist/local_setup.dsv
[1.933s] -- Installing: /home/ali/kiosk_toolbox/install/joy2twist/share/joy2twist/package.dsv
[1.933s] -- Up-to-date: /home/ali/kiosk_toolbox/install/joy2twist/share/ament_index/resource_index/packages/joy2twist
[1.933s] -- Up-to-date: /home/ali/kiosk_toolbox/install/joy2twist/share/joy2twist/cmake/ament_cmake_export_include_directories-extras.cmake
[1.933s] -- Up-to-date: /home/ali/kiosk_toolbox/install/joy2twist/share/joy2twist/cmake/joy2twistConfig.cmake
[1.933s] -- Up-to-date: /home/ali/kiosk_toolbox/install/joy2twist/share/joy2twist/cmake/joy2twistConfig-version.cmake
[1.933s] -- Up-to-date: /home/ali/kiosk_toolbox/install/joy2twist/share/joy2twist/package.xml
[1.974s] Invoked command in '/home/ali/kiosk_toolbox/build/joy2twist' returned '0': CMAKE_PREFIX_PATH=${CMAKE_PREFIX_PATH}:/home/ali/kiosk_toolbox/install/tortoisebot_control:/home/ali/kiosk_toolbox/install/odometry_calculator:/home/ali/kiosk_toolbox/install/bno055:/home/ali/kiosk_toolbox/install/ali_rob:/home/ali/ros2_ws/install/flexbe_onboard:/home/ali/ros2_ws/install/flexbe_states:/home/ali/ros2_ws/install/flexbe_mirror:/home/ali/ros2_ws/install/flexbe_input:/home/ali/ros2_ws/install/flex_bt_flexbe_states:/home/ali/ros2_ws/install/flexbe_core:/home/ali/ros2_ws/install/flex_nav_pure_pursuit:/opt/ros/humble /usr/bin/cmake --install /home/ali/kiosk_toolbox/build/joy2twist
