[2.997s] Invoking command in '/home/ali/kiosk_toolbox/src/ali_rob': PYTHONPATH=/home/ali/kiosk_toolbox/build/ali_rob/prefix_override:/usr/lib/python3/dist-packages/colcon_core/task/python/colcon_distutils_commands:/home/ali/kiosk_toolbox/install/ali_rob/lib/python3.10/site-packages:${PYTHONPATH} /usr/bin/python3 -W ignore:setup.py install is deprecated -W ignore:easy_install command is deprecated setup.py egg_info --egg-base ../../build/ali_rob build --build-base /home/ali/kiosk_toolbox/build/ali_rob/build install --record /home/ali/kiosk_toolbox/build/ali_rob/install.log --single-version-externally-managed install_data
[4.667s] running egg_info
[4.689s] writing ../../build/ali_rob/ali_rob.egg-info/PKG-INFO
[4.689s] writing dependency_links to ../../build/ali_rob/ali_rob.egg-info/dependency_links.txt
[4.689s] writing entry points to ../../build/ali_rob/ali_rob.egg-info/entry_points.txt
[4.689s] writing requirements to ../../build/ali_rob/ali_rob.egg-info/requires.txt
[4.689s] writing top-level names to ../../build/ali_rob/ali_rob.egg-info/top_level.txt
[4.736s] reading manifest file '../../build/ali_rob/ali_rob.egg-info/SOURCES.txt'
[4.736s] writing manifest file '../../build/ali_rob/ali_rob.egg-info/SOURCES.txt'
[4.736s] running build
[4.737s] running build_py
[4.737s] running install
[4.740s] running install_lib
[4.763s] byte-compiling /home/ali/kiosk_toolbox/install/ali_rob/lib/python3.10/site-packages/ali_rob/mpu6050.py to mpu6050.cpython-310.pyc
[4.764s] running install_data
[4.764s] running install_egg_info
[4.765s] Sorry: TabError: inconsistent use of tabs and spaces in indentation (mpu6050.py, line 257)
[4.787s] removing '/home/ali/kiosk_toolbox/install/ali_rob/lib/python3.10/site-packages/ali_rob-0.0.0-py3.10.egg-info' (and everything under it)
[4.787s] Copying ../../build/ali_rob/ali_rob.egg-info to /home/ali/kiosk_toolbox/install/ali_rob/lib/python3.10/site-packages/ali_rob-0.0.0-py3.10.egg-info
[4.787s] running install_scripts
[4.869s] Installing combine script to /home/ali/kiosk_toolbox/install/ali_rob/lib/ali_rob
[4.869s] Installing control script to /home/ali/kiosk_toolbox/install/ali_rob/lib/ali_rob
[4.869s] Installing gyro_mpu6050 script to /home/ali/kiosk_toolbox/install/ali_rob/lib/ali_rob
[4.869s] Installing line_following script to /home/ali/kiosk_toolbox/install/ali_rob/lib/ali_rob
[4.870s] Installing mpu6050 script to /home/ali/kiosk_toolbox/install/ali_rob/lib/ali_rob
[4.870s] Installing obstical_avoidence script to /home/ali/kiosk_toolbox/install/ali_rob/lib/ali_rob
[4.870s] writing list of installed files to '/home/ali/kiosk_toolbox/build/ali_rob/install.log'
[4.900s] Invoked command in '/home/ali/kiosk_toolbox/src/ali_rob' returned '0': PYTHONPATH=/home/ali/kiosk_toolbox/build/ali_rob/prefix_override:/usr/lib/python3/dist-packages/colcon_core/task/python/colcon_distutils_commands:/home/ali/kiosk_toolbox/install/ali_rob/lib/python3.10/site-packages:${PYTHONPATH} /usr/bin/python3 -W ignore:setup.py install is deprecated -W ignore:easy_install command is deprecated setup.py egg_info --egg-base ../../build/ali_rob build --build-base /home/ali/kiosk_toolbox/build/ali_rob/build install --record /home/ali/kiosk_toolbox/build/ali_rob/install.log --single-version-externally-managed install_data
