[2.956s] Invoking command in '/home/ali/kiosk_toolbox/src/tortoisebot/tortoisebot_control': PYTHONPATH=/home/ali/kiosk_toolbox/build/tortoisebot_control/prefix_override:/usr/lib/python3/dist-packages/colcon_core/task/python/colcon_distutils_commands:/home/ali/kiosk_toolbox/install/tortoisebot_control/lib/python3.10/site-packages:${PYTHONPATH} /usr/bin/python3 -W ignore:setup.py install is deprecated -W ignore:easy_install command is deprecated setup.py egg_info --egg-base ../../../build/tortoisebot_control build --build-base /home/ali/kiosk_toolbox/build/tortoisebot_control/build install --record /home/ali/kiosk_toolbox/build/tortoisebot_control/install.log --single-version-externally-managed install_data
[3.463s] running egg_info
[3.485s] writing ../../../build/tortoisebot_control/tortoisebot_control.egg-info/PKG-INFO
[3.485s] writing dependency_links to ../../../build/tortoisebot_control/tortoisebot_control.egg-info/dependency_links.txt
[3.485s] writing entry points to ../../../build/tortoisebot_control/tortoisebot_control.egg-info/entry_points.txt
[3.485s] writing requirements to ../../../build/tortoisebot_control/tortoisebot_control.egg-info/requires.txt
[3.485s] writing top-level names to ../../../build/tortoisebot_control/tortoisebot_control.egg-info/top_level.txt
[3.530s] reading manifest file '../../../build/tortoisebot_control/tortoisebot_control.egg-info/SOURCES.txt'
[3.530s] writing manifest file '../../../build/tortoisebot_control/tortoisebot_control.egg-info/SOURCES.txt'
[3.530s] running build
[3.531s] running build_py
[3.531s] running install
[3.534s] running install_lib
[3.556s] running install_data
[3.556s] running install_egg_info
[3.578s] removing '/home/ali/kiosk_toolbox/install/tortoisebot_control/lib/python3.10/site-packages/tortoisebot_control-0.0.0-py3.10.egg-info' (and everything under it)
[3.579s] Copying ../../../build/tortoisebot_control/tortoisebot_control.egg-info to /home/ali/kiosk_toolbox/install/tortoisebot_control/lib/python3.10/site-packages/tortoisebot_control-0.0.0-py3.10.egg-info
[3.579s] running install_scripts
[3.664s] Installing teleop_twist_keyboard script to /home/ali/kiosk_toolbox/install/tortoisebot_control/lib/tortoisebot_control
[3.664s] writing list of installed files to '/home/ali/kiosk_toolbox/build/tortoisebot_control/install.log'
[3.701s] Invoked command in '/home/ali/kiosk_toolbox/src/tortoisebot/tortoisebot_control' returned '0': PYTHONPATH=/home/ali/kiosk_toolbox/build/tortoisebot_control/prefix_override:/usr/lib/python3/dist-packages/colcon_core/task/python/colcon_distutils_commands:/home/ali/kiosk_toolbox/install/tortoisebot_control/lib/python3.10/site-packages:${PYTHONPATH} /usr/bin/python3 -W ignore:setup.py install is deprecated -W ignore:easy_install command is deprecated setup.py egg_info --egg-base ../../../build/tortoisebot_control build --build-base /home/ali/kiosk_toolbox/build/tortoisebot_control/build install --record /home/ali/kiosk_toolbox/build/tortoisebot_control/install.log --single-version-externally-managed install_data
