[1.405s] Invoking command in '/home/ali/kiosk_toolbox/build/rf2o_laser_odometry': CMAKE_PREFIX_PATH=${CMAKE_PREFIX_PATH}:/home/ali/ros2_ws/install/flexbe_onboard:/home/ali/ros2_ws/install/flexbe_states:/home/ali/ros2_ws/install/flexbe_mirror:/home/ali/ros2_ws/install/flexbe_input:/home/ali/ros2_ws/install/flex_bt_flexbe_states:/home/ali/ros2_ws/install/flexbe_core:/home/ali/ros2_ws/install/flex_nav_pure_pursuit:/opt/ros/humble /usr/bin/cmake /home/ali/kiosk_toolbox/src/rf2o_laser_odometry -DCMAKE_INSTALL_PREFIX=/home/ali/kiosk_toolbox/install/rf2o_laser_odometry
[2.364s] -- The C compiler identification is GNU 12.3.0
[2.365s] -- The CXX compiler identification is GNU 12.3.0
[2.365s] -- Detecting C compiler ABI info
[2.365s] -- Detecting C compiler ABI info - done
[2.365s] -- Check for working C compiler: /usr/lib/ccache/gcc - skipped
[2.365s] -- Detecting C compile features
[2.365s] -- Detecting C compile features - done
[2.365s] -- Detecting CXX compiler ABI info
[2.365s] -- Detecting CXX compiler ABI info - done
[2.365s] -- Check for working CXX compiler: /usr/lib/ccache/g++ - skipped
[2.366s] -- Detecting CXX compile features
[2.366s] -- Detecting CXX compile features - done
[2.366s] -- Found ament_cmake: 1.3.11 (/opt/ros/humble/share/ament_cmake/cmake)
[2.572s] -- Found Python3: /usr/bin/python3 (found version "3.10.12") found components: Interpreter 
[2.853s] -- Found rclcpp: 16.0.12 (/opt/ros/humble/share/rclcpp/cmake)
[3.007s] -- Found rosidl_generator_c: 3.1.6 (/opt/ros/humble/share/rosidl_generator_c/cmake)
[3.026s] -- Found rosidl_adapter: 3.1.6 (/opt/ros/humble/share/rosidl_adapter/cmake)
[3.055s] -- Found rosidl_generator_cpp: 3.1.6 (/opt/ros/humble/share/rosidl_generator_cpp/cmake)
[3.090s] -- Using all available rosidl_typesupport_c: rosidl_typesupport_fastrtps_c;rosidl_typesupport_introspection_c
[3.138s] -- Using all available rosidl_typesupport_cpp: rosidl_typesupport_fastrtps_cpp;rosidl_typesupport_introspection_cpp
[3.277s] -- Found rmw_implementation_cmake: 6.1.2 (/opt/ros/humble/share/rmw_implementation_cmake/cmake)
[3.290s] -- Found rmw_fastrtps_cpp: 6.2.7 (/opt/ros/humble/share/rmw_fastrtps_cpp/cmake)
[3.468s] -- Found OpenSSL: /usr/lib/x86_64-linux-gnu/libcrypto.so (found version "3.0.2")  
[3.505s] -- Found FastRTPS: /opt/ros/humble/include  
[3.556s] -- Using RMW implementation 'rmw_fastrtps_cpp' as default
[3.576s] -- Looking for pthread.h
[3.679s] -- Looking for pthread.h - found
[3.680s] -- Performing Test CMAKE_HAVE_LIBC_PTHREAD
[3.800s] -- Performing Test CMAKE_HAVE_LIBC_PTHREAD - Success
[3.804s] -- Found Threads: TRUE  
[3.884s] -- Found geometry_msgs: 4.8.0 (/opt/ros/humble/share/geometry_msgs/cmake)
[3.898s] -- Found tf2_geometry_msgs: 0.25.12 (/opt/ros/humble/share/tf2_geometry_msgs/cmake)
[3.929s] -- Found eigen3_cmake_module: 0.1.1 (/opt/ros/humble/share/eigen3_cmake_module/cmake)
[3.932s] -- Found Eigen3: TRUE (found version "3.4.0") 
[3.932s] -- Ensuring Eigen3 include directory is part of orocos-kdl CMake target
[4.118s] -- Found sensor_msgs: 4.8.0 (/opt/ros/humble/share/sensor_msgs/cmake)
[4.131s] -- Found nav_msgs: 4.8.0 (/opt/ros/humble/share/nav_msgs/cmake)
[4.184s] -- Found Boost: /usr/lib/x86_64-linux-gnu/cmake/Boost-1.74.0/BoostConfig.cmake (found version "1.74.0")  
[4.374s] -- Configuring done
[4.410s] -- Generating done
[4.427s] -- Build files have been written to: /home/ali/kiosk_toolbox/build/rf2o_laser_odometry
[4.476s] Invoked command in '/home/ali/kiosk_toolbox/build/rf2o_laser_odometry' returned '0': CMAKE_PREFIX_PATH=${CMAKE_PREFIX_PATH}:/home/ali/ros2_ws/install/flexbe_onboard:/home/ali/ros2_ws/install/flexbe_states:/home/ali/ros2_ws/install/flexbe_mirror:/home/ali/ros2_ws/install/flexbe_input:/home/ali/ros2_ws/install/flex_bt_flexbe_states:/home/ali/ros2_ws/install/flexbe_core:/home/ali/ros2_ws/install/flex_nav_pure_pursuit:/opt/ros/humble /usr/bin/cmake /home/ali/kiosk_toolbox/src/rf2o_laser_odometry -DCMAKE_INSTALL_PREFIX=/home/ali/kiosk_toolbox/install/rf2o_laser_odometry
[4.477s] Invoking command in '/home/ali/kiosk_toolbox/build/rf2o_laser_odometry': CMAKE_PREFIX_PATH=${CMAKE_PREFIX_PATH}:/home/ali/ros2_ws/install/flexbe_onboard:/home/ali/ros2_ws/install/flexbe_states:/home/ali/ros2_ws/install/flexbe_mirror:/home/ali/ros2_ws/install/flexbe_input:/home/ali/ros2_ws/install/flex_bt_flexbe_states:/home/ali/ros2_ws/install/flexbe_core:/home/ali/ros2_ws/install/flex_nav_pure_pursuit:/opt/ros/humble /usr/bin/cmake --build /home/ali/kiosk_toolbox/build/rf2o_laser_odometry -- -j16 -l16
[4.817s] [ 20%] [32mBuilding CXX object CMakeFiles/rf2o_laser_odometry_node.dir/src/CLaserOdometry2DNode.cpp.o[0m
[4.817s] [ 40%] [32mBuilding CXX object CMakeFiles/rf2o_laser_odometry_node.dir/src/CLaserOdometry2D.cpp.o[0m
[4.817s] [ 60%] [32mBuilding CXX object CMakeFiles/rf2o_laser_odometry.dir/src/CLaserOdometry2D.cpp.o[0m
[32.305s] [ 80%] [32m[1mLinking CXX executable rf2o_laser_odometry_node[0m
[33.296s] [ 80%] Built target rf2o_laser_odometry_node
[34.258s] [100%] [32m[1mLinking CXX static library librf2o_laser_odometry.a[0m
[34.431s] [100%] Built target rf2o_laser_odometry
[34.445s] Invoked command in '/home/ali/kiosk_toolbox/build/rf2o_laser_odometry' returned '0': CMAKE_PREFIX_PATH=${CMAKE_PREFIX_PATH}:/home/ali/ros2_ws/install/flexbe_onboard:/home/ali/ros2_ws/install/flexbe_states:/home/ali/ros2_ws/install/flexbe_mirror:/home/ali/ros2_ws/install/flexbe_input:/home/ali/ros2_ws/install/flex_bt_flexbe_states:/home/ali/ros2_ws/install/flexbe_core:/home/ali/ros2_ws/install/flex_nav_pure_pursuit:/opt/ros/humble /usr/bin/cmake --build /home/ali/kiosk_toolbox/build/rf2o_laser_odometry -- -j16 -l16
[34.447s] Invoking command in '/home/ali/kiosk_toolbox/build/rf2o_laser_odometry': CMAKE_PREFIX_PATH=${CMAKE_PREFIX_PATH}:/home/ali/ros2_ws/install/flexbe_onboard:/home/ali/ros2_ws/install/flexbe_states:/home/ali/ros2_ws/install/flexbe_mirror:/home/ali/ros2_ws/install/flexbe_input:/home/ali/ros2_ws/install/flex_bt_flexbe_states:/home/ali/ros2_ws/install/flexbe_core:/home/ali/ros2_ws/install/flex_nav_pure_pursuit:/opt/ros/humble /usr/bin/cmake --install /home/ali/kiosk_toolbox/build/rf2o_laser_odometry
[34.456s] -- Install configuration: ""
[34.456s] -- Installing: /home/ali/kiosk_toolbox/install/rf2o_laser_odometry/lib/rf2o_laser_odometry/rf2o_laser_odometry_node
[34.461s] -- Set runtime path of "/home/ali/kiosk_toolbox/install/rf2o_laser_odometry/lib/rf2o_laser_odometry/rf2o_laser_odometry_node" to ""
[34.461s] -- Installing: /home/ali/kiosk_toolbox/install/rf2o_laser_odometry/share/rf2o_laser_odometry/launch
[34.461s] -- Installing: /home/ali/kiosk_toolbox/install/rf2o_laser_odometry/share/rf2o_laser_odometry/launch/rf2o_laser_odometry.launch.py
[34.461s] -- Installing: /home/ali/kiosk_toolbox/install/rf2o_laser_odometry/share/ament_index/resource_index/package_run_dependencies/rf2o_laser_odometry
[34.462s] -- Installing: /home/ali/kiosk_toolbox/install/rf2o_laser_odometry/share/ament_index/resource_index/parent_prefix_path/rf2o_laser_odometry
[34.462s] -- Installing: /home/ali/kiosk_toolbox/install/rf2o_laser_odometry/share/rf2o_laser_odometry/environment/ament_prefix_path.sh
[34.462s] -- Installing: /home/ali/kiosk_toolbox/install/rf2o_laser_odometry/share/rf2o_laser_odometry/environment/ament_prefix_path.dsv
[34.462s] -- Installing: /home/ali/kiosk_toolbox/install/rf2o_laser_odometry/share/rf2o_laser_odometry/environment/path.sh
[34.462s] -- Installing: /home/ali/kiosk_toolbox/install/rf2o_laser_odometry/share/rf2o_laser_odometry/environment/path.dsv
[34.462s] -- Installing: /home/ali/kiosk_toolbox/install/rf2o_laser_odometry/share/rf2o_laser_odometry/local_setup.bash
[34.462s] -- Installing: /home/ali/kiosk_toolbox/install/rf2o_laser_odometry/share/rf2o_laser_odometry/local_setup.sh
[34.462s] -- Installing: /home/ali/kiosk_toolbox/install/rf2o_laser_odometry/share/rf2o_laser_odometry/local_setup.zsh
[34.462s] -- Installing: /home/ali/kiosk_toolbox/install/rf2o_laser_odometry/share/rf2o_laser_odometry/local_setup.dsv
[34.462s] -- Installing: /home/ali/kiosk_toolbox/install/rf2o_laser_odometry/share/rf2o_laser_odometry/package.dsv
[34.462s] -- Installing: /home/ali/kiosk_toolbox/install/rf2o_laser_odometry/share/ament_index/resource_index/packages/rf2o_laser_odometry
[34.462s] -- Installing: /home/ali/kiosk_toolbox/install/rf2o_laser_odometry/share/rf2o_laser_odometry/cmake/rf2o_laser_odometryConfig.cmake
[34.462s] -- Installing: /home/ali/kiosk_toolbox/install/rf2o_laser_odometry/share/rf2o_laser_odometry/cmake/rf2o_laser_odometryConfig-version.cmake
[34.462s] -- Installing: /home/ali/kiosk_toolbox/install/rf2o_laser_odometry/share/rf2o_laser_odometry/package.xml
[34.463s] Invoked command in '/home/ali/kiosk_toolbox/build/rf2o_laser_odometry' returned '0': CMAKE_PREFIX_PATH=${CMAKE_PREFIX_PATH}:/home/ali/ros2_ws/install/flexbe_onboard:/home/ali/ros2_ws/install/flexbe_states:/home/ali/ros2_ws/install/flexbe_mirror:/home/ali/ros2_ws/install/flexbe_input:/home/ali/ros2_ws/install/flex_bt_flexbe_states:/home/ali/ros2_ws/install/flexbe_core:/home/ali/ros2_ws/install/flex_nav_pure_pursuit:/opt/ros/humble /usr/bin/cmake --install /home/ali/kiosk_toolbox/build/rf2o_laser_odometry
