[1.875s] Invoking command in '/home/ali/kiosk_toolbox/build/tortoisebot_imu': CMAKE_PREFIX_PATH=${CMAKE_PREFIX_PATH}:/home/ali/kiosk_toolbox/install/tortoisebot_control:/home/ali/kiosk_toolbox/install/odometry_calculator:/home/ali/kiosk_toolbox/install/bno055:/home/ali/kiosk_toolbox/install/ali_rob:/home/ali/ros2_ws/install/flexbe_onboard:/home/ali/ros2_ws/install/flexbe_states:/home/ali/ros2_ws/install/flexbe_mirror:/home/ali/ros2_ws/install/flexbe_input:/home/ali/ros2_ws/install/flex_bt_flexbe_states:/home/ali/ros2_ws/install/flexbe_core:/home/ali/ros2_ws/install/flex_nav_pure_pursuit:/opt/ros/humble /usr/bin/cmake --build /home/ali/kiosk_toolbox/build/tortoisebot_imu -- -j16 -l16
[2.030s] Invoked command in '/home/ali/kiosk_toolbox/build/tortoisebot_imu' returned '0': CMAKE_PREFIX_PATH=${CMAKE_PREFIX_PATH}:/home/ali/kiosk_toolbox/install/tortoisebot_control:/home/ali/kiosk_toolbox/install/odometry_calculator:/home/ali/kiosk_toolbox/install/bno055:/home/ali/kiosk_toolbox/install/ali_rob:/home/ali/ros2_ws/install/flexbe_onboard:/home/ali/ros2_ws/install/flexbe_states:/home/ali/ros2_ws/install/flexbe_mirror:/home/ali/ros2_ws/install/flexbe_input:/home/ali/ros2_ws/install/flex_bt_flexbe_states:/home/ali/ros2_ws/install/flexbe_core:/home/ali/ros2_ws/install/flex_nav_pure_pursuit:/opt/ros/humble /usr/bin/cmake --build /home/ali/kiosk_toolbox/build/tortoisebot_imu -- -j16 -l16
[2.031s] Invoking command in '/home/ali/kiosk_toolbox/build/tortoisebot_imu': CMAKE_PREFIX_PATH=${CMAKE_PREFIX_PATH}:/home/ali/kiosk_toolbox/install/tortoisebot_control:/home/ali/kiosk_toolbox/install/odometry_calculator:/home/ali/kiosk_toolbox/install/bno055:/home/ali/kiosk_toolbox/install/ali_rob:/home/ali/ros2_ws/install/flexbe_onboard:/home/ali/ros2_ws/install/flexbe_states:/home/ali/ros2_ws/install/flexbe_mirror:/home/ali/ros2_ws/install/flexbe_input:/home/ali/ros2_ws/install/flex_bt_flexbe_states:/home/ali/ros2_ws/install/flexbe_core:/home/ali/ros2_ws/install/flex_nav_pure_pursuit:/opt/ros/humble /usr/bin/cmake --install /home/ali/kiosk_toolbox/build/tortoisebot_imu
[2.117s] -- Install configuration: ""
[2.118s] -- Up-to-date: /home/ali/kiosk_toolbox/install/tortoisebot_imu/lib/tortoisebot_imu/imu_node.py
[2.118s] -- Up-to-date: /home/ali/kiosk_toolbox/install/tortoisebot_imu/share/ament_index/resource_index/package_run_dependencies/tortoisebot_imu
[2.118s] -- Up-to-date: /home/ali/kiosk_toolbox/install/tortoisebot_imu/share/ament_index/resource_index/parent_prefix_path/tortoisebot_imu
[2.118s] -- Up-to-date: /home/ali/kiosk_toolbox/install/tortoisebot_imu/share/tortoisebot_imu/environment/ament_prefix_path.sh
[2.118s] -- Up-to-date: /home/ali/kiosk_toolbox/install/tortoisebot_imu/share/tortoisebot_imu/environment/ament_prefix_path.dsv
[2.118s] -- Up-to-date: /home/ali/kiosk_toolbox/install/tortoisebot_imu/share/tortoisebot_imu/environment/path.sh
[2.118s] -- Up-to-date: /home/ali/kiosk_toolbox/install/tortoisebot_imu/share/tortoisebot_imu/environment/path.dsv
[2.118s] -- Up-to-date: /home/ali/kiosk_toolbox/install/tortoisebot_imu/share/tortoisebot_imu/local_setup.bash
[2.118s] -- Up-to-date: /home/ali/kiosk_toolbox/install/tortoisebot_imu/share/tortoisebot_imu/local_setup.sh
[2.118s] -- Up-to-date: /home/ali/kiosk_toolbox/install/tortoisebot_imu/share/tortoisebot_imu/local_setup.zsh
[2.118s] -- Up-to-date: /home/ali/kiosk_toolbox/install/tortoisebot_imu/share/tortoisebot_imu/local_setup.dsv
[2.118s] -- Installing: /home/ali/kiosk_toolbox/install/tortoisebot_imu/share/tortoisebot_imu/package.dsv
[2.118s] -- Up-to-date: /home/ali/kiosk_toolbox/install/tortoisebot_imu/share/ament_index/resource_index/packages/tortoisebot_imu
[2.118s] -- Up-to-date: /home/ali/kiosk_toolbox/install/tortoisebot_imu/share/tortoisebot_imu/cmake/tortoisebot_imuConfig.cmake
[2.118s] -- Up-to-date: /home/ali/kiosk_toolbox/install/tortoisebot_imu/share/tortoisebot_imu/cmake/tortoisebot_imuConfig-version.cmake
[2.118s] -- Up-to-date: /home/ali/kiosk_toolbox/install/tortoisebot_imu/share/tortoisebot_imu/package.xml
[2.164s] Invoked command in '/home/ali/kiosk_toolbox/build/tortoisebot_imu' returned '0': CMAKE_PREFIX_PATH=${CMAKE_PREFIX_PATH}:/home/ali/kiosk_toolbox/install/tortoisebot_control:/home/ali/kiosk_toolbox/install/odometry_calculator:/home/ali/kiosk_toolbox/install/bno055:/home/ali/kiosk_toolbox/install/ali_rob:/home/ali/ros2_ws/install/flexbe_onboard:/home/ali/ros2_ws/install/flexbe_states:/home/ali/ros2_ws/install/flexbe_mirror:/home/ali/ros2_ws/install/flexbe_input:/home/ali/ros2_ws/install/flex_bt_flexbe_states:/home/ali/ros2_ws/install/flexbe_core:/home/ali/ros2_ws/install/flex_nav_pure_pursuit:/opt/ros/humble /usr/bin/cmake --install /home/ali/kiosk_toolbox/build/tortoisebot_imu
