-- Install configuration: ""
-- Up-to-date: /home/ali/kiosk_toolbox/install/tortoisebot_description/share/tortoisebot_description/launch
-- Up-to-date: /home/ali/kiosk_toolbox/install/tortoisebot_description/share/tortoisebot_description/launch/state_publisher.launch.py
-- Up-to-date: /home/ali/kiosk_toolbox/install/tortoisebot_description/share/tortoisebot_description/launch/display.launch.py
-- Up-to-date: /home/ali/kiosk_toolbox/install/tortoisebot_description/share/tortoisebot_description/models
-- Up-to-date: /home/ali/kiosk_toolbox/install/tortoisebot_description/share/tortoisebot_description/models/meshes
-- Up-to-date: /home/ali/kiosk_toolbox/install/tortoisebot_description/share/tortoisebot_description/models/meshes/castor_wheel.dae
-- Up-to-date: /home/ali/kiosk_toolbox/install/tortoisebot_description/share/tortoisebot_description/models/meshes/base_link.dae
-- Up-to-date: /home/ali/kiosk_toolbox/install/tortoisebot_description/share/tortoisebot_description/models/meshes/camera_holder.dae
-- Up-to-date: /home/ali/kiosk_toolbox/install/tortoisebot_description/share/tortoisebot_description/models/meshes/wheel_right.dae
-- Up-to-date: /home/ali/kiosk_toolbox/install/tortoisebot_description/share/tortoisebot_description/models/meshes/lidar.dae
-- Up-to-date: /home/ali/kiosk_toolbox/install/tortoisebot_description/share/tortoisebot_description/models/meshes/camera_link.dae
-- Up-to-date: /home/ali/kiosk_toolbox/install/tortoisebot_description/share/tortoisebot_description/models/meshes/wheel_left.dae
-- Up-to-date: /home/ali/kiosk_toolbox/install/tortoisebot_description/share/tortoisebot_description/models/.DS_Store
-- Up-to-date: /home/ali/kiosk_toolbox/install/tortoisebot_description/share/tortoisebot_description/models/urdf
-- Up-to-date: /home/ali/kiosk_toolbox/install/tortoisebot_description/share/tortoisebot_description/models/urdf/tortoisebot_simple.gazebo
-- Up-to-date: /home/ali/kiosk_toolbox/install/tortoisebot_description/share/tortoisebot_description/models/urdf/tortoisebot_simple.xacro
-- Up-to-date: /home/ali/kiosk_toolbox/install/tortoisebot_description/share/tortoisebot_description/rviz
-- Up-to-date: /home/ali/kiosk_toolbox/install/tortoisebot_description/share/tortoisebot_description/rviz/tortoisebot_sensor_display.rviz
-- Up-to-date: /home/ali/kiosk_toolbox/install/tortoisebot_description/share/tortoisebot_description/worlds
-- Up-to-date: /home/ali/kiosk_toolbox/install/tortoisebot_description/share/tortoisebot_description/worlds/big_env.sdf
-- Up-to-date: /home/ali/kiosk_toolbox/install/tortoisebot_description/share/ament_index/resource_index/package_run_dependencies/tortoisebot_description
-- Up-to-date: /home/ali/kiosk_toolbox/install/tortoisebot_description/share/ament_index/resource_index/parent_prefix_path/tortoisebot_description
-- Up-to-date: /home/ali/kiosk_toolbox/install/tortoisebot_description/share/tortoisebot_description/environment/ament_prefix_path.sh
-- Up-to-date: /home/ali/kiosk_toolbox/install/tortoisebot_description/share/tortoisebot_description/environment/ament_prefix_path.dsv
-- Up-to-date: /home/ali/kiosk_toolbox/install/tortoisebot_description/share/tortoisebot_description/environment/path.sh
-- Up-to-date: /home/ali/kiosk_toolbox/install/tortoisebot_description/share/tortoisebot_description/environment/path.dsv
-- Up-to-date: /home/ali/kiosk_toolbox/install/tortoisebot_description/share/tortoisebot_description/local_setup.bash
-- Up-to-date: /home/ali/kiosk_toolbox/install/tortoisebot_description/share/tortoisebot_description/local_setup.sh
-- Up-to-date: /home/ali/kiosk_toolbox/install/tortoisebot_description/share/tortoisebot_description/local_setup.zsh
-- Up-to-date: /home/ali/kiosk_toolbox/install/tortoisebot_description/share/tortoisebot_description/local_setup.dsv
-- Installing: /home/ali/kiosk_toolbox/install/tortoisebot_description/share/tortoisebot_description/package.dsv
-- Up-to-date: /home/ali/kiosk_toolbox/install/tortoisebot_description/share/ament_index/resource_index/packages/tortoisebot_description
-- Up-to-date: /home/ali/kiosk_toolbox/install/tortoisebot_description/share/tortoisebot_description/cmake/tortoisebot_descriptionConfig.cmake
-- Up-to-date: /home/ali/kiosk_toolbox/install/tortoisebot_description/share/tortoisebot_description/cmake/tortoisebot_descriptionConfig-version.cmake
-- Up-to-date: /home/ali/kiosk_toolbox/install/tortoisebot_description/share/tortoisebot_description/package.xml
