[1.383s] Invoking command in '/home/ali/kiosk_toolbox/build/tortoisebot_bringup': CMAKE_PREFIX_PATH=${CMAKE_PREFIX_PATH}:/home/ali/kiosk_toolbox/install/tortoisebot_control:/home/ali/kiosk_toolbox/install/odometry_calculator:/home/ali/kiosk_toolbox/install/bno055:/home/ali/kiosk_toolbox/install/ali_rob:/home/ali/ros2_ws/install/flexbe_onboard:/home/ali/ros2_ws/install/flexbe_states:/home/ali/ros2_ws/install/flexbe_mirror:/home/ali/ros2_ws/install/flexbe_input:/home/ali/ros2_ws/install/flex_bt_flexbe_states:/home/ali/ros2_ws/install/flexbe_core:/home/ali/ros2_ws/install/flex_nav_pure_pursuit:/opt/ros/humble /usr/bin/cmake --build /home/ali/kiosk_toolbox/build/tortoisebot_bringup -- -j16 -l16
[1.864s] Invoked command in '/home/ali/kiosk_toolbox/build/tortoisebot_bringup' returned '0': CMAKE_PREFIX_PATH=${CMAKE_PREFIX_PATH}:/home/ali/kiosk_toolbox/install/tortoisebot_control:/home/ali/kiosk_toolbox/install/odometry_calculator:/home/ali/kiosk_toolbox/install/bno055:/home/ali/kiosk_toolbox/install/ali_rob:/home/ali/ros2_ws/install/flexbe_onboard:/home/ali/ros2_ws/install/flexbe_states:/home/ali/ros2_ws/install/flexbe_mirror:/home/ali/ros2_ws/install/flexbe_input:/home/ali/ros2_ws/install/flex_bt_flexbe_states:/home/ali/ros2_ws/install/flexbe_core:/home/ali/ros2_ws/install/flex_nav_pure_pursuit:/opt/ros/humble /usr/bin/cmake --build /home/ali/kiosk_toolbox/build/tortoisebot_bringup -- -j16 -l16
[1.867s] Invoking command in '/home/ali/kiosk_toolbox/build/tortoisebot_bringup': CMAKE_PREFIX_PATH=${CMAKE_PREFIX_PATH}:/home/ali/kiosk_toolbox/install/tortoisebot_control:/home/ali/kiosk_toolbox/install/odometry_calculator:/home/ali/kiosk_toolbox/install/bno055:/home/ali/kiosk_toolbox/install/ali_rob:/home/ali/ros2_ws/install/flexbe_onboard:/home/ali/ros2_ws/install/flexbe_states:/home/ali/ros2_ws/install/flexbe_mirror:/home/ali/ros2_ws/install/flexbe_input:/home/ali/ros2_ws/install/flex_bt_flexbe_states:/home/ali/ros2_ws/install/flexbe_core:/home/ali/ros2_ws/install/flex_nav_pure_pursuit:/opt/ros/humble /usr/bin/cmake --install /home/ali/kiosk_toolbox/build/tortoisebot_bringup
[1.888s] -- Install configuration: ""
[1.888s] -- Up-to-date: /home/ali/kiosk_toolbox/install/tortoisebot_bringup/share/tortoisebot_bringup/launch
[1.888s] -- Up-to-date: /home/ali/kiosk_toolbox/install/tortoisebot_bringup/share/tortoisebot_bringup/launch/autobringup.launch.py
[1.888s] -- Up-to-date: /home/ali/kiosk_toolbox/install/tortoisebot_bringup/share/tortoisebot_bringup/launch/bringup.launch.py
[1.888s] -- Up-to-date: /home/ali/kiosk_toolbox/install/tortoisebot_bringup/share/tortoisebot_bringup/maps
[1.888s] -- Up-to-date: /home/ali/kiosk_toolbox/install/tortoisebot_bringup/share/tortoisebot_bringup/maps/room2.yaml
[1.888s] -- Up-to-date: /home/ali/kiosk_toolbox/install/tortoisebot_bringup/share/tortoisebot_bringup/maps/room2.pgm
[1.888s] -- Up-to-date: /home/ali/kiosk_toolbox/install/tortoisebot_bringup/share/ament_index/resource_index/package_run_dependencies/tortoisebot_bringup
[1.888s] -- Up-to-date: /home/ali/kiosk_toolbox/install/tortoisebot_bringup/share/ament_index/resource_index/parent_prefix_path/tortoisebot_bringup
[1.888s] -- Up-to-date: /home/ali/kiosk_toolbox/install/tortoisebot_bringup/share/tortoisebot_bringup/environment/ament_prefix_path.sh
[1.888s] -- Up-to-date: /home/ali/kiosk_toolbox/install/tortoisebot_bringup/share/tortoisebot_bringup/environment/ament_prefix_path.dsv
[1.888s] -- Up-to-date: /home/ali/kiosk_toolbox/install/tortoisebot_bringup/share/tortoisebot_bringup/environment/path.sh
[1.888s] -- Up-to-date: /home/ali/kiosk_toolbox/install/tortoisebot_bringup/share/tortoisebot_bringup/environment/path.dsv
[1.888s] -- Up-to-date: /home/ali/kiosk_toolbox/install/tortoisebot_bringup/share/tortoisebot_bringup/local_setup.bash
[1.888s] -- Up-to-date: /home/ali/kiosk_toolbox/install/tortoisebot_bringup/share/tortoisebot_bringup/local_setup.sh
[1.888s] -- Up-to-date: /home/ali/kiosk_toolbox/install/tortoisebot_bringup/share/tortoisebot_bringup/local_setup.zsh
[1.888s] -- Up-to-date: /home/ali/kiosk_toolbox/install/tortoisebot_bringup/share/tortoisebot_bringup/local_setup.dsv
[1.888s] -- Installing: /home/ali/kiosk_toolbox/install/tortoisebot_bringup/share/tortoisebot_bringup/package.dsv
[1.889s] -- Up-to-date: /home/ali/kiosk_toolbox/install/tortoisebot_bringup/share/ament_index/resource_index/packages/tortoisebot_bringup
[1.889s] -- Up-to-date: /home/ali/kiosk_toolbox/install/tortoisebot_bringup/share/tortoisebot_bringup/cmake/tortoisebot_bringupConfig.cmake
[1.889s] -- Up-to-date: /home/ali/kiosk_toolbox/install/tortoisebot_bringup/share/tortoisebot_bringup/cmake/tortoisebot_bringupConfig-version.cmake
[1.889s] -- Up-to-date: /home/ali/kiosk_toolbox/install/tortoisebot_bringup/share/tortoisebot_bringup/package.xml
[1.987s] Invoked command in '/home/ali/kiosk_toolbox/build/tortoisebot_bringup' returned '0': CMAKE_PREFIX_PATH=${CMAKE_PREFIX_PATH}:/home/ali/kiosk_toolbox/install/tortoisebot_control:/home/ali/kiosk_toolbox/install/odometry_calculator:/home/ali/kiosk_toolbox/install/bno055:/home/ali/kiosk_toolbox/install/ali_rob:/home/ali/ros2_ws/install/flexbe_onboard:/home/ali/ros2_ws/install/flexbe_states:/home/ali/ros2_ws/install/flexbe_mirror:/home/ali/ros2_ws/install/flexbe_input:/home/ali/ros2_ws/install/flex_bt_flexbe_states:/home/ali/ros2_ws/install/flexbe_core:/home/ali/ros2_ws/install/flex_nav_pure_pursuit:/opt/ros/humble /usr/bin/cmake --install /home/ali/kiosk_toolbox/build/tortoisebot_bringup
