[2.992s] Invoking command in '/home/ali/kiosk_toolbox/src/bno055-main': PYTHONPATH=/home/ali/kiosk_toolbox/build/bno055/prefix_override:/usr/lib/python3/dist-packages/colcon_core/task/python/colcon_distutils_commands:/home/ali/kiosk_toolbox/install/bno055/lib/python3.10/site-packages:${PYTHONPATH} /usr/bin/python3 -W ignore:setup.py install is deprecated -W ignore:easy_install command is deprecated setup.py egg_info --egg-base ../../build/bno055 build --build-base /home/ali/kiosk_toolbox/build/bno055/build install --record /home/ali/kiosk_toolbox/build/bno055/install.log --single-version-externally-managed install_data
[3.507s] running egg_info
[3.529s] writing ../../build/bno055/bno055.egg-info/PKG-INFO
[3.529s] writing dependency_links to ../../build/bno055/bno055.egg-info/dependency_links.txt
[3.530s] writing entry points to ../../build/bno055/bno055.egg-info/entry_points.txt
[3.530s] writing requirements to ../../build/bno055/bno055.egg-info/requires.txt
[3.530s] writing top-level names to ../../build/bno055/bno055.egg-info/top_level.txt
[3.576s] reading manifest file '../../build/bno055/bno055.egg-info/SOURCES.txt'
[3.576s] adding license file 'LICENSE'
[3.576s] adding license file 'AUTHORS'
[3.577s] writing manifest file '../../build/bno055/bno055.egg-info/SOURCES.txt'
[3.577s] running build
[3.577s] running build_py
[3.578s] running install
[3.581s] running install_lib
[3.604s] running install_data
[3.605s] running install_egg_info
[3.627s] removing '/home/ali/kiosk_toolbox/install/bno055/lib/python3.10/site-packages/bno055-0.5.0-py3.10.egg-info' (and everything under it)
[3.628s] Copying ../../build/bno055/bno055.egg-info to /home/ali/kiosk_toolbox/install/bno055/lib/python3.10/site-packages/bno055-0.5.0-py3.10.egg-info
[3.628s] running install_scripts
[3.708s] Installing bno055 script to /home/ali/kiosk_toolbox/install/bno055/lib/bno055
[3.709s] writing list of installed files to '/home/ali/kiosk_toolbox/build/bno055/install.log'
[3.739s] Invoked command in '/home/ali/kiosk_toolbox/src/bno055-main' returned '0': PYTHONPATH=/home/ali/kiosk_toolbox/build/bno055/prefix_override:/usr/lib/python3/dist-packages/colcon_core/task/python/colcon_distutils_commands:/home/ali/kiosk_toolbox/install/bno055/lib/python3.10/site-packages:${PYTHONPATH} /usr/bin/python3 -W ignore:setup.py install is deprecated -W ignore:easy_install command is deprecated setup.py egg_info --egg-base ../../build/bno055 build --build-base /home/ali/kiosk_toolbox/build/bno055/build install --record /home/ali/kiosk_toolbox/build/bno055/install.log --single-version-externally-managed install_data
