[0.116s] Invoking command in '/home/ali/kiosk_toolbox/build/serial': CMAKE_PREFIX_PATH=${CMAKE_PREFIX_PATH}:/home/ali/ros2_ws/install/flexbe_onboard:/home/ali/ros2_ws/install/flexbe_states:/home/ali/ros2_ws/install/flexbe_mirror:/home/ali/ros2_ws/install/flexbe_input:/home/ali/ros2_ws/install/flex_bt_flexbe_states:/home/ali/ros2_ws/install/flexbe_core:/home/ali/ros2_ws/install/flex_nav_pure_pursuit:/opt/ros/humble /usr/bin/cmake /home/ali/kiosk_toolbox/src/serial-ros2-master -DCMAKE_INSTALL_PREFIX=/home/ali/kiosk_toolbox/install/serial
[2.411s] -- The C compiler identification is GNU 12.3.0
[2.411s] -- The CXX compiler identification is GNU 12.3.0
[2.412s] -- Detecting C compiler ABI info
[2.412s] -- Detecting C compiler ABI info - done
[2.412s] -- Check for working C compiler: /usr/lib/ccache/gcc - skipped
[2.412s] -- Detecting C compile features
[2.413s] -- Detecting C compile features - done
[2.413s] -- Detecting CXX compiler ABI info
[2.413s] -- Detecting CXX compiler ABI info - done
[2.413s] -- Check for working CXX compiler: /usr/lib/ccache/g++ - skipped
[2.413s] -- Detecting CXX compile features
[2.413s] -- Detecting CXX compile features - done
[2.413s] -- Found ament_cmake: 1.3.11 (/opt/ros/humble/share/ament_cmake/cmake)
[2.413s] -- Found Python3: /usr/bin/python3 (found version "3.10.12") found components: Interpreter 
[2.413s] -- Configuring done
[2.413s] -- Generating done
[2.413s] -- Build files have been written to: /home/ali/kiosk_toolbox/build/serial
[2.426s] Invoked command in '/home/ali/kiosk_toolbox/build/serial' returned '0': CMAKE_PREFIX_PATH=${CMAKE_PREFIX_PATH}:/home/ali/ros2_ws/install/flexbe_onboard:/home/ali/ros2_ws/install/flexbe_states:/home/ali/ros2_ws/install/flexbe_mirror:/home/ali/ros2_ws/install/flexbe_input:/home/ali/ros2_ws/install/flex_bt_flexbe_states:/home/ali/ros2_ws/install/flexbe_core:/home/ali/ros2_ws/install/flex_nav_pure_pursuit:/opt/ros/humble /usr/bin/cmake /home/ali/kiosk_toolbox/src/serial-ros2-master -DCMAKE_INSTALL_PREFIX=/home/ali/kiosk_toolbox/install/serial
[2.426s] Invoking command in '/home/ali/kiosk_toolbox/build/serial': CMAKE_PREFIX_PATH=${CMAKE_PREFIX_PATH}:/home/ali/ros2_ws/install/flexbe_onboard:/home/ali/ros2_ws/install/flexbe_states:/home/ali/ros2_ws/install/flexbe_mirror:/home/ali/ros2_ws/install/flexbe_input:/home/ali/ros2_ws/install/flex_bt_flexbe_states:/home/ali/ros2_ws/install/flexbe_core:/home/ali/ros2_ws/install/flex_nav_pure_pursuit:/opt/ros/humble /usr/bin/cmake --build /home/ali/kiosk_toolbox/build/serial -- -j16 -l16
[3.456s] [ 25%] [32mBuilding CXX object CMakeFiles/serial.dir/src/impl/unix.cc.o[0m
[3.456s] [ 50%] [32mBuilding CXX object CMakeFiles/serial.dir/src/serial.cc.o[0m
[3.456s] [ 75%] [32mBuilding CXX object CMakeFiles/serial.dir/src/impl/list_ports/list_ports_linux.cc.o[0m
[3.456s] [100%] [32m[1mLinking CXX static library libserial.a[0m
[3.457s] [100%] Built target serial
[3.461s] Invoked command in '/home/ali/kiosk_toolbox/build/serial' returned '0': CMAKE_PREFIX_PATH=${CMAKE_PREFIX_PATH}:/home/ali/ros2_ws/install/flexbe_onboard:/home/ali/ros2_ws/install/flexbe_states:/home/ali/ros2_ws/install/flexbe_mirror:/home/ali/ros2_ws/install/flexbe_input:/home/ali/ros2_ws/install/flex_bt_flexbe_states:/home/ali/ros2_ws/install/flexbe_core:/home/ali/ros2_ws/install/flex_nav_pure_pursuit:/opt/ros/humble /usr/bin/cmake --build /home/ali/kiosk_toolbox/build/serial -- -j16 -l16
[3.471s] Invoking command in '/home/ali/kiosk_toolbox/build/serial': CMAKE_PREFIX_PATH=${CMAKE_PREFIX_PATH}:/home/ali/ros2_ws/install/flexbe_onboard:/home/ali/ros2_ws/install/flexbe_states:/home/ali/ros2_ws/install/flexbe_mirror:/home/ali/ros2_ws/install/flexbe_input:/home/ali/ros2_ws/install/flex_bt_flexbe_states:/home/ali/ros2_ws/install/flexbe_core:/home/ali/ros2_ws/install/flex_nav_pure_pursuit:/opt/ros/humble /usr/bin/cmake --install /home/ali/kiosk_toolbox/build/serial
[4.116s] -- Install configuration: ""
[4.116s] -- Installing: /home/ali/kiosk_toolbox/install/serial/share/serial/environment/library_path.sh
[4.116s] -- Installing: /home/ali/kiosk_toolbox/install/serial/share/serial/environment/library_path.dsv
[4.117s] -- Installing: /home/ali/kiosk_toolbox/install/serial/lib/libserial.a
[4.117s] -- Installing: /home/ali/kiosk_toolbox/install/serial/include/serial/serial.h
[4.117s] -- Installing: /home/ali/kiosk_toolbox/install/serial/include/serial/v8stdint.h
[4.117s] -- Installing: /home/ali/kiosk_toolbox/install/serial/share/ament_index/resource_index/package_run_dependencies/serial
[4.117s] -- Installing: /home/ali/kiosk_toolbox/install/serial/share/ament_index/resource_index/parent_prefix_path/serial
[4.117s] -- Installing: /home/ali/kiosk_toolbox/install/serial/share/serial/environment/ament_prefix_path.sh
[4.117s] -- Installing: /home/ali/kiosk_toolbox/install/serial/share/serial/environment/ament_prefix_path.dsv
[4.117s] -- Installing: /home/ali/kiosk_toolbox/install/serial/share/serial/environment/path.sh
[4.117s] -- Installing: /home/ali/kiosk_toolbox/install/serial/share/serial/environment/path.dsv
[4.117s] -- Installing: /home/ali/kiosk_toolbox/install/serial/share/serial/local_setup.bash
[4.117s] -- Installing: /home/ali/kiosk_toolbox/install/serial/share/serial/local_setup.sh
[4.117s] -- Installing: /home/ali/kiosk_toolbox/install/serial/share/serial/local_setup.zsh
[4.117s] -- Installing: /home/ali/kiosk_toolbox/install/serial/share/serial/local_setup.dsv
[4.118s] -- Installing: /home/ali/kiosk_toolbox/install/serial/share/serial/package.dsv
[4.118s] -- Installing: /home/ali/kiosk_toolbox/install/serial/share/ament_index/resource_index/packages/serial
[4.118s] -- Installing: /home/ali/kiosk_toolbox/install/serial/share/serial/cmake/ament_cmake_export_include_directories-extras.cmake
[4.118s] -- Installing: /home/ali/kiosk_toolbox/install/serial/share/serial/cmake/ament_cmake_export_libraries-extras.cmake
[4.118s] -- Installing: /home/ali/kiosk_toolbox/install/serial/share/serial/cmake/serialConfig.cmake
[4.118s] -- Installing: /home/ali/kiosk_toolbox/install/serial/share/serial/cmake/serialConfig-version.cmake
[4.118s] -- Installing: /home/ali/kiosk_toolbox/install/serial/share/serial/package.xml
[4.123s] Invoked command in '/home/ali/kiosk_toolbox/build/serial' returned '0': CMAKE_PREFIX_PATH=${CMAKE_PREFIX_PATH}:/home/ali/ros2_ws/install/flexbe_onboard:/home/ali/ros2_ws/install/flexbe_states:/home/ali/ros2_ws/install/flexbe_mirror:/home/ali/ros2_ws/install/flexbe_input:/home/ali/ros2_ws/install/flex_bt_flexbe_states:/home/ali/ros2_ws/install/flexbe_core:/home/ali/ros2_ws/install/flex_nav_pure_pursuit:/opt/ros/humble /usr/bin/cmake --install /home/ali/kiosk_toolbox/build/serial
