[2.318s] Invoking command in '/home/ali/kiosk_toolbox/build/tortoisebot_slam': CMAKE_PREFIX_PATH=${CMAKE_PREFIX_PATH}:/home/ali/ros2_ws/install/flexbe_onboard:/home/ali/ros2_ws/install/flexbe_states:/home/ali/ros2_ws/install/flexbe_mirror:/home/ali/ros2_ws/install/flexbe_input:/home/ali/ros2_ws/install/flex_bt_flexbe_states:/home/ali/ros2_ws/install/flexbe_core:/home/ali/ros2_ws/install/flex_nav_pure_pursuit:/opt/ros/humble /usr/bin/cmake /home/ali/kiosk_toolbox/src/tortoisebot/tortoisebot_slam -DCMAKE_INSTALL_PREFIX=/home/ali/kiosk_toolbox/install/tortoisebot_slam
[2.947s] -- The C compiler identification is GNU 12.3.0
[2.947s] -- The CXX compiler identification is GNU 12.3.0
[2.947s] -- Detecting C compiler ABI info
[2.947s] -- Detecting C compiler ABI info - done
[2.947s] -- Check for working C compiler: /usr/lib/ccache/gcc - skipped
[2.947s] -- Detecting C compile features
[2.947s] -- Detecting C compile features - done
[2.947s] -- Detecting CXX compiler ABI info
[2.947s] -- Detecting CXX compiler ABI info - done
[2.947s] -- Check for working CXX compiler: /usr/lib/ccache/g++ - skipped
[2.947s] -- Detecting CXX compile features
[2.948s] -- Detecting CXX compile features - done
[2.948s] -- Found ament_cmake: 1.3.11 (/opt/ros/humble/share/ament_cmake/cmake)
[3.712s] -- Found Python3: /usr/bin/python3 (found version "3.10.12") found components: Interpreter 
[3.916s] -- Found ament_lint_auto: 0.12.12 (/opt/ros/humble/share/ament_lint_auto/cmake)
[4.112s] -- Added test 'copyright' to check source files copyright and LICENSE
[4.118s] -- Added test 'flake8' to check Python code syntax and style conventions
[4.119s] -- Added test 'lint_cmake' to check CMake code style
[4.119s] -- Added test 'pep257' to check Python code against some of the docstring style conventions in PEP 257
[4.119s] -- Added test 'xmllint' to check XML markup files
[4.125s] -- Configuring done
[4.125s] -- Generating done
[4.126s] -- Build files have been written to: /home/ali/kiosk_toolbox/build/tortoisebot_slam
[4.131s] Invoked command in '/home/ali/kiosk_toolbox/build/tortoisebot_slam' returned '0': CMAKE_PREFIX_PATH=${CMAKE_PREFIX_PATH}:/home/ali/ros2_ws/install/flexbe_onboard:/home/ali/ros2_ws/install/flexbe_states:/home/ali/ros2_ws/install/flexbe_mirror:/home/ali/ros2_ws/install/flexbe_input:/home/ali/ros2_ws/install/flex_bt_flexbe_states:/home/ali/ros2_ws/install/flexbe_core:/home/ali/ros2_ws/install/flex_nav_pure_pursuit:/opt/ros/humble /usr/bin/cmake /home/ali/kiosk_toolbox/src/tortoisebot/tortoisebot_slam -DCMAKE_INSTALL_PREFIX=/home/ali/kiosk_toolbox/install/tortoisebot_slam
[4.137s] Invoking command in '/home/ali/kiosk_toolbox/build/tortoisebot_slam': CMAKE_PREFIX_PATH=${CMAKE_PREFIX_PATH}:/home/ali/ros2_ws/install/flexbe_onboard:/home/ali/ros2_ws/install/flexbe_states:/home/ali/ros2_ws/install/flexbe_mirror:/home/ali/ros2_ws/install/flexbe_input:/home/ali/ros2_ws/install/flex_bt_flexbe_states:/home/ali/ros2_ws/install/flexbe_core:/home/ali/ros2_ws/install/flex_nav_pure_pursuit:/opt/ros/humble /usr/bin/cmake --build /home/ali/kiosk_toolbox/build/tortoisebot_slam -- -j16 -l16
[4.763s] Invoked command in '/home/ali/kiosk_toolbox/build/tortoisebot_slam' returned '0': CMAKE_PREFIX_PATH=${CMAKE_PREFIX_PATH}:/home/ali/ros2_ws/install/flexbe_onboard:/home/ali/ros2_ws/install/flexbe_states:/home/ali/ros2_ws/install/flexbe_mirror:/home/ali/ros2_ws/install/flexbe_input:/home/ali/ros2_ws/install/flex_bt_flexbe_states:/home/ali/ros2_ws/install/flexbe_core:/home/ali/ros2_ws/install/flex_nav_pure_pursuit:/opt/ros/humble /usr/bin/cmake --build /home/ali/kiosk_toolbox/build/tortoisebot_slam -- -j16 -l16
[4.772s] Invoking command in '/home/ali/kiosk_toolbox/build/tortoisebot_slam': CMAKE_PREFIX_PATH=${CMAKE_PREFIX_PATH}:/home/ali/ros2_ws/install/flexbe_onboard:/home/ali/ros2_ws/install/flexbe_states:/home/ali/ros2_ws/install/flexbe_mirror:/home/ali/ros2_ws/install/flexbe_input:/home/ali/ros2_ws/install/flex_bt_flexbe_states:/home/ali/ros2_ws/install/flexbe_core:/home/ali/ros2_ws/install/flex_nav_pure_pursuit:/opt/ros/humble /usr/bin/cmake --install /home/ali/kiosk_toolbox/build/tortoisebot_slam
[4.944s] -- Install configuration: ""
[4.944s] -- Installing: /home/ali/kiosk_toolbox/install/tortoisebot_slam/share/tortoisebot_slam/launch
[4.945s] -- Installing: /home/ali/kiosk_toolbox/install/tortoisebot_slam/share/tortoisebot_slam/launch/cartographer.launch.py
[4.945s] -- Installing: /home/ali/kiosk_toolbox/install/tortoisebot_slam/share/tortoisebot_slam/config
[4.945s] -- Installing: /home/ali/kiosk_toolbox/install/tortoisebot_slam/share/tortoisebot_slam/config/slam.lua
[4.945s] -- Installing: /home/ali/kiosk_toolbox/install/tortoisebot_slam/share/tortoisebot_slam/config/ekf.yaml
[4.963s] -- Installing: /home/ali/kiosk_toolbox/install/tortoisebot_slam/share/ament_index/resource_index/package_run_dependencies/tortoisebot_slam
[4.963s] -- Installing: /home/ali/kiosk_toolbox/install/tortoisebot_slam/share/ament_index/resource_index/parent_prefix_path/tortoisebot_slam
[4.963s] -- Installing: /home/ali/kiosk_toolbox/install/tortoisebot_slam/share/tortoisebot_slam/environment/ament_prefix_path.sh
[4.963s] -- Installing: /home/ali/kiosk_toolbox/install/tortoisebot_slam/share/tortoisebot_slam/environment/ament_prefix_path.dsv
[4.963s] -- Installing: /home/ali/kiosk_toolbox/install/tortoisebot_slam/share/tortoisebot_slam/environment/path.sh
[4.964s] -- Installing: /home/ali/kiosk_toolbox/install/tortoisebot_slam/share/tortoisebot_slam/environment/path.dsv
[4.964s] -- Installing: /home/ali/kiosk_toolbox/install/tortoisebot_slam/share/tortoisebot_slam/local_setup.bash
[4.964s] -- Installing: /home/ali/kiosk_toolbox/install/tortoisebot_slam/share/tortoisebot_slam/local_setup.sh
[4.964s] -- Installing: /home/ali/kiosk_toolbox/install/tortoisebot_slam/share/tortoisebot_slam/local_setup.zsh
[4.964s] -- Installing: /home/ali/kiosk_toolbox/install/tortoisebot_slam/share/tortoisebot_slam/local_setup.dsv
[4.964s] -- Installing: /home/ali/kiosk_toolbox/install/tortoisebot_slam/share/tortoisebot_slam/package.dsv
[4.964s] -- Installing: /home/ali/kiosk_toolbox/install/tortoisebot_slam/share/ament_index/resource_index/packages/tortoisebot_slam
[4.964s] -- Installing: /home/ali/kiosk_toolbox/install/tortoisebot_slam/share/tortoisebot_slam/cmake/tortoisebot_slamConfig.cmake
[4.964s] -- Installing: /home/ali/kiosk_toolbox/install/tortoisebot_slam/share/tortoisebot_slam/cmake/tortoisebot_slamConfig-version.cmake
[4.964s] -- Installing: /home/ali/kiosk_toolbox/install/tortoisebot_slam/share/tortoisebot_slam/package.xml
[4.965s] Invoked command in '/home/ali/kiosk_toolbox/build/tortoisebot_slam' returned '0': CMAKE_PREFIX_PATH=${CMAKE_PREFIX_PATH}:/home/ali/ros2_ws/install/flexbe_onboard:/home/ali/ros2_ws/install/flexbe_states:/home/ali/ros2_ws/install/flexbe_mirror:/home/ali/ros2_ws/install/flexbe_input:/home/ali/ros2_ws/install/flex_bt_flexbe_states:/home/ali/ros2_ws/install/flexbe_core:/home/ali/ros2_ws/install/flex_nav_pure_pursuit:/opt/ros/humble /usr/bin/cmake --install /home/ali/kiosk_toolbox/build/tortoisebot_slam
