[1.388s] Invoking command in '/home/ali/kiosk_toolbox/build/rplidar_ros': CMAKE_PREFIX_PATH=${CMAKE_PREFIX_PATH}:/home/ali/kiosk_toolbox/install/tortoisebot_control:/home/ali/kiosk_toolbox/install/odometry_calculator:/home/ali/kiosk_toolbox/install/bno055:/home/ali/kiosk_toolbox/install/ali_rob:/home/ali/ros2_ws/install/flexbe_onboard:/home/ali/ros2_ws/install/flexbe_states:/home/ali/ros2_ws/install/flexbe_mirror:/home/ali/ros2_ws/install/flexbe_input:/home/ali/ros2_ws/install/flex_bt_flexbe_states:/home/ali/ros2_ws/install/flexbe_core:/home/ali/ros2_ws/install/flex_nav_pure_pursuit:/opt/ros/humble /usr/bin/cmake --build /home/ali/kiosk_toolbox/build/rplidar_ros -- -j16 -l16
[1.840s] [ 47%] Built target rplidar_composition
[1.840s] [ 52%] Built target rplidar_client
[1.840s] [100%] Built target rplidar_node
[1.881s] Invoked command in '/home/ali/kiosk_toolbox/build/rplidar_ros' returned '0': CMAKE_PREFIX_PATH=${CMAKE_PREFIX_PATH}:/home/ali/kiosk_toolbox/install/tortoisebot_control:/home/ali/kiosk_toolbox/install/odometry_calculator:/home/ali/kiosk_toolbox/install/bno055:/home/ali/kiosk_toolbox/install/ali_rob:/home/ali/ros2_ws/install/flexbe_onboard:/home/ali/ros2_ws/install/flexbe_states:/home/ali/ros2_ws/install/flexbe_mirror:/home/ali/ros2_ws/install/flexbe_input:/home/ali/ros2_ws/install/flex_bt_flexbe_states:/home/ali/ros2_ws/install/flexbe_core:/home/ali/ros2_ws/install/flex_nav_pure_pursuit:/opt/ros/humble /usr/bin/cmake --build /home/ali/kiosk_toolbox/build/rplidar_ros -- -j16 -l16
[1.883s] Invoking command in '/home/ali/kiosk_toolbox/build/rplidar_ros': CMAKE_PREFIX_PATH=${CMAKE_PREFIX_PATH}:/home/ali/kiosk_toolbox/install/tortoisebot_control:/home/ali/kiosk_toolbox/install/odometry_calculator:/home/ali/kiosk_toolbox/install/bno055:/home/ali/kiosk_toolbox/install/ali_rob:/home/ali/ros2_ws/install/flexbe_onboard:/home/ali/ros2_ws/install/flexbe_states:/home/ali/ros2_ws/install/flexbe_mirror:/home/ali/ros2_ws/install/flexbe_input:/home/ali/ros2_ws/install/flex_bt_flexbe_states:/home/ali/ros2_ws/install/flexbe_core:/home/ali/ros2_ws/install/flex_nav_pure_pursuit:/opt/ros/humble /usr/bin/cmake --install /home/ali/kiosk_toolbox/build/rplidar_ros
[1.901s] -- Install configuration: ""
[1.901s] -- Up-to-date: /home/ali/kiosk_toolbox/install/rplidar_ros/share/rplidar_ros/launch
[1.901s] -- Up-to-date: /home/ali/kiosk_toolbox/install/rplidar_ros/share/rplidar_ros/launch/view_rplidar_s1_tcp_launch.py
[1.901s] -- Up-to-date: /home/ali/kiosk_toolbox/install/rplidar_ros/share/rplidar_ros/launch/rplidar_s2e_launch.py
[1.902s] -- Up-to-date: /home/ali/kiosk_toolbox/install/rplidar_ros/share/rplidar_ros/launch/rplidar_s1_launch.py
[1.902s] -- Up-to-date: /home/ali/kiosk_toolbox/install/rplidar_ros/share/rplidar_ros/launch/view_rplidar_a3_launch.py
[1.902s] -- Up-to-date: /home/ali/kiosk_toolbox/install/rplidar_ros/share/rplidar_ros/launch/rplidar_c1_launch.py
[1.902s] -- Up-to-date: /home/ali/kiosk_toolbox/install/rplidar_ros/share/rplidar_ros/launch/rplidar_a2m12_launch.py
[1.902s] -- Up-to-date: /home/ali/kiosk_toolbox/install/rplidar_ros/share/rplidar_ros/launch/view_rplidar_s2_launch.py
[1.902s] -- Up-to-date: /home/ali/kiosk_toolbox/install/rplidar_ros/share/rplidar_ros/launch/rplidar_t1_launch.py
[1.902s] -- Up-to-date: /home/ali/kiosk_toolbox/install/rplidar_ros/share/rplidar_ros/launch/rplidar_a2m8_launch.py
[1.902s] -- Up-to-date: /home/ali/kiosk_toolbox/install/rplidar_ros/share/rplidar_ros/launch/view_rplidar_a1_launch.py
[1.902s] -- Up-to-date: /home/ali/kiosk_toolbox/install/rplidar_ros/share/rplidar_ros/launch/view_rplidar_a2m7_launch.py
[1.902s] -- Up-to-date: /home/ali/kiosk_toolbox/install/rplidar_ros/share/rplidar_ros/launch/rplidar_s2_launch.py
[1.902s] -- Up-to-date: /home/ali/kiosk_toolbox/install/rplidar_ros/share/rplidar_ros/launch/view_rplidar_a2m8_launch.py
[1.902s] -- Up-to-date: /home/ali/kiosk_toolbox/install/rplidar_ros/share/rplidar_ros/launch/rplidar_a3_launch.py
[1.903s] -- Up-to-date: /home/ali/kiosk_toolbox/install/rplidar_ros/share/rplidar_ros/launch/view_rplidar_s3_launch.py
[1.903s] -- Up-to-date: /home/ali/kiosk_toolbox/install/rplidar_ros/share/rplidar_ros/launch/view_rplidar_s1_launch.py
[1.903s] -- Up-to-date: /home/ali/kiosk_toolbox/install/rplidar_ros/share/rplidar_ros/launch/rplidar_a1_launch.py
[1.903s] -- Up-to-date: /home/ali/kiosk_toolbox/install/rplidar_ros/share/rplidar_ros/launch/rplidar_a2m7_launch.py
[1.903s] -- Up-to-date: /home/ali/kiosk_toolbox/install/rplidar_ros/share/rplidar_ros/launch/rplidar_s1_tcp_launch.py
[1.903s] -- Up-to-date: /home/ali/kiosk_toolbox/install/rplidar_ros/share/rplidar_ros/launch/view_rplidar_c1_launch.py
[1.903s] -- Up-to-date: /home/ali/kiosk_toolbox/install/rplidar_ros/share/rplidar_ros/launch/rplidar_s3_launch.py
[1.903s] -- Up-to-date: /home/ali/kiosk_toolbox/install/rplidar_ros/share/rplidar_ros/launch/view_rplidar_t1_launch.py
[1.903s] -- Up-to-date: /home/ali/kiosk_toolbox/install/rplidar_ros/share/rplidar_ros/launch/view_rplidar_s2e_launch.py
[1.904s] -- Up-to-date: /home/ali/kiosk_toolbox/install/rplidar_ros/share/rplidar_ros/launch/view_rplidar_a2m12_launch.py
[1.904s] -- Up-to-date: /home/ali/kiosk_toolbox/install/rplidar_ros/share/rplidar_ros/rviz
[1.904s] -- Up-to-date: /home/ali/kiosk_toolbox/install/rplidar_ros/share/rplidar_ros/rviz/rplidar_ros.rviz
[1.904s] -- Up-to-date: /home/ali/kiosk_toolbox/install/rplidar_ros/lib/rplidar_ros/rplidar_node
[1.904s] -- Up-to-date: /home/ali/kiosk_toolbox/install/rplidar_ros/lib/rplidar_ros/rplidar_composition
[1.904s] -- Up-to-date: /home/ali/kiosk_toolbox/install/rplidar_ros/lib/rplidar_ros/rplidar_client
[1.904s] -- Up-to-date: /home/ali/kiosk_toolbox/install/rplidar_ros/share/ament_index/resource_index/package_run_dependencies/rplidar_ros
[1.904s] -- Up-to-date: /home/ali/kiosk_toolbox/install/rplidar_ros/share/ament_index/resource_index/parent_prefix_path/rplidar_ros
[1.904s] -- Up-to-date: /home/ali/kiosk_toolbox/install/rplidar_ros/share/rplidar_ros/environment/ament_prefix_path.sh
[1.905s] -- Up-to-date: /home/ali/kiosk_toolbox/install/rplidar_ros/share/rplidar_ros/environment/ament_prefix_path.dsv
[1.905s] -- Up-to-date: /home/ali/kiosk_toolbox/install/rplidar_ros/share/rplidar_ros/environment/path.sh
[1.905s] -- Up-to-date: /home/ali/kiosk_toolbox/install/rplidar_ros/share/rplidar_ros/environment/path.dsv
[1.905s] -- Up-to-date: /home/ali/kiosk_toolbox/install/rplidar_ros/share/rplidar_ros/local_setup.bash
[1.905s] -- Up-to-date: /home/ali/kiosk_toolbox/install/rplidar_ros/share/rplidar_ros/local_setup.sh
[1.908s] -- Up-to-date: /home/ali/kiosk_toolbox/install/rplidar_ros/share/rplidar_ros/local_setup.zsh
[1.908s] -- Up-to-date: /home/ali/kiosk_toolbox/install/rplidar_ros/share/rplidar_ros/local_setup.dsv
[1.908s] -- Installing: /home/ali/kiosk_toolbox/install/rplidar_ros/share/rplidar_ros/package.dsv
[1.908s] -- Up-to-date: /home/ali/kiosk_toolbox/install/rplidar_ros/share/ament_index/resource_index/packages/rplidar_ros
[1.908s] -- Up-to-date: /home/ali/kiosk_toolbox/install/rplidar_ros/share/rplidar_ros/cmake/ament_cmake_export_dependencies-extras.cmake
[1.908s] -- Up-to-date: /home/ali/kiosk_toolbox/install/rplidar_ros/share/rplidar_ros/cmake/ament_cmake_export_include_directories-extras.cmake
[1.908s] -- Up-to-date: /home/ali/kiosk_toolbox/install/rplidar_ros/share/rplidar_ros/cmake/rplidar_rosConfig.cmake
[1.908s] -- Up-to-date: /home/ali/kiosk_toolbox/install/rplidar_ros/share/rplidar_ros/cmake/rplidar_rosConfig-version.cmake
[1.908s] -- Up-to-date: /home/ali/kiosk_toolbox/install/rplidar_ros/share/rplidar_ros/package.xml
[2.045s] Invoked command in '/home/ali/kiosk_toolbox/build/rplidar_ros' returned '0': CMAKE_PREFIX_PATH=${CMAKE_PREFIX_PATH}:/home/ali/kiosk_toolbox/install/tortoisebot_control:/home/ali/kiosk_toolbox/install/odometry_calculator:/home/ali/kiosk_toolbox/install/bno055:/home/ali/kiosk_toolbox/install/ali_rob:/home/ali/ros2_ws/install/flexbe_onboard:/home/ali/ros2_ws/install/flexbe_states:/home/ali/ros2_ws/install/flexbe_mirror:/home/ali/ros2_ws/install/flexbe_input:/home/ali/ros2_ws/install/flex_bt_flexbe_states:/home/ali/ros2_ws/install/flexbe_core:/home/ali/ros2_ws/install/flex_nav_pure_pursuit:/opt/ros/humble /usr/bin/cmake --install /home/ali/kiosk_toolbox/build/rplidar_ros
