[2.308s] Invoking command in '/home/ali/kiosk_toolbox/build/tortoisebot_navigation': CMAKE_PREFIX_PATH=${CMAKE_PREFIX_PATH}:/home/ali/ros2_ws/install/flexbe_onboard:/home/ali/ros2_ws/install/flexbe_states:/home/ali/ros2_ws/install/flexbe_mirror:/home/ali/ros2_ws/install/flexbe_input:/home/ali/ros2_ws/install/flex_bt_flexbe_states:/home/ali/ros2_ws/install/flexbe_core:/home/ali/ros2_ws/install/flex_nav_pure_pursuit:/opt/ros/humble /usr/bin/cmake /home/ali/kiosk_toolbox/src/tortoisebot/tortoisebot_navigation -DCMAKE_INSTALL_PREFIX=/home/ali/kiosk_toolbox/install/tortoisebot_navigation
[2.377s] -- The C compiler identification is GNU 12.3.0
[2.465s] -- The CXX compiler identification is GNU 12.3.0
[2.477s] -- Detecting C compiler ABI info
[2.570s] -- Detecting C compiler ABI info - done
[2.579s] -- Check for working C compiler: /usr/lib/ccache/gcc - skipped
[2.580s] -- Detecting C compile features
[2.580s] -- Detecting C compile features - done
[2.583s] -- Detecting CXX compiler ABI info
[2.667s] -- Detecting CXX compiler ABI info - done
[2.676s] -- Check for working CXX compiler: /usr/lib/ccache/g++ - skipped
[2.676s] -- Detecting CXX compile features
[2.676s] -- Detecting CXX compile features - done
[2.686s] -- Found ament_cmake: 1.3.11 (/opt/ros/humble/share/ament_cmake/cmake)
[3.975s] -- Found Python3: /usr/bin/python3 (found version "3.10.12") found components: Interpreter 
[4.194s] -- Found ament_lint_auto: 0.12.12 (/opt/ros/humble/share/ament_lint_auto/cmake)
[4.716s] -- Added test 'copyright' to check source files copyright and LICENSE
[4.722s] -- Added test 'flake8' to check Python code syntax and style conventions
[4.722s] -- Added test 'lint_cmake' to check CMake code style
[4.727s] -- Added test 'pep257' to check Python code against some of the docstring style conventions in PEP 257
[4.736s] -- Added test 'xmllint' to check XML markup files
[4.736s] -- Configuring done
[4.747s] -- Generating done
[4.753s] -- Build files have been written to: /home/ali/kiosk_toolbox/build/tortoisebot_navigation
[4.789s] Invoked command in '/home/ali/kiosk_toolbox/build/tortoisebot_navigation' returned '0': CMAKE_PREFIX_PATH=${CMAKE_PREFIX_PATH}:/home/ali/ros2_ws/install/flexbe_onboard:/home/ali/ros2_ws/install/flexbe_states:/home/ali/ros2_ws/install/flexbe_mirror:/home/ali/ros2_ws/install/flexbe_input:/home/ali/ros2_ws/install/flex_bt_flexbe_states:/home/ali/ros2_ws/install/flexbe_core:/home/ali/ros2_ws/install/flex_nav_pure_pursuit:/opt/ros/humble /usr/bin/cmake /home/ali/kiosk_toolbox/src/tortoisebot/tortoisebot_navigation -DCMAKE_INSTALL_PREFIX=/home/ali/kiosk_toolbox/install/tortoisebot_navigation
[4.798s] Invoking command in '/home/ali/kiosk_toolbox/build/tortoisebot_navigation': CMAKE_PREFIX_PATH=${CMAKE_PREFIX_PATH}:/home/ali/ros2_ws/install/flexbe_onboard:/home/ali/ros2_ws/install/flexbe_states:/home/ali/ros2_ws/install/flexbe_mirror:/home/ali/ros2_ws/install/flexbe_input:/home/ali/ros2_ws/install/flex_bt_flexbe_states:/home/ali/ros2_ws/install/flexbe_core:/home/ali/ros2_ws/install/flex_nav_pure_pursuit:/opt/ros/humble /usr/bin/cmake --build /home/ali/kiosk_toolbox/build/tortoisebot_navigation -- -j16 -l16
[5.001s] Invoked command in '/home/ali/kiosk_toolbox/build/tortoisebot_navigation' returned '0': CMAKE_PREFIX_PATH=${CMAKE_PREFIX_PATH}:/home/ali/ros2_ws/install/flexbe_onboard:/home/ali/ros2_ws/install/flexbe_states:/home/ali/ros2_ws/install/flexbe_mirror:/home/ali/ros2_ws/install/flexbe_input:/home/ali/ros2_ws/install/flex_bt_flexbe_states:/home/ali/ros2_ws/install/flexbe_core:/home/ali/ros2_ws/install/flex_nav_pure_pursuit:/opt/ros/humble /usr/bin/cmake --build /home/ali/kiosk_toolbox/build/tortoisebot_navigation -- -j16 -l16
[5.002s] Invoking command in '/home/ali/kiosk_toolbox/build/tortoisebot_navigation': CMAKE_PREFIX_PATH=${CMAKE_PREFIX_PATH}:/home/ali/ros2_ws/install/flexbe_onboard:/home/ali/ros2_ws/install/flexbe_states:/home/ali/ros2_ws/install/flexbe_mirror:/home/ali/ros2_ws/install/flexbe_input:/home/ali/ros2_ws/install/flex_bt_flexbe_states:/home/ali/ros2_ws/install/flexbe_core:/home/ali/ros2_ws/install/flex_nav_pure_pursuit:/opt/ros/humble /usr/bin/cmake --install /home/ali/kiosk_toolbox/build/tortoisebot_navigation
[7.501s] -- Install configuration: ""
[7.501s] -- Installing: /home/ali/kiosk_toolbox/install/tortoisebot_navigation/share/tortoisebot_navigation/launch
[7.501s] -- Installing: /home/ali/kiosk_toolbox/install/tortoisebot_navigation/share/tortoisebot_navigation/launch/navigation.launch.py
[7.501s] -- Installing: /home/ali/kiosk_toolbox/install/tortoisebot_navigation/share/tortoisebot_navigation/config
[7.501s] -- Installing: /home/ali/kiosk_toolbox/install/tortoisebot_navigation/share/tortoisebot_navigation/config/nav2_params_robot.yaml
[7.501s] -- Installing: /home/ali/kiosk_toolbox/install/tortoisebot_navigation/share/tortoisebot_navigation/config/nav2_params_simulation.yaml
[7.501s] -- Installing: /home/ali/kiosk_toolbox/install/tortoisebot_navigation/share/ament_index/resource_index/package_run_dependencies/tortoisebot_navigation
[7.501s] -- Installing: /home/ali/kiosk_toolbox/install/tortoisebot_navigation/share/ament_index/resource_index/parent_prefix_path/tortoisebot_navigation
[7.501s] -- Installing: /home/ali/kiosk_toolbox/install/tortoisebot_navigation/share/tortoisebot_navigation/environment/ament_prefix_path.sh
[7.501s] -- Installing: /home/ali/kiosk_toolbox/install/tortoisebot_navigation/share/tortoisebot_navigation/environment/ament_prefix_path.dsv
[7.502s] -- Installing: /home/ali/kiosk_toolbox/install/tortoisebot_navigation/share/tortoisebot_navigation/environment/path.sh
[7.502s] -- Installing: /home/ali/kiosk_toolbox/install/tortoisebot_navigation/share/tortoisebot_navigation/environment/path.dsv
[7.502s] -- Installing: /home/ali/kiosk_toolbox/install/tortoisebot_navigation/share/tortoisebot_navigation/local_setup.bash
[7.502s] -- Installing: /home/ali/kiosk_toolbox/install/tortoisebot_navigation/share/tortoisebot_navigation/local_setup.sh
[7.502s] -- Installing: /home/ali/kiosk_toolbox/install/tortoisebot_navigation/share/tortoisebot_navigation/local_setup.zsh
[7.502s] -- Installing: /home/ali/kiosk_toolbox/install/tortoisebot_navigation/share/tortoisebot_navigation/local_setup.dsv
[7.502s] -- Installing: /home/ali/kiosk_toolbox/install/tortoisebot_navigation/share/tortoisebot_navigation/package.dsv
[7.502s] -- Installing: /home/ali/kiosk_toolbox/install/tortoisebot_navigation/share/ament_index/resource_index/packages/tortoisebot_navigation
[7.502s] -- Installing: /home/ali/kiosk_toolbox/install/tortoisebot_navigation/share/tortoisebot_navigation/cmake/tortoisebot_navigationConfig.cmake
[7.502s] -- Installing: /home/ali/kiosk_toolbox/install/tortoisebot_navigation/share/tortoisebot_navigation/cmake/tortoisebot_navigationConfig-version.cmake
[7.502s] -- Installing: /home/ali/kiosk_toolbox/install/tortoisebot_navigation/share/tortoisebot_navigation/package.xml
[7.639s] Invoked command in '/home/ali/kiosk_toolbox/build/tortoisebot_navigation' returned '0': CMAKE_PREFIX_PATH=${CMAKE_PREFIX_PATH}:/home/ali/ros2_ws/install/flexbe_onboard:/home/ali/ros2_ws/install/flexbe_states:/home/ali/ros2_ws/install/flexbe_mirror:/home/ali/ros2_ws/install/flexbe_input:/home/ali/ros2_ws/install/flex_bt_flexbe_states:/home/ali/ros2_ws/install/flexbe_core:/home/ali/ros2_ws/install/flex_nav_pure_pursuit:/opt/ros/humble /usr/bin/cmake --install /home/ali/kiosk_toolbox/build/tortoisebot_navigation
