[2.318s] Invoking command in '/home/ali/kiosk_toolbox/build/tortoisebot_firmware': CMAKE_PREFIX_PATH=${CMAKE_PREFIX_PATH}:/home/ali/ros2_ws/install/flexbe_onboard:/home/ali/ros2_ws/install/flexbe_states:/home/ali/ros2_ws/install/flexbe_mirror:/home/ali/ros2_ws/install/flexbe_input:/home/ali/ros2_ws/install/flex_bt_flexbe_states:/home/ali/ros2_ws/install/flexbe_core:/home/ali/ros2_ws/install/flex_nav_pure_pursuit:/opt/ros/humble /usr/bin/cmake /home/ali/kiosk_toolbox/src/tortoisebot/tortoisebot_firmware -DCMAKE_INSTALL_PREFIX=/home/ali/kiosk_toolbox/install/tortoisebot_firmware
[2.392s] -- The C compiler identification is GNU 12.3.0
[2.471s] -- The CXX compiler identification is GNU 12.3.0
[2.484s] -- Detecting C compiler ABI info
[2.559s] -- Detecting C compiler ABI info - done
[2.568s] -- Check for working C compiler: /usr/lib/ccache/gcc - skipped
[2.568s] -- Detecting C compile features
[2.568s] -- Detecting C compile features - done
[2.571s] -- Detecting CXX compiler ABI info
[2.655s] -- Detecting CXX compiler ABI info - done
[2.673s] -- Check for working CXX compiler: /usr/lib/ccache/g++ - skipped
[2.678s] -- Detecting CXX compile features
[2.678s] -- Detecting CXX compile features - done
[2.699s] -- Found ament_cmake: 1.3.11 (/opt/ros/humble/share/ament_cmake/cmake)
[4.755s] -- Found Python3: /usr/bin/python3 (found version "3.10.12") found components: Interpreter 
[5.345s] -- Found rclcpp: 16.0.12 (/opt/ros/humble/share/rclcpp/cmake)
[5.679s] -- Found rosidl_generator_c: 3.1.6 (/opt/ros/humble/share/rosidl_generator_c/cmake)
[5.731s] -- Found rosidl_adapter: 3.1.6 (/opt/ros/humble/share/rosidl_adapter/cmake)
[5.806s] -- Found rosidl_generator_cpp: 3.1.6 (/opt/ros/humble/share/rosidl_generator_cpp/cmake)
[5.903s] -- Using all available rosidl_typesupport_c: rosidl_typesupport_fastrtps_c;rosidl_typesupport_introspection_c
[6.006s] -- Using all available rosidl_typesupport_cpp: rosidl_typesupport_fastrtps_cpp;rosidl_typesupport_introspection_cpp
[6.334s] -- Found rmw_implementation_cmake: 6.1.2 (/opt/ros/humble/share/rmw_implementation_cmake/cmake)
[6.363s] -- Found rmw_fastrtps_cpp: 6.2.7 (/opt/ros/humble/share/rmw_fastrtps_cpp/cmake)
[6.755s] -- Found OpenSSL: /usr/lib/x86_64-linux-gnu/libcrypto.so (found version "3.0.2")  
[6.875s] -- Found FastRTPS: /opt/ros/humble/include  
[7.056s] -- Using RMW implementation 'rmw_fastrtps_cpp' as default
[7.165s] -- Looking for pthread.h
[7.403s] -- Looking for pthread.h - found
[7.404s] -- Performing Test CMAKE_HAVE_LIBC_PTHREAD
[7.674s] -- Performing Test CMAKE_HAVE_LIBC_PTHREAD - Success
[7.674s] -- Found Threads: TRUE  
[8.041s] -- Found rclpy: 3.3.16 (/opt/ros/humble/share/rclpy/cmake)
[8.078s] -- Found ament_lint_auto: 0.12.12 (/opt/ros/humble/share/ament_lint_auto/cmake)
[9.002s] -- Added test 'copyright' to check source files copyright and LICENSE
[9.012s] -- Added test 'flake8' to check Python code syntax and style conventions
[9.013s] -- Added test 'lint_cmake' to check CMake code style
[9.014s] -- Added test 'pep257' to check Python code against some of the docstring style conventions in PEP 257
[9.024s] -- Added test 'xmllint' to check XML markup files
[9.030s] -- Configuring done
[9.069s] -- Generating done
[9.069s] -- Build files have been written to: /home/ali/kiosk_toolbox/build/tortoisebot_firmware
[9.135s] Invoked command in '/home/ali/kiosk_toolbox/build/tortoisebot_firmware' returned '0': CMAKE_PREFIX_PATH=${CMAKE_PREFIX_PATH}:/home/ali/ros2_ws/install/flexbe_onboard:/home/ali/ros2_ws/install/flexbe_states:/home/ali/ros2_ws/install/flexbe_mirror:/home/ali/ros2_ws/install/flexbe_input:/home/ali/ros2_ws/install/flex_bt_flexbe_states:/home/ali/ros2_ws/install/flexbe_core:/home/ali/ros2_ws/install/flex_nav_pure_pursuit:/opt/ros/humble /usr/bin/cmake /home/ali/kiosk_toolbox/src/tortoisebot/tortoisebot_firmware -DCMAKE_INSTALL_PREFIX=/home/ali/kiosk_toolbox/install/tortoisebot_firmware
[9.136s] Invoking command in '/home/ali/kiosk_toolbox/build/tortoisebot_firmware': CMAKE_PREFIX_PATH=${CMAKE_PREFIX_PATH}:/home/ali/ros2_ws/install/flexbe_onboard:/home/ali/ros2_ws/install/flexbe_states:/home/ali/ros2_ws/install/flexbe_mirror:/home/ali/ros2_ws/install/flexbe_input:/home/ali/ros2_ws/install/flex_bt_flexbe_states:/home/ali/ros2_ws/install/flexbe_core:/home/ali/ros2_ws/install/flex_nav_pure_pursuit:/opt/ros/humble /usr/bin/cmake --build /home/ali/kiosk_toolbox/build/tortoisebot_firmware -- -j16 -l16
[9.329s] Built target ament_cmake_python_copy_tortoisebot_firmware
[10.611s] running egg_info
[10.615s] creating tortoisebot_firmware.egg-info
[10.696s] writing tortoisebot_firmware.egg-info/PKG-INFO
[10.696s] writing dependency_links to tortoisebot_firmware.egg-info/dependency_links.txt
[10.697s] writing top-level names to tortoisebot_firmware.egg-info/top_level.txt
[10.699s] writing manifest file 'tortoisebot_firmware.egg-info/SOURCES.txt'
[10.838s] reading manifest file 'tortoisebot_firmware.egg-info/SOURCES.txt'
[10.838s] writing manifest file 'tortoisebot_firmware.egg-info/SOURCES.txt'
[10.952s] Built target ament_cmake_python_build_tortoisebot_firmware_egg
[10.973s] Invoked command in '/home/ali/kiosk_toolbox/build/tortoisebot_firmware' returned '0': CMAKE_PREFIX_PATH=${CMAKE_PREFIX_PATH}:/home/ali/ros2_ws/install/flexbe_onboard:/home/ali/ros2_ws/install/flexbe_states:/home/ali/ros2_ws/install/flexbe_mirror:/home/ali/ros2_ws/install/flexbe_input:/home/ali/ros2_ws/install/flex_bt_flexbe_states:/home/ali/ros2_ws/install/flexbe_core:/home/ali/ros2_ws/install/flex_nav_pure_pursuit:/opt/ros/humble /usr/bin/cmake --build /home/ali/kiosk_toolbox/build/tortoisebot_firmware -- -j16 -l16
[10.974s] Invoking command in '/home/ali/kiosk_toolbox/build/tortoisebot_firmware': CMAKE_PREFIX_PATH=${CMAKE_PREFIX_PATH}:/home/ali/ros2_ws/install/flexbe_onboard:/home/ali/ros2_ws/install/flexbe_states:/home/ali/ros2_ws/install/flexbe_mirror:/home/ali/ros2_ws/install/flexbe_input:/home/ali/ros2_ws/install/flex_bt_flexbe_states:/home/ali/ros2_ws/install/flexbe_core:/home/ali/ros2_ws/install/flex_nav_pure_pursuit:/opt/ros/humble /usr/bin/cmake --install /home/ali/kiosk_toolbox/build/tortoisebot_firmware
[10.982s] -- Install configuration: ""
[10.983s] -- Installing: /home/ali/kiosk_toolbox/install/tortoisebot_firmware/share/tortoisebot_firmware/environment/pythonpath.sh
[10.983s] -- Installing: /home/ali/kiosk_toolbox/install/tortoisebot_firmware/share/tortoisebot_firmware/environment/pythonpath.dsv
[10.983s] -- Installing: /home/ali/kiosk_toolbox/install/tortoisebot_firmware/local/lib/python3.10/dist-packages/tortoisebot_firmware-0.0.0-py3.10.egg-info
[10.983s] -- Installing: /home/ali/kiosk_toolbox/install/tortoisebot_firmware/local/lib/python3.10/dist-packages/tortoisebot_firmware-0.0.0-py3.10.egg-info/PKG-INFO
[10.985s] -- Installing: /home/ali/kiosk_toolbox/install/tortoisebot_firmware/local/lib/python3.10/dist-packages/tortoisebot_firmware-0.0.0-py3.10.egg-info/SOURCES.txt
[10.985s] -- Installing: /home/ali/kiosk_toolbox/install/tortoisebot_firmware/local/lib/python3.10/dist-packages/tortoisebot_firmware-0.0.0-py3.10.egg-info/dependency_links.txt
[10.985s] -- Installing: /home/ali/kiosk_toolbox/install/tortoisebot_firmware/local/lib/python3.10/dist-packages/tortoisebot_firmware-0.0.0-py3.10.egg-info/top_level.txt
[10.985s] -- Installing: /home/ali/kiosk_toolbox/install/tortoisebot_firmware/local/lib/python3.10/dist-packages/tortoisebot_firmware
[10.985s] -- Installing: /home/ali/kiosk_toolbox/install/tortoisebot_firmware/local/lib/python3.10/dist-packages/tortoisebot_firmware/__init__.py
[11.089s] Listing '/home/ali/kiosk_toolbox/install/tortoisebot_firmware/local/lib/python3.10/dist-packages/tortoisebot_firmware'...
[11.089s] Compiling '/home/ali/kiosk_toolbox/install/tortoisebot_firmware/local/lib/python3.10/dist-packages/tortoisebot_firmware/__init__.py'...
[11.110s] -- Installing: /home/ali/kiosk_toolbox/install/tortoisebot_firmware/lib/tortoisebot_firmware/differential.py
[11.110s] -- Installing: /home/ali/kiosk_toolbox/install/tortoisebot_firmware/share/ament_index/resource_index/package_run_dependencies/tortoisebot_firmware
[11.112s] -- Installing: /home/ali/kiosk_toolbox/install/tortoisebot_firmware/share/ament_index/resource_index/parent_prefix_path/tortoisebot_firmware
[11.112s] -- Installing: /home/ali/kiosk_toolbox/install/tortoisebot_firmware/share/tortoisebot_firmware/environment/ament_prefix_path.sh
[11.112s] -- Installing: /home/ali/kiosk_toolbox/install/tortoisebot_firmware/share/tortoisebot_firmware/environment/ament_prefix_path.dsv
[11.112s] -- Installing: /home/ali/kiosk_toolbox/install/tortoisebot_firmware/share/tortoisebot_firmware/environment/path.sh
[11.112s] -- Installing: /home/ali/kiosk_toolbox/install/tortoisebot_firmware/share/tortoisebot_firmware/environment/path.dsv
[11.112s] -- Installing: /home/ali/kiosk_toolbox/install/tortoisebot_firmware/share/tortoisebot_firmware/local_setup.bash
[11.112s] -- Installing: /home/ali/kiosk_toolbox/install/tortoisebot_firmware/share/tortoisebot_firmware/local_setup.sh
[11.112s] -- Installing: /home/ali/kiosk_toolbox/install/tortoisebot_firmware/share/tortoisebot_firmware/local_setup.zsh
[11.113s] -- Installing: /home/ali/kiosk_toolbox/install/tortoisebot_firmware/share/tortoisebot_firmware/local_setup.dsv
[11.113s] -- Installing: /home/ali/kiosk_toolbox/install/tortoisebot_firmware/share/tortoisebot_firmware/package.dsv
[11.119s] -- Installing: /home/ali/kiosk_toolbox/install/tortoisebot_firmware/share/ament_index/resource_index/packages/tortoisebot_firmware
[11.119s] -- Installing: /home/ali/kiosk_toolbox/install/tortoisebot_firmware/share/tortoisebot_firmware/cmake/tortoisebot_firmwareConfig.cmake
[11.120s] -- Installing: /home/ali/kiosk_toolbox/install/tortoisebot_firmware/share/tortoisebot_firmware/cmake/tortoisebot_firmwareConfig-version.cmake
[11.120s] -- Installing: /home/ali/kiosk_toolbox/install/tortoisebot_firmware/share/tortoisebot_firmware/package.xml
[11.123s] Invoked command in '/home/ali/kiosk_toolbox/build/tortoisebot_firmware' returned '0': CMAKE_PREFIX_PATH=${CMAKE_PREFIX_PATH}:/home/ali/ros2_ws/install/flexbe_onboard:/home/ali/ros2_ws/install/flexbe_states:/home/ali/ros2_ws/install/flexbe_mirror:/home/ali/ros2_ws/install/flexbe_input:/home/ali/ros2_ws/install/flex_bt_flexbe_states:/home/ali/ros2_ws/install/flexbe_core:/home/ali/ros2_ws/install/flex_nav_pure_pursuit:/opt/ros/humble /usr/bin/cmake --install /home/ali/kiosk_toolbox/build/tortoisebot_firmware
